Watching for file changes with StatReloader
E:\Users\Kamron\Documents\GitHub\course-project-group-3\course_project_group_3\course_project_group_3\settings.py changed, reloading.
Watching for file changes with StatReloader
"GET /accounts/ HTTP/1.1" 200 177228
"GET /static/fonts/dash/Nunito.css HTTP/1.1" 404 1822
"POST /create_deposit_transaction/ HTTP/1.1" 200 34457
"GET /static/fonts/dash/Nunito.css HTTP/1.1" 404 1822
E:\Users\Kamron\Documents\GitHub\course-project-group-3\course_project_group_3\accounts\views.py changed, reloading.
Watching for file changes with StatReloader
"GET /accounts/ HTTP/1.1" 200 177228
"GET /static/fonts/dash/Nunito.css HTTP/1.1" 404 1822
"POST /create_deposit_transaction/ HTTP/1.1" 200 34457
"GET /static/fonts/dash/Nunito.css HTTP/1.1" 404 1822
E:\Users\Kamron\Documents\GitHub\course-project-group-3\course_project_group_3\accounts\views.py changed, reloading.
Watching for file changes with StatReloader
"GET /accounts/ HTTP/1.1" 200 177228
"GET /static/fonts/dash/Nunito.css HTTP/1.1" 404 1822
"POST /create_deposit_transaction/ HTTP/1.1" 200 34457
"GET /static/fonts/dash/Nunito.css HTTP/1.1" 404 1822
E:\Users\Kamron\Documents\GitHub\course-project-group-3\course_project_group_3\accounts\views.py changed, reloading.
Watching for file changes with StatReloader
"GET /accounts/ HTTP/1.1" 200 177228
"GET /static/fonts/dash/Nunito.css HTTP/1.1" 404 1822
"POST /create_deposit_transaction/ HTTP/1.1" 302 0
"GET /accounts/ HTTP/1.1" 200 181798
"GET /static/fonts/dash/Nunito.css HTTP/1.1" 404 1822
E:\Users\Kamron\Documents\GitHub\course-project-group-3\course_project_group_3\accounts\views.py changed, reloading.
Watching for file changes with StatReloader
"GET /accounts/ HTTP/1.1" 200 181626
"GET /static/fonts/dash/Nunito.css HTTP/1.1" 404 1822
"POST /create_deposit_transaction/ HTTP/1.1" 302 0
"GET /accounts/ HTTP/1.1" 200 186389
"GET /static/fonts/dash/Nunito.css HTTP/1.1" 404 1822
"GET /accounts/ HTTP/1.1" 200 186181
"GET /static/fonts/dash/Nunito.css HTTP/1.1" 404 1822
"GET /accounts/ HTTP/1.1" 200 186172
"GET /static/fonts/dash/Nunito.css HTTP/1.1" 404 1822
"GET /accounts/ HTTP/1.1" 200 186157
"GET /static/fonts/dash/Nunito.css HTTP/1.1" 404 1822
"GET /accounts/ HTTP/1.1" 200 186256
"GET /static/fonts/dash/Nunito.css HTTP/1.1" 404 1822
"GET /accounts/ HTTP/1.1" 200 186553
"GET /static/fonts/dash/Nunito.css HTTP/1.1" 404 1822
"GET /accounts/ HTTP/1.1" 200 187000
"GET /static/fonts/dash/Nunito.css HTTP/1.1" 404 1822
E:\Users\Kamron\Documents\GitHub\course-project-group-3\course_project_group_3\accounts\views.py changed, reloading.
Watching for file changes with StatReloader
E:\Users\Kamron\Documents\GitHub\course-project-group-3\course_project_group_3\accounts\views.py changed, reloading.
Watching for file changes with StatReloader
"GET /profile/ HTTP/1.1" 200 31613
"GET /static/fonts/dash/Nunito.css HTTP/1.1" 404 1822
"GET /accounts/ HTTP/1.1" 200 187000
"GET /static/fonts/dash/Nunito.css HTTP/1.1" 404 1822
"POST /create_deposit_transaction/ HTTP/1.1" 302 0
"GET /accounts/ HTTP/1.1" 200 191971
"GET /static/fonts/dash/Nunito.css HTTP/1.1" 404 1822
E:\Users\Kamron\Documents\GitHub\course-project-group-3\course_project_group_3\accounts\views.py changed, reloading.
Watching for file changes with StatReloader
E:\Users\Kamron\Documents\GitHub\course-project-group-3\course_project_group_3\accounts\views.py changed, reloading.
Watching for file changes with StatReloader
"GET /dashboard/ HTTP/1.1" 200 36041
"GET /static/fonts/dash/Nunito.css HTTP/1.1" 404 1822
"GET /accounts/ HTTP/1.1" 200 191799
"GET /static/fonts/dash/Nunito.css HTTP/1.1" 404 1822
"POST /create_deposit_transaction/ HTTP/1.1" 302 0
"GET /accounts/ HTTP/1.1" 200 196770
"GET /static/fonts/dash/Nunito.css HTTP/1.1" 404 1822
E:\Users\Kamron\Documents\GitHub\course-project-group-3\course_project_group_3\accounts\models.py changed, reloading.
Watching for file changes with StatReloader
Watching for file changes with StatReloader
Watching for file changes with StatReloader
C:\Users\curti\Project Management\Heritage Banking\course-project-group-3\course_project_group_3\accounts\urls.py changed, reloading.
Watching for file changes with StatReloader
C:\Users\curti\Project Management\Heritage Banking\course-project-group-3\course_project_group_3\accounts\views.py changed, reloading.
Watching for file changes with StatReloader
C:\Users\curti\Project Management\Heritage Banking\course-project-group-3\course_project_group_3\accounts\views.py changed, reloading.
Watching for file changes with StatReloader
C:\Users\curti\Project Management\Heritage Banking\course-project-group-3\course_project_group_3\accounts\views.py changed, reloading.
Watching for file changes with StatReloader
C:\Users\curti\Project Management\Heritage Banking\course-project-group-3\course_project_group_3\accounts\views.py changed, reloading.
Watching for file changes with StatReloader
C:\Users\curti\Project Management\Heritage Banking\course-project-group-3\course_project_group_3\accounts\views.py changed, reloading.
Watching for file changes with StatReloader
C:\Users\curti\Project Management\Heritage Banking\course-project-group-3\course_project_group_3\accounts\views.py changed, reloading.
Watching for file changes with StatReloader
C:\Users\curti\Project Management\Heritage Banking\course-project-group-3\course_project_group_3\accounts\views.py changed, reloading.
Watching for file changes with StatReloader
C:\Users\curti\Project Management\Heritage Banking\course-project-group-3\course_project_group_3\accounts\views.py changed, reloading.
Watching for file changes with StatReloader
C:\Users\curti\Project Management\Heritage Banking\course-project-group-3\course_project_group_3\accounts\views.py changed, reloading.
Watching for file changes with StatReloader
C:\Users\curti\Project Management\Heritage Banking\course-project-group-3\course_project_group_3\accounts\views.py changed, reloading.
Watching for file changes with StatReloader
C:\Users\curti\Project Management\Heritage Banking\course-project-group-3\course_project_group_3\accounts\views.py changed, reloading.
Watching for file changes with StatReloader
C:\Users\curti\Project Management\Heritage Banking\course-project-group-3\course_project_group_3\accounts\views.py changed, reloading.
Watching for file changes with StatReloader
C:\Users\curti\Project Management\Heritage Banking\course-project-group-3\course_project_group_3\accounts\views.py changed, reloading.
Watching for file changes with StatReloader
C:\Users\curti\Project Management\Heritage Banking\course-project-group-3\course_project_group_3\accounts\views.py changed, reloading.
Watching for file changes with StatReloader
C:\Users\curti\Project Management\Heritage Banking\course-project-group-3\course_project_group_3\accounts\views.py changed, reloading.
Watching for file changes with StatReloader
C:\Users\curti\Project Management\Heritage Banking\course-project-group-3\course_project_group_3\accounts\views.py changed, reloading.
Watching for file changes with StatReloader
C:\Users\curti\Project Management\Heritage Banking\course-project-group-3\course_project_group_3\accounts\views.py changed, reloading.
Watching for file changes with StatReloader
C:\Users\curti\Project Management\Heritage Banking\course-project-group-3\course_project_group_3\accounts\views.py changed, reloading.
Watching for file changes with StatReloader
C:\Users\curti\Project Management\Heritage Banking\course-project-group-3\course_project_group_3\accounts\views.py changed, reloading.
Watching for file changes with StatReloader
C:\Users\curti\Project Management\Heritage Banking\course-project-group-3\course_project_group_3\accounts\views.py changed, reloading.
Watching for file changes with StatReloader
C:\Users\curti\Project Management\Heritage Banking\course-project-group-3\course_project_group_3\accounts\views.py changed, reloading.
Watching for file changes with StatReloader
C:\Users\curti\Project Management\Heritage Banking\course-project-group-3\course_project_group_3\accounts\views.py changed, reloading.
Watching for file changes with StatReloader
C:\Users\curti\Project Management\Heritage Banking\course-project-group-3\course_project_group_3\accounts\views.py changed, reloading.
Watching for file changes with StatReloader
C:\Users\curti\Project Management\Heritage Banking\course-project-group-3\course_project_group_3\accounts\views.py changed, reloading.
Watching for file changes with StatReloader
C:\Users\curti\Project Management\Heritage Banking\course-project-group-3\course_project_group_3\accounts\views.py changed, reloading.
Watching for file changes with StatReloader
C:\Users\curti\Project Management\Heritage Banking\course-project-group-3\course_project_group_3\accounts\views.py changed, reloading.
Watching for file changes with StatReloader
C:\Users\curti\Project Management\Heritage Banking\course-project-group-3\course_project_group_3\accounts\views.py changed, reloading.
Watching for file changes with StatReloader
C:\Users\curti\Project Management\Heritage Banking\course-project-group-3\course_project_group_3\accounts\views.py changed, reloading.
Watching for file changes with StatReloader
C:\Users\curti\Project Management\Heritage Banking\course-project-group-3\course_project_group_3\accounts\views.py changed, reloading.
Watching for file changes with StatReloader
C:\Users\curti\Project Management\Heritage Banking\course-project-group-3\course_project_group_3\accounts\views.py changed, reloading.
Watching for file changes with StatReloader
C:\Users\curti\Project Management\Heritage Banking\course-project-group-3\course_project_group_3\accounts\views.py changed, reloading.
Watching for file changes with StatReloader
C:\Users\curti\Project Management\Heritage Banking\course-project-group-3\course_project_group_3\accounts\views.py changed, reloading.
Watching for file changes with StatReloader
C:\Users\curti\Project Management\Heritage Banking\course-project-group-3\course_project_group_3\accounts\views.py changed, reloading.
Watching for file changes with StatReloader
C:\Users\curti\Project Management\Heritage Banking\course-project-group-3\course_project_group_3\accounts\views.py changed, reloading.
Watching for file changes with StatReloader
C:\Users\curti\Project Management\Heritage Banking\course-project-group-3\course_project_group_3\accounts\views.py changed, reloading.
Watching for file changes with StatReloader
C:\Users\curti\Project Management\Heritage Banking\course-project-group-3\course_project_group_3\accounts\views.py changed, reloading.
Watching for file changes with StatReloader
C:\Users\curti\Project Management\Heritage Banking\course-project-group-3\course_project_group_3\accounts\views.py changed, reloading.
Watching for file changes with StatReloader
C:\Users\curti\Project Management\Heritage Banking\course-project-group-3\course_project_group_3\accounts\views.py changed, reloading.
Watching for file changes with StatReloader
C:\Users\curti\Project Management\Heritage Banking\course-project-group-3\course_project_group_3\accounts\views.py changed, reloading.
Watching for file changes with StatReloader
C:\Users\curti\Project Management\Heritage Banking\course-project-group-3\course_project_group_3\accounts\views.py changed, reloading.
Watching for file changes with StatReloader
C:\Users\curti\Project Management\Heritage Banking\course-project-group-3\course_project_group_3\accounts\views.py changed, reloading.
Watching for file changes with StatReloader
C:\Users\curti\Project Management\Heritage Banking\course-project-group-3\course_project_group_3\accounts\views.py changed, reloading.
Watching for file changes with StatReloader
C:\Users\curti\Project Management\Heritage Banking\course-project-group-3\course_project_group_3\accounts\views.py changed, reloading.
Watching for file changes with StatReloader
Watching for file changes with StatReloader
Watching for file changes with StatReloader
Watching for file changes with StatReloader
Watching for file changes with StatReloader
C:\Users\curti\Project Management\Heritage Banking\course-project-group-3\course_project_group_3\accounts\urls.py changed, reloading.
Watching for file changes with StatReloader
C:\Users\curti\Project Management\Heritage Banking\course-project-group-3\course_project_group_3\accounts\urls.py changed, reloading.
Watching for file changes with StatReloader
C:\Users\curti\Project Management\Heritage Banking\course-project-group-3\course_project_group_3\accounts\urls.py changed, reloading.
Watching for file changes with StatReloader
C:\Users\curti\Project Management\Heritage Banking\course-project-group-3\course_project_group_3\accounts\urls.py changed, reloading.
Watching for file changes with StatReloader
C:\Users\curti\Project Management\Heritage Banking\course-project-group-3\course_project_group_3\accounts\urls.py changed, reloading.
Watching for file changes with StatReloader
C:\Users\curti\Project Management\Heritage Banking\course-project-group-3\course_project_group_3\accounts\urls.py changed, reloading.
Watching for file changes with StatReloader
C:\Users\curti\Project Management\Heritage Banking\course-project-group-3\course_project_group_3\accounts\urls.py changed, reloading.
Watching for file changes with StatReloader
C:\Users\curti\Project Management\Heritage Banking\course-project-group-3\course_project_group_3\accounts\views.py changed, reloading.
Watching for file changes with StatReloader
C:\Users\curti\Project Management\Heritage Banking\course-project-group-3\course_project_group_3\accounts\views.py changed, reloading.
Watching for file changes with StatReloader
C:\Users\curti\Project Management\Heritage Banking\course-project-group-3\course_project_group_3\accounts\views.py changed, reloading.
Watching for file changes with StatReloader
C:\Users\curti\Project Management\Heritage Banking\course-project-group-3\course_project_group_3\accounts\views.py changed, reloading.
Watching for file changes with StatReloader
C:\Users\curti\Project Management\Heritage Banking\course-project-group-3\course_project_group_3\accounts\views.py changed, reloading.
Watching for file changes with StatReloader
C:\Users\curti\Project Management\Heritage Banking\course-project-group-3\course_project_group_3\accounts\views.py changed, reloading.
Watching for file changes with StatReloader
C:\Users\curti\Project Management\Heritage Banking\course-project-group-3\course_project_group_3\accounts\views.py changed, reloading.
Watching for file changes with StatReloader
C:\Users\curti\Project Management\Heritage Banking\course-project-group-3\course_project_group_3\accounts\views.py changed, reloading.
Watching for file changes with StatReloader
C:\Users\curti\Project Management\Heritage Banking\course-project-group-3\course_project_group_3\accounts\views.py changed, reloading.
Watching for file changes with StatReloader
"GET / HTTP/1.1" 200 22573
"GET /static/img/scenery/image1.jpg HTTP/1.1" 404 1825
"GET /static/img/photo-1560472355-536de3962603.jpg HTTP/1.1" 404 1870
"GET /static/main/css/baguetteBox-zoom.min.css HTTP/1.1" 404 1858
"GET /static/img/scenery/image4.jpg HTTP/1.1" 404 1825
"GET /static/img/scenery/image6.jpg HTTP/1.1" 404 1825
"GET /static/img/avatars/avatar1.jpg HTTP/1.1" 404 1828
"GET /static/main/css/bs-theme-overrides.css HTTP/1.1" 200 3280
"GET /static/img/avatars/avatar2.jpg HTTP/1.1" 404 1828
"GET /static/main/bootstrap/css/bootstrap.min.css HTTP/1.1" 200 265323
"GET /static/main/css/vanilla-zoom.min.css HTTP/1.1" 200 629
"GET /static/img/avatars/avatar3.jpg HTTP/1.1" 404 1828
"GET /static/main/js/vanilla-zoom.js HTTP/1.1" 200 3712
"GET /static/main/js/theme.js HTTP/1.1" 200 322
"GET /static/main/js/baguetteBox.min.js HTTP/1.1" 200 9583
Not Found: /favicon.ico
"GET /favicon.ico HTTP/1.1" 404 4653
"GET / HTTP/1.1" 200 22573
"GET /static/main/css/baguetteBox-zoom.min.css HTTP/1.1" 404 1858
"GET /static/img/photo-1560472355-536de3962603.jpg HTTP/1.1" 404 1870
"GET /static/img/scenery/image1.jpg HTTP/1.1" 404 1825
"GET /static/img/scenery/image4.jpg HTTP/1.1" 404 1825
"GET /static/img/scenery/image6.jpg HTTP/1.1" 404 1825
"GET /static/img/avatars/avatar1.jpg HTTP/1.1" 404 1828
"GET /static/img/avatars/avatar3.jpg HTTP/1.1" 404 1828
"GET /static/img/avatars/avatar2.jpg HTTP/1.1" 404 1828
"GET /accounts/ HTTP/1.1" 200 52990
"GET /static/fonts/dash/Nunito.css HTTP/1.1" 404 1822
"GET /static/bs/dash/css/bootstrap.min.css HTTP/1.1" 200 260275
"GET /static/css/dash/global.css HTTP/1.1" 200 406
"GET /static/css/dash/bs-theme-overrides.css HTTP/1.1" 200 1372
"GET /static/css/dash/wallet.css HTTP/1.1" 200 643
"GET /static/js/dash/bs-init.js HTTP/1.1" 200 241
"GET /static/js/dash/theme.js HTTP/1.1" 200 2383
"GET /accounts/ HTTP/1.1" 200 52990
"GET /static/fonts/dash/Nunito.css HTTP/1.1" 404 1822
C:\Users\curti\Project Management\Heritage Banking\course-project-group-3\course_project_group_3\accounts\views.py changed, reloading.
Watching for file changes with StatReloader
C:\Users\curti\Project Management\Heritage Banking\course-project-group-3\course_project_group_3\accounts\views.py changed, reloading.
Watching for file changes with StatReloader
C:\Users\curti\Project Management\Heritage Banking\course-project-group-3\course_project_group_3\accounts\views.py changed, reloading.
Watching for file changes with StatReloader
C:\Users\curti\Project Management\Heritage Banking\course-project-group-3\course_project_group_3\accounts\views.py changed, reloading.
Watching for file changes with StatReloader
C:\Users\curti\Project Management\Heritage Banking\course-project-group-3\course_project_group_3\accounts\views.py changed, reloading.
Watching for file changes with StatReloader
C:\Users\curti\Project Management\Heritage Banking\course-project-group-3\course_project_group_3\accounts\views.py changed, reloading.
Watching for file changes with StatReloader
C:\Users\curti\Project Management\Heritage Banking\course-project-group-3\course_project_group_3\accounts\views.py changed, reloading.
Watching for file changes with StatReloader
C:\Users\curti\Project Management\Heritage Banking\course-project-group-3\course_project_group_3\accounts\views.py changed, reloading.
Watching for file changes with StatReloader
C:\Users\curti\Project Management\Heritage Banking\course-project-group-3\course_project_group_3\accounts\views.py changed, reloading.
Watching for file changes with StatReloader
C:\Users\curti\Project Management\Heritage Banking\course-project-group-3\course_project_group_3\accounts\views.py changed, reloading.
Watching for file changes with StatReloader
C:\Users\curti\Project Management\Heritage Banking\course-project-group-3\course_project_group_3\accounts\views.py changed, reloading.
Watching for file changes with StatReloader
C:\Users\curti\Project Management\Heritage Banking\course-project-group-3\course_project_group_3\accounts\views.py changed, reloading.
Watching for file changes with StatReloader
C:\Users\curti\Project Management\Heritage Banking\course-project-group-3\course_project_group_3\accounts\views.py changed, reloading.
Watching for file changes with StatReloader
"GET / HTTP/1.1" 200 22573
"GET /static/main/bootstrap/css/bootstrap.min.css HTTP/1.1" 304 0
"GET /static/main/css/bs-theme-overrides.css HTTP/1.1" 304 0
"GET /static/main/css/vanilla-zoom.min.css HTTP/1.1" 304 0
"GET /static/img/scenery/image1.jpg HTTP/1.1" 404 1825
"GET /static/main/css/baguetteBox-zoom.min.css HTTP/1.1" 404 1858
"GET /static/img/photo-1560472355-536de3962603.jpg HTTP/1.1" 404 1870
"GET /static/main/js/baguetteBox.min.js HTTP/1.1" 304 0
"GET /static/main/js/vanilla-zoom.js HTTP/1.1" 304 0
"GET /static/img/scenery/image4.jpg HTTP/1.1" 404 1825
"GET /static/img/scenery/image6.jpg HTTP/1.1" 404 1825
"GET /static/main/js/theme.js HTTP/1.1" 304 0
"GET /static/img/avatars/avatar1.jpg HTTP/1.1" 404 1828
"GET /static/img/avatars/avatar2.jpg HTTP/1.1" 404 1828
"GET /static/img/avatars/avatar3.jpg HTTP/1.1" 404 1828
- Broken pipe from ('127.0.0.1', 54378)
"GET /accounts/ HTTP/1.1" 200 52991
"GET /static/fonts/dash/Nunito.css HTTP/1.1" 404 1822
"GET /static/bs/dash/css/bootstrap.min.css HTTP/1.1" 200 260275
"GET /static/css/dash/global.css HTTP/1.1" 200 406
"GET /static/css/dash/wallet.css HTTP/1.1" 200 643
"GET /static/css/dash/bs-theme-overrides.css HTTP/1.1" 200 1372
"GET /static/js/dash/bs-init.js HTTP/1.1" 200 241
"GET /static/js/dash/theme.js HTTP/1.1" 200 2383
Watching for file changes with StatReloader
"GET / HTTP/1.1" 200 22573
"GET /static/main/bootstrap/css/bootstrap.min.css HTTP/1.1" 304 0
"GET /static/main/css/bs-theme-overrides.css HTTP/1.1" 304 0
"GET /static/main/css/vanilla-zoom.min.css HTTP/1.1" 304 0
"GET /static/main/css/baguetteBox-zoom.min.css HTTP/1.1" 404 1858
"GET /static/img/scenery/image1.jpg HTTP/1.1" 404 1825
"GET /static/img/photo-1560472355-536de3962603.jpg HTTP/1.1" 404 1870
"GET /static/img/scenery/image6.jpg HTTP/1.1" 404 1825
"GET /static/img/scenery/image4.jpg HTTP/1.1" 404 1825
"GET /static/main/js/vanilla-zoom.js HTTP/1.1" 304 0
"GET /static/main/js/baguetteBox.min.js HTTP/1.1" 304 0
"GET /static/main/js/theme.js HTTP/1.1" 304 0
"GET /static/img/avatars/avatar1.jpg HTTP/1.1" 404 1828
"GET /static/img/avatars/avatar2.jpg HTTP/1.1" 404 1828
"GET /static/img/avatars/avatar3.jpg HTTP/1.1" 404 1828
Not Found: /favicon.ico
"GET /favicon.ico HTTP/1.1" 404 4653
- Broken pipe from ('127.0.0.1', 56154)
"GET /dashboard/ HTTP/1.1" 200 39675
"GET /static/bs/dash/css/bootstrap.min.css HTTP/1.1" 304 0
"GET /static/css/dash/bs-theme-overrides.css HTTP/1.1" 304 0
"GET /static/fonts/dash/Nunito.css HTTP/1.1" 404 1822
"GET /static/css/dash/global.css HTTP/1.1" 304 0
"GET /static/css/dash/wallet.css HTTP/1.1" 304 0
"GET /static/js/dash/bs-init.js HTTP/1.1" 304 0
"GET /static/js/dash/theme.js HTTP/1.1" 304 0
Internal Server Error: /generate_report/
Traceback (most recent call last):
  File "C:\Users\curti\anaconda3\envs\Django\Lib\site-packages\django\core\handlers\exception.py", line 55, in inner
    response = get_response(request)
               ^^^^^^^^^^^^^^^^^^^^^
  File "C:\Users\curti\anaconda3\envs\Django\Lib\site-packages\django\core\handlers\base.py", line 197, in _get_response
    response = wrapped_callback(request, *callback_args, **callback_kwargs)
               ^^^^^^^^^^^^^^^^^^^^^^^^^^^^^^^^^^^^^^^^^^^^^^^^^^^^^^^^^^^^
  File "C:\Users\curti\anaconda3\envs\Django\Lib\site-packages\django\views\decorators\http.py", line 64, in inner
    return func(request, *args, **kwargs)
           ^^^^^^^^^^^^^^^^^^^^^^^^^^^^^^
  File "C:\Users\curti\Project Management\Heritage Banking\course-project-group-3\course_project_group_3\accounts\views.py", line 133, in generate_report
    return generate_csv_report(request)
           ^^^^^^^^^^^^^^^^^^^^^^^^^^^^
  File "C:\Users\curti\Project Management\Heritage Banking\course-project-group-3\course_project_group_3\accounts\views.py", line 163, in generate_csv_report
    transactions = BankAccount.objects.get(account_number=user_account_number).transactions.all()
                   ^^^^^^^^^^^^^^^^^^^^^^^^^^^^^^^^^^^^^^^^^^^^^^^^^^^^^^^^^^^
  File "C:\Users\curti\anaconda3\envs\Django\Lib\site-packages\django\db\models\manager.py", line 87, in manager_method
    return getattr(self.get_queryset(), name)(*args, **kwargs)
           ^^^^^^^^^^^^^^^^^^^^^^^^^^^^^^^^^^^^^^^^^^^^^^^^^^^
  File "C:\Users\curti\anaconda3\envs\Django\Lib\site-packages\django\db\models\query.py", line 649, in get
    raise self.model.DoesNotExist(
accounts.models.BankAccount.DoesNotExist: BankAccount matching query does not exist.
"POST /generate_report/ HTTP/1.1" 500 95028
C:\Users\curti\Project Management\Heritage Banking\course-project-group-3\course_project_group_3\accounts\views.py changed, reloading.
Watching for file changes with StatReloader
C:\Users\curti\Project Management\Heritage Banking\course-project-group-3\course_project_group_3\accounts\views.py changed, reloading.
Watching for file changes with StatReloader
Internal Server Error: /generate_report/
Traceback (most recent call last):
  File "C:\Users\curti\anaconda3\envs\Django\Lib\site-packages\django\core\handlers\exception.py", line 55, in inner
    response = get_response(request)
               ^^^^^^^^^^^^^^^^^^^^^
  File "C:\Users\curti\anaconda3\envs\Django\Lib\site-packages\django\core\handlers\base.py", line 197, in _get_response
    response = wrapped_callback(request, *callback_args, **callback_kwargs)
               ^^^^^^^^^^^^^^^^^^^^^^^^^^^^^^^^^^^^^^^^^^^^^^^^^^^^^^^^^^^^
  File "C:\Users\curti\anaconda3\envs\Django\Lib\site-packages\django\views\decorators\http.py", line 64, in inner
    return func(request, *args, **kwargs)
           ^^^^^^^^^^^^^^^^^^^^^^^^^^^^^^
  File "C:\Users\curti\Project Management\Heritage Banking\course-project-group-3\course_project_group_3\accounts\views.py", line 133, in generate_report
    return generate_csv_report(request)
           ^^^^^^^^^^^^^^^^^^^^^^^^^^^^
  File "C:\Users\curti\Project Management\Heritage Banking\course-project-group-3\course_project_group_3\accounts\views.py", line 163, in generate_csv_report
    transactions = Transaction.objects.get(account_number=user_account_number).transactions.all()
                   ^^^^^^^^^^^^^^^^^^^^^^^^^^^^^^^^^^^^^^^^^^^^^^^^^^^^^^^^^^^
  File "C:\Users\curti\anaconda3\envs\Django\Lib\site-packages\django\db\models\manager.py", line 87, in manager_method
    return getattr(self.get_queryset(), name)(*args, **kwargs)
           ^^^^^^^^^^^^^^^^^^^^^^^^^^^^^^^^^^^^^^^^^^^^^^^^^^^
  File "C:\Users\curti\anaconda3\envs\Django\Lib\site-packages\django\db\models\query.py", line 635, in get
    clone = self._chain() if self.query.combinator else self.filter(*args, **kwargs)
                                                        ^^^^^^^^^^^^^^^^^^^^^^^^^^^^
  File "C:\Users\curti\anaconda3\envs\Django\Lib\site-packages\django\db\models\query.py", line 1476, in filter
    return self._filter_or_exclude(False, args, kwargs)
           ^^^^^^^^^^^^^^^^^^^^^^^^^^^^^^^^^^^^^^^^^^^^
  File "C:\Users\curti\anaconda3\envs\Django\Lib\site-packages\django\db\models\query.py", line 1494, in _filter_or_exclude
    clone._filter_or_exclude_inplace(negate, args, kwargs)
  File "C:\Users\curti\anaconda3\envs\Django\Lib\site-packages\django\db\models\query.py", line 1501, in _filter_or_exclude_inplace
    self._query.add_q(Q(*args, **kwargs))
  File "C:\Users\curti\anaconda3\envs\Django\Lib\site-packages\django\db\models\sql\query.py", line 1613, in add_q
    clause, _ = self._add_q(q_object, self.used_aliases)
                ^^^^^^^^^^^^^^^^^^^^^^^^^^^^^^^^^^^^^^^^
  File "C:\Users\curti\anaconda3\envs\Django\Lib\site-packages\django\db\models\sql\query.py", line 1645, in _add_q
    child_clause, needed_inner = self.build_filter(
                                 ^^^^^^^^^^^^^^^^^^
  File "C:\Users\curti\anaconda3\envs\Django\Lib\site-packages\django\db\models\sql\query.py", line 1495, in build_filter
    lookups, parts, reffed_expression = self.solve_lookup_type(arg, summarize)
                                        ^^^^^^^^^^^^^^^^^^^^^^^^^^^^^^^^^^^^^^
  File "C:\Users\curti\anaconda3\envs\Django\Lib\site-packages\django\db\models\sql\query.py", line 1307, in solve_lookup_type
    _, field, _, lookup_parts = self.names_to_path(lookup_splitted, self.get_meta())
                                ^^^^^^^^^^^^^^^^^^^^^^^^^^^^^^^^^^^^^^^^^^^^^^^^^^^^
  File "C:\Users\curti\anaconda3\envs\Django\Lib\site-packages\django\db\models\sql\query.py", line 1772, in names_to_path
    raise FieldError(
django.core.exceptions.FieldError: Cannot resolve keyword 'account_number' into field. Choices are: account, account_id, amount, description, id, img_url, timestamp, transaction_limit, transaction_type
- Broken pipe from ('127.0.0.1', 56296)
Internal Server Error: /generate_report/
Traceback (most recent call last):
  File "C:\Users\curti\anaconda3\envs\Django\Lib\site-packages\django\core\handlers\exception.py", line 55, in inner
    response = get_response(request)
               ^^^^^^^^^^^^^^^^^^^^^
  File "C:\Users\curti\anaconda3\envs\Django\Lib\site-packages\django\core\handlers\base.py", line 197, in _get_response
    response = wrapped_callback(request, *callback_args, **callback_kwargs)
               ^^^^^^^^^^^^^^^^^^^^^^^^^^^^^^^^^^^^^^^^^^^^^^^^^^^^^^^^^^^^
  File "C:\Users\curti\anaconda3\envs\Django\Lib\site-packages\django\views\decorators\http.py", line 64, in inner
    return func(request, *args, **kwargs)
           ^^^^^^^^^^^^^^^^^^^^^^^^^^^^^^
  File "C:\Users\curti\Project Management\Heritage Banking\course-project-group-3\course_project_group_3\accounts\views.py", line 133, in generate_report
    return generate_csv_report(request)
           ^^^^^^^^^^^^^^^^^^^^^^^^^^^^
  File "C:\Users\curti\Project Management\Heritage Banking\course-project-group-3\course_project_group_3\accounts\views.py", line 163, in generate_csv_report
    transactions = Transaction.objects.get(account_number=user_account_number).transactions.all()
                   ^^^^^^^^^^^^^^^^^^^^^^^^^^^^^^^^^^^^^^^^^^^^^^^^^^^^^^^^^^^
  File "C:\Users\curti\anaconda3\envs\Django\Lib\site-packages\django\db\models\manager.py", line 87, in manager_method
    return getattr(self.get_queryset(), name)(*args, **kwargs)
           ^^^^^^^^^^^^^^^^^^^^^^^^^^^^^^^^^^^^^^^^^^^^^^^^^^^
  File "C:\Users\curti\anaconda3\envs\Django\Lib\site-packages\django\db\models\query.py", line 635, in get
    clone = self._chain() if self.query.combinator else self.filter(*args, **kwargs)
                                                        ^^^^^^^^^^^^^^^^^^^^^^^^^^^^
  File "C:\Users\curti\anaconda3\envs\Django\Lib\site-packages\django\db\models\query.py", line 1476, in filter
    return self._filter_or_exclude(False, args, kwargs)
           ^^^^^^^^^^^^^^^^^^^^^^^^^^^^^^^^^^^^^^^^^^^^
  File "C:\Users\curti\anaconda3\envs\Django\Lib\site-packages\django\db\models\query.py", line 1494, in _filter_or_exclude
    clone._filter_or_exclude_inplace(negate, args, kwargs)
  File "C:\Users\curti\anaconda3\envs\Django\Lib\site-packages\django\db\models\query.py", line 1501, in _filter_or_exclude_inplace
    self._query.add_q(Q(*args, **kwargs))
  File "C:\Users\curti\anaconda3\envs\Django\Lib\site-packages\django\db\models\sql\query.py", line 1613, in add_q
    clause, _ = self._add_q(q_object, self.used_aliases)
                ^^^^^^^^^^^^^^^^^^^^^^^^^^^^^^^^^^^^^^^^
  File "C:\Users\curti\anaconda3\envs\Django\Lib\site-packages\django\db\models\sql\query.py", line 1645, in _add_q
    child_clause, needed_inner = self.build_filter(
                                 ^^^^^^^^^^^^^^^^^^
  File "C:\Users\curti\anaconda3\envs\Django\Lib\site-packages\django\db\models\sql\query.py", line 1495, in build_filter
    lookups, parts, reffed_expression = self.solve_lookup_type(arg, summarize)
                                        ^^^^^^^^^^^^^^^^^^^^^^^^^^^^^^^^^^^^^^
  File "C:\Users\curti\anaconda3\envs\Django\Lib\site-packages\django\db\models\sql\query.py", line 1307, in solve_lookup_type
    _, field, _, lookup_parts = self.names_to_path(lookup_splitted, self.get_meta())
                                ^^^^^^^^^^^^^^^^^^^^^^^^^^^^^^^^^^^^^^^^^^^^^^^^^^^^
  File "C:\Users\curti\anaconda3\envs\Django\Lib\site-packages\django\db\models\sql\query.py", line 1772, in names_to_path
    raise FieldError(
django.core.exceptions.FieldError: Cannot resolve keyword 'account_number' into field. Choices are: account, account_id, amount, description, id, img_url, timestamp, transaction_limit, transaction_type
"POST /generate_report/ HTTP/1.1" 500 138412
C:\Users\curti\Project Management\Heritage Banking\course-project-group-3\course_project_group_3\accounts\views.py changed, reloading.
Watching for file changes with StatReloader
C:\Users\curti\Project Management\Heritage Banking\course-project-group-3\course_project_group_3\accounts\views.py changed, reloading.
Watching for file changes with StatReloader
C:\Users\curti\Project Management\Heritage Banking\course-project-group-3\course_project_group_3\accounts\views.py changed, reloading.
Watching for file changes with StatReloader
C:\Users\curti\Project Management\Heritage Banking\course-project-group-3\course_project_group_3\accounts\views.py changed, reloading.
Watching for file changes with StatReloader
C:\Users\curti\Project Management\Heritage Banking\course-project-group-3\course_project_group_3\accounts\views.py changed, reloading.
Watching for file changes with StatReloader
C:\Users\curti\Project Management\Heritage Banking\course-project-group-3\course_project_group_3\accounts\views.py changed, reloading.
Watching for file changes with StatReloader
C:\Users\curti\Project Management\Heritage Banking\course-project-group-3\course_project_group_3\accounts\views.py changed, reloading.
Watching for file changes with StatReloader
C:\Users\curti\Project Management\Heritage Banking\course-project-group-3\course_project_group_3\accounts\views.py changed, reloading.
Watching for file changes with StatReloader
C:\Users\curti\Project Management\Heritage Banking\course-project-group-3\course_project_group_3\accounts\views.py changed, reloading.
Watching for file changes with StatReloader
C:\Users\curti\Project Management\Heritage Banking\course-project-group-3\course_project_group_3\accounts\views.py changed, reloading.
Watching for file changes with StatReloader
C:\Users\curti\Project Management\Heritage Banking\course-project-group-3\course_project_group_3\accounts\views.py changed, reloading.
Watching for file changes with StatReloader
C:\Users\curti\Project Management\Heritage Banking\course-project-group-3\course_project_group_3\accounts\views.py changed, reloading.
Watching for file changes with StatReloader
C:\Users\curti\Project Management\Heritage Banking\course-project-group-3\course_project_group_3\accounts\views.py changed, reloading.
Watching for file changes with StatReloader
C:\Users\curti\Project Management\Heritage Banking\course-project-group-3\course_project_group_3\accounts\views.py changed, reloading.
Watching for file changes with StatReloader
C:\Users\curti\Project Management\Heritage Banking\course-project-group-3\course_project_group_3\accounts\views.py changed, reloading.
Watching for file changes with StatReloader
C:\Users\curti\Project Management\Heritage Banking\course-project-group-3\course_project_group_3\accounts\views.py changed, reloading.
Watching for file changes with StatReloader
C:\Users\curti\Project Management\Heritage Banking\course-project-group-3\course_project_group_3\accounts\views.py changed, reloading.
Watching for file changes with StatReloader
C:\Users\curti\Project Management\Heritage Banking\course-project-group-3\course_project_group_3\accounts\views.py changed, reloading.
Watching for file changes with StatReloader
Internal Server Error: /generate_report/
Traceback (most recent call last):
  File "C:\Users\curti\anaconda3\envs\Django\Lib\site-packages\django\core\handlers\exception.py", line 55, in inner
    response = get_response(request)
               ^^^^^^^^^^^^^^^^^^^^^
  File "C:\Users\curti\anaconda3\envs\Django\Lib\site-packages\django\core\handlers\base.py", line 197, in _get_response
    response = wrapped_callback(request, *callback_args, **callback_kwargs)
               ^^^^^^^^^^^^^^^^^^^^^^^^^^^^^^^^^^^^^^^^^^^^^^^^^^^^^^^^^^^^
  File "C:\Users\curti\anaconda3\envs\Django\Lib\site-packages\django\views\decorators\http.py", line 64, in inner
    return func(request, *args, **kwargs)
           ^^^^^^^^^^^^^^^^^^^^^^^^^^^^^^
  File "C:\Users\curti\Project Management\Heritage Banking\course-project-group-3\course_project_group_3\accounts\views.py", line 133, in generate_report
    return generate_csv_report(request)
           ^^^^^^^^^^^^^^^^^^^^^^^^^^^^
  File "C:\Users\curti\Project Management\Heritage Banking\course-project-group-3\course_project_group_3\accounts\views.py", line 173, in generate_csv_report
    member = User.objects.POST.get('member')
             ^^^^^^^^^^^^^^^^^
AttributeError: 'UserManager' object has no attribute 'POST'
"POST /generate_report/ HTTP/1.1" 500 84845
"GET /static/main/css/baguetteBox-zoom.min.css HTTP/1.1" 404 1858
Internal Server Error: /generate_report/
Traceback (most recent call last):
  File "C:\Users\curti\anaconda3\envs\Django\Lib\site-packages\django\core\handlers\exception.py", line 55, in inner
    response = get_response(request)
               ^^^^^^^^^^^^^^^^^^^^^
  File "C:\Users\curti\anaconda3\envs\Django\Lib\site-packages\django\core\handlers\base.py", line 197, in _get_response
    response = wrapped_callback(request, *callback_args, **callback_kwargs)
               ^^^^^^^^^^^^^^^^^^^^^^^^^^^^^^^^^^^^^^^^^^^^^^^^^^^^^^^^^^^^
  File "C:\Users\curti\anaconda3\envs\Django\Lib\site-packages\django\views\decorators\http.py", line 64, in inner
    return func(request, *args, **kwargs)
           ^^^^^^^^^^^^^^^^^^^^^^^^^^^^^^
  File "C:\Users\curti\Project Management\Heritage Banking\course-project-group-3\course_project_group_3\accounts\views.py", line 129, in generate_report
    return generate_pdf_report(request)
           ^^^^^^^^^^^^^^^^^^^^^^^^^^^^
  File "C:\Users\curti\Project Management\Heritage Banking\course-project-group-3\course_project_group_3\accounts\views.py", line 139, in generate_pdf_report
    member = User.objects.POST.get('member')
             ^^^^^^^^^^^^^^^^^
AttributeError: 'UserManager' object has no attribute 'POST'
"POST /generate_report/ HTTP/1.1" 500 84832
C:\Users\curti\Project Management\Heritage Banking\course-project-group-3\course_project_group_3\accounts\views.py changed, reloading.
Watching for file changes with StatReloader
C:\Users\curti\Project Management\Heritage Banking\course-project-group-3\course_project_group_3\accounts\views.py changed, reloading.
Watching for file changes with StatReloader
C:\Users\curti\Project Management\Heritage Banking\course-project-group-3\course_project_group_3\accounts\views.py changed, reloading.
Watching for file changes with StatReloader
Internal Server Error: /generate_report/
Traceback (most recent call last):
  File "C:\Users\curti\anaconda3\envs\Django\Lib\site-packages\django\core\handlers\exception.py", line 55, in inner
    response = get_response(request)
               ^^^^^^^^^^^^^^^^^^^^^
  File "C:\Users\curti\anaconda3\envs\Django\Lib\site-packages\django\core\handlers\base.py", line 197, in _get_response
    response = wrapped_callback(request, *callback_args, **callback_kwargs)
               ^^^^^^^^^^^^^^^^^^^^^^^^^^^^^^^^^^^^^^^^^^^^^^^^^^^^^^^^^^^^
  File "C:\Users\curti\anaconda3\envs\Django\Lib\site-packages\django\views\decorators\http.py", line 64, in inner
    return func(request, *args, **kwargs)
           ^^^^^^^^^^^^^^^^^^^^^^^^^^^^^^
  File "C:\Users\curti\Project Management\Heritage Banking\course-project-group-3\course_project_group_3\accounts\views.py", line 129, in generate_report
    return generate_pdf_report(request)
           ^^^^^^^^^^^^^^^^^^^^^^^^^^^^
  File "C:\Users\curti\Project Management\Heritage Banking\course-project-group-3\course_project_group_3\accounts\views.py", line 142, in generate_pdf_report
    transactions = Transaction.objects.get(account_number=user_account_number).transactions.all()
                   ^^^^^^^^^^^^^^^^^^^^^^^^^^^^^^^^^^^^^^^^^^^^^^^^^^^^^^^^^^^
  File "C:\Users\curti\anaconda3\envs\Django\Lib\site-packages\django\db\models\manager.py", line 87, in manager_method
    return getattr(self.get_queryset(), name)(*args, **kwargs)
           ^^^^^^^^^^^^^^^^^^^^^^^^^^^^^^^^^^^^^^^^^^^^^^^^^^^
  File "C:\Users\curti\anaconda3\envs\Django\Lib\site-packages\django\db\models\query.py", line 635, in get
    clone = self._chain() if self.query.combinator else self.filter(*args, **kwargs)
                                                        ^^^^^^^^^^^^^^^^^^^^^^^^^^^^
  File "C:\Users\curti\anaconda3\envs\Django\Lib\site-packages\django\db\models\query.py", line 1476, in filter
    return self._filter_or_exclude(False, args, kwargs)
           ^^^^^^^^^^^^^^^^^^^^^^^^^^^^^^^^^^^^^^^^^^^^
  File "C:\Users\curti\anaconda3\envs\Django\Lib\site-packages\django\db\models\query.py", line 1494, in _filter_or_exclude
    clone._filter_or_exclude_inplace(negate, args, kwargs)
  File "C:\Users\curti\anaconda3\envs\Django\Lib\site-packages\django\db\models\query.py", line 1501, in _filter_or_exclude_inplace
    self._query.add_q(Q(*args, **kwargs))
  File "C:\Users\curti\anaconda3\envs\Django\Lib\site-packages\django\db\models\sql\query.py", line 1613, in add_q
    clause, _ = self._add_q(q_object, self.used_aliases)
                ^^^^^^^^^^^^^^^^^^^^^^^^^^^^^^^^^^^^^^^^
  File "C:\Users\curti\anaconda3\envs\Django\Lib\site-packages\django\db\models\sql\query.py", line 1645, in _add_q
    child_clause, needed_inner = self.build_filter(
                                 ^^^^^^^^^^^^^^^^^^
  File "C:\Users\curti\anaconda3\envs\Django\Lib\site-packages\django\db\models\sql\query.py", line 1495, in build_filter
    lookups, parts, reffed_expression = self.solve_lookup_type(arg, summarize)
                                        ^^^^^^^^^^^^^^^^^^^^^^^^^^^^^^^^^^^^^^
  File "C:\Users\curti\anaconda3\envs\Django\Lib\site-packages\django\db\models\sql\query.py", line 1307, in solve_lookup_type
    _, field, _, lookup_parts = self.names_to_path(lookup_splitted, self.get_meta())
                                ^^^^^^^^^^^^^^^^^^^^^^^^^^^^^^^^^^^^^^^^^^^^^^^^^^^^
  File "C:\Users\curti\anaconda3\envs\Django\Lib\site-packages\django\db\models\sql\query.py", line 1772, in names_to_path
    raise FieldError(
django.core.exceptions.FieldError: Cannot resolve keyword 'account_number' into field. Choices are: account, account_id, amount, description, id, img_url, timestamp, transaction_limit, transaction_type
- Broken pipe from ('127.0.0.1', 57246)
C:\Users\curti\Project Management\Heritage Banking\course-project-group-3\course_project_group_3\accounts\views.py changed, reloading.
Watching for file changes with StatReloader
Internal Server Error: /generate_report/
Traceback (most recent call last):
  File "C:\Users\curti\anaconda3\envs\Django\Lib\site-packages\django\core\handlers\exception.py", line 55, in inner
    response = get_response(request)
               ^^^^^^^^^^^^^^^^^^^^^
  File "C:\Users\curti\anaconda3\envs\Django\Lib\site-packages\django\core\handlers\base.py", line 197, in _get_response
    response = wrapped_callback(request, *callback_args, **callback_kwargs)
               ^^^^^^^^^^^^^^^^^^^^^^^^^^^^^^^^^^^^^^^^^^^^^^^^^^^^^^^^^^^^
  File "C:\Users\curti\anaconda3\envs\Django\Lib\site-packages\django\views\decorators\http.py", line 64, in inner
    return func(request, *args, **kwargs)
           ^^^^^^^^^^^^^^^^^^^^^^^^^^^^^^
  File "C:\Users\curti\Project Management\Heritage Banking\course-project-group-3\course_project_group_3\accounts\views.py", line 129, in generate_report
    return generate_pdf_report(request)
           ^^^^^^^^^^^^^^^^^^^^^^^^^^^^
  File "C:\Users\curti\Project Management\Heritage Banking\course-project-group-3\course_project_group_3\accounts\views.py", line 139, in generate_pdf_report
    member = User.objects.POST.get(username=request.user)
             ^^^^^^^^^^^^^^^^^
AttributeError: 'UserManager' object has no attribute 'POST'
"POST /generate_report/ HTTP/1.1" 500 84838
C:\Users\curti\Project Management\Heritage Banking\course-project-group-3\course_project_group_3\accounts\views.py changed, reloading.
Watching for file changes with StatReloader
C:\Users\curti\Project Management\Heritage Banking\course-project-group-3\course_project_group_3\accounts\views.py changed, reloading.
Watching for file changes with StatReloader
C:\Users\curti\Project Management\Heritage Banking\course-project-group-3\course_project_group_3\accounts\views.py changed, reloading.
Watching for file changes with StatReloader
C:\Users\curti\Project Management\Heritage Banking\course-project-group-3\course_project_group_3\accounts\views.py changed, reloading.
Watching for file changes with StatReloader
Internal Server Error: /generate_report/
Traceback (most recent call last):
  File "C:\Users\curti\anaconda3\envs\Django\Lib\site-packages\django\core\handlers\exception.py", line 55, in inner
    response = get_response(request)
               ^^^^^^^^^^^^^^^^^^^^^
  File "C:\Users\curti\anaconda3\envs\Django\Lib\site-packages\django\core\handlers\base.py", line 197, in _get_response
    response = wrapped_callback(request, *callback_args, **callback_kwargs)
               ^^^^^^^^^^^^^^^^^^^^^^^^^^^^^^^^^^^^^^^^^^^^^^^^^^^^^^^^^^^^
  File "C:\Users\curti\anaconda3\envs\Django\Lib\site-packages\django\views\decorators\http.py", line 64, in inner
    return func(request, *args, **kwargs)
           ^^^^^^^^^^^^^^^^^^^^^^^^^^^^^^
  File "C:\Users\curti\Project Management\Heritage Banking\course-project-group-3\course_project_group_3\accounts\views.py", line 129, in generate_report
    return generate_pdf_report(request)
           ^^^^^^^^^^^^^^^^^^^^^^^^^^^^
  File "C:\Users\curti\Project Management\Heritage Banking\course-project-group-3\course_project_group_3\accounts\views.py", line 142, in generate_pdf_report
    transactions = Transaction.objects.get(account_number=user_account_number).transactions.all()
                   ^^^^^^^^^^^^^^^^^^^^^^^^^^^^^^^^^^^^^^^^^^^^^^^^^^^^^^^^^^^
  File "C:\Users\curti\anaconda3\envs\Django\Lib\site-packages\django\db\models\manager.py", line 87, in manager_method
    return getattr(self.get_queryset(), name)(*args, **kwargs)
           ^^^^^^^^^^^^^^^^^^^^^^^^^^^^^^^^^^^^^^^^^^^^^^^^^^^
  File "C:\Users\curti\anaconda3\envs\Django\Lib\site-packages\django\db\models\query.py", line 635, in get
    clone = self._chain() if self.query.combinator else self.filter(*args, **kwargs)
                                                        ^^^^^^^^^^^^^^^^^^^^^^^^^^^^
  File "C:\Users\curti\anaconda3\envs\Django\Lib\site-packages\django\db\models\query.py", line 1476, in filter
    return self._filter_or_exclude(False, args, kwargs)
           ^^^^^^^^^^^^^^^^^^^^^^^^^^^^^^^^^^^^^^^^^^^^
  File "C:\Users\curti\anaconda3\envs\Django\Lib\site-packages\django\db\models\query.py", line 1494, in _filter_or_exclude
    clone._filter_or_exclude_inplace(negate, args, kwargs)
  File "C:\Users\curti\anaconda3\envs\Django\Lib\site-packages\django\db\models\query.py", line 1501, in _filter_or_exclude_inplace
    self._query.add_q(Q(*args, **kwargs))
  File "C:\Users\curti\anaconda3\envs\Django\Lib\site-packages\django\db\models\sql\query.py", line 1613, in add_q
    clause, _ = self._add_q(q_object, self.used_aliases)
                ^^^^^^^^^^^^^^^^^^^^^^^^^^^^^^^^^^^^^^^^
  File "C:\Users\curti\anaconda3\envs\Django\Lib\site-packages\django\db\models\sql\query.py", line 1645, in _add_q
    child_clause, needed_inner = self.build_filter(
                                 ^^^^^^^^^^^^^^^^^^
  File "C:\Users\curti\anaconda3\envs\Django\Lib\site-packages\django\db\models\sql\query.py", line 1495, in build_filter
    lookups, parts, reffed_expression = self.solve_lookup_type(arg, summarize)
                                        ^^^^^^^^^^^^^^^^^^^^^^^^^^^^^^^^^^^^^^
  File "C:\Users\curti\anaconda3\envs\Django\Lib\site-packages\django\db\models\sql\query.py", line 1307, in solve_lookup_type
    _, field, _, lookup_parts = self.names_to_path(lookup_splitted, self.get_meta())
                                ^^^^^^^^^^^^^^^^^^^^^^^^^^^^^^^^^^^^^^^^^^^^^^^^^^^^
  File "C:\Users\curti\anaconda3\envs\Django\Lib\site-packages\django\db\models\sql\query.py", line 1772, in names_to_path
    raise FieldError(
django.core.exceptions.FieldError: Cannot resolve keyword 'account_number' into field. Choices are: account, account_id, amount, description, id, img_url, timestamp, transaction_limit, transaction_type
"POST /generate_report/ HTTP/1.1" 500 138442
C:\Users\curti\Project Management\Heritage Banking\course-project-group-3\course_project_group_3\accounts\views.py changed, reloading.
Watching for file changes with StatReloader
C:\Users\curti\Project Management\Heritage Banking\course-project-group-3\course_project_group_3\accounts\views.py changed, reloading.
Watching for file changes with StatReloader
C:\Users\curti\Project Management\Heritage Banking\course-project-group-3\course_project_group_3\accounts\views.py changed, reloading.
Watching for file changes with StatReloader
C:\Users\curti\Project Management\Heritage Banking\course-project-group-3\course_project_group_3\accounts\views.py changed, reloading.
Watching for file changes with StatReloader
C:\Users\curti\Project Management\Heritage Banking\course-project-group-3\course_project_group_3\accounts\views.py changed, reloading.
Watching for file changes with StatReloader
C:\Users\curti\Project Management\Heritage Banking\course-project-group-3\course_project_group_3\accounts\views.py changed, reloading.
Watching for file changes with StatReloader
C:\Users\curti\Project Management\Heritage Banking\course-project-group-3\course_project_group_3\accounts\views.py changed, reloading.
Watching for file changes with StatReloader
C:\Users\curti\Project Management\Heritage Banking\course-project-group-3\course_project_group_3\accounts\views.py changed, reloading.
Watching for file changes with StatReloader
Internal Server Error: /generate_report/
Traceback (most recent call last):
  File "C:\Users\curti\anaconda3\envs\Django\Lib\site-packages\django\core\handlers\exception.py", line 55, in inner
    response = get_response(request)
               ^^^^^^^^^^^^^^^^^^^^^
  File "C:\Users\curti\anaconda3\envs\Django\Lib\site-packages\django\core\handlers\base.py", line 197, in _get_response
    response = wrapped_callback(request, *callback_args, **callback_kwargs)
               ^^^^^^^^^^^^^^^^^^^^^^^^^^^^^^^^^^^^^^^^^^^^^^^^^^^^^^^^^^^^
  File "C:\Users\curti\anaconda3\envs\Django\Lib\site-packages\django\views\decorators\http.py", line 64, in inner
    return func(request, *args, **kwargs)
           ^^^^^^^^^^^^^^^^^^^^^^^^^^^^^^
  File "C:\Users\curti\Project Management\Heritage Banking\course-project-group-3\course_project_group_3\accounts\views.py", line 129, in generate_report
    return generate_pdf_report(request)
           ^^^^^^^^^^^^^^^^^^^^^^^^^^^^
  File "C:\Users\curti\Project Management\Heritage Banking\course-project-group-3\course_project_group_3\accounts\views.py", line 142, in generate_pdf_report
    transactions = Transaction.objects.get(user_account_number).transactions.all()
                   ^^^^^^^^^^^^^^^^^^^^^^^^^^^^^^^^^^^^^^^^^^^^
  File "C:\Users\curti\anaconda3\envs\Django\Lib\site-packages\django\db\models\manager.py", line 87, in manager_method
    return getattr(self.get_queryset(), name)(*args, **kwargs)
           ^^^^^^^^^^^^^^^^^^^^^^^^^^^^^^^^^^^^^^^^^^^^^^^^^^^
  File "C:\Users\curti\anaconda3\envs\Django\Lib\site-packages\django\db\models\query.py", line 635, in get
    clone = self._chain() if self.query.combinator else self.filter(*args, **kwargs)
                                                        ^^^^^^^^^^^^^^^^^^^^^^^^^^^^
  File "C:\Users\curti\anaconda3\envs\Django\Lib\site-packages\django\db\models\query.py", line 1476, in filter
    return self._filter_or_exclude(False, args, kwargs)
           ^^^^^^^^^^^^^^^^^^^^^^^^^^^^^^^^^^^^^^^^^^^^
  File "C:\Users\curti\anaconda3\envs\Django\Lib\site-packages\django\db\models\query.py", line 1494, in _filter_or_exclude
    clone._filter_or_exclude_inplace(negate, args, kwargs)
  File "C:\Users\curti\anaconda3\envs\Django\Lib\site-packages\django\db\models\query.py", line 1501, in _filter_or_exclude_inplace
    self._query.add_q(Q(*args, **kwargs))
  File "C:\Users\curti\anaconda3\envs\Django\Lib\site-packages\django\db\models\sql\query.py", line 1613, in add_q
    clause, _ = self._add_q(q_object, self.used_aliases)
                ^^^^^^^^^^^^^^^^^^^^^^^^^^^^^^^^^^^^^^^^
  File "C:\Users\curti\anaconda3\envs\Django\Lib\site-packages\django\db\models\sql\query.py", line 1645, in _add_q
    child_clause, needed_inner = self.build_filter(
                                 ^^^^^^^^^^^^^^^^^^
  File "C:\Users\curti\anaconda3\envs\Django\Lib\site-packages\django\db\models\sql\query.py", line 1492, in build_filter
    arg, value = filter_expr
    ^^^^^^^^^^
TypeError: cannot unpack non-iterable NoneType object
"POST /generate_report/ HTTP/1.1" 500 126473
C:\Users\curti\Project Management\Heritage Banking\course-project-group-3\course_project_group_3\accounts\views.py changed, reloading.
Watching for file changes with StatReloader
C:\Users\curti\Project Management\Heritage Banking\course-project-group-3\course_project_group_3\accounts\views.py changed, reloading.
Watching for file changes with StatReloader
C:\Users\curti\Project Management\Heritage Banking\course-project-group-3\course_project_group_3\accounts\views.py changed, reloading.
Watching for file changes with StatReloader
"GET / HTTP/1.1" 200 22573
"GET /static/img/scenery/image4.jpg HTTP/1.1" 404 1825
"GET /static/img/photo-1560472355-536de3962603.jpg HTTP/1.1" 404 1870
"GET /static/img/scenery/image1.jpg HTTP/1.1" 404 1825
"GET /static/main/css/baguetteBox-zoom.min.css HTTP/1.1" 404 1858
"GET /static/img/scenery/image6.jpg HTTP/1.1" 404 1825
"GET /static/img/avatars/avatar1.jpg HTTP/1.1" 404 1828
"GET /static/img/avatars/avatar2.jpg HTTP/1.1" 404 1828
"GET /static/img/avatars/avatar3.jpg HTTP/1.1" 404 1828
- Broken pipe from ('127.0.0.1', 57684)
"GET /dashboard/ HTTP/1.1" 200 39675
"GET /static/fonts/dash/Nunito.css HTTP/1.1" 404 1822
"POST /generate_report/ HTTP/1.1" 200 47
C:\Users\curti\Project Management\Heritage Banking\course-project-group-3\course_project_group_3\accounts\views.py changed, reloading.
Watching for file changes with StatReloader
C:\Users\curti\Project Management\Heritage Banking\course-project-group-3\course_project_group_3\accounts\views.py changed, reloading.
Watching for file changes with StatReloader
C:\Users\curti\Project Management\Heritage Banking\course-project-group-3\course_project_group_3\accounts\views.py changed, reloading.
Watching for file changes with StatReloader
C:\Users\curti\Project Management\Heritage Banking\course-project-group-3\course_project_group_3\accounts\views.py changed, reloading.
Watching for file changes with StatReloader
C:\Users\curti\Project Management\Heritage Banking\course-project-group-3\course_project_group_3\accounts\views.py changed, reloading.
Watching for file changes with StatReloader
"POST /generate_report/ HTTP/1.1" 200 47
"GET /dashboard/ HTTP/1.1" 200 39675
"GET /static/fonts/dash/Nunito.css HTTP/1.1" 404 1822
"POST /generate_report/ HTTP/1.1" 200 47
C:\Users\curti\Project Management\Heritage Banking\course-project-group-3\course_project_group_3\accounts\views.py changed, reloading.
Watching for file changes with StatReloader
C:\Users\curti\Project Management\Heritage Banking\course-project-group-3\course_project_group_3\accounts\views.py changed, reloading.
Watching for file changes with StatReloader
C:\Users\curti\Project Management\Heritage Banking\course-project-group-3\course_project_group_3\accounts\views.py changed, reloading.
Watching for file changes with StatReloader
Internal Server Error: /generate_report/
Traceback (most recent call last):
  File "C:\Users\curti\anaconda3\envs\Django\Lib\site-packages\django\core\handlers\exception.py", line 55, in inner
    response = get_response(request)
               ^^^^^^^^^^^^^^^^^^^^^
  File "C:\Users\curti\anaconda3\envs\Django\Lib\site-packages\django\core\handlers\base.py", line 197, in _get_response
    response = wrapped_callback(request, *callback_args, **callback_kwargs)
               ^^^^^^^^^^^^^^^^^^^^^^^^^^^^^^^^^^^^^^^^^^^^^^^^^^^^^^^^^^^^
  File "C:\Users\curti\anaconda3\envs\Django\Lib\site-packages\django\views\decorators\http.py", line 64, in inner
    return func(request, *args, **kwargs)
           ^^^^^^^^^^^^^^^^^^^^^^^^^^^^^^
  File "C:\Users\curti\anaconda3\envs\Django\Lib\site-packages\django\views\decorators\http.py", line 64, in inner
    return func(request, *args, **kwargs)
           ^^^^^^^^^^^^^^^^^^^^^^^^^^^^^^
  File "C:\Users\curti\Project Management\Heritage Banking\course-project-group-3\course_project_group_3\accounts\views.py", line 130, in generate_report
    return generate_pdf(request)
           ^^^^^^^^^^^^
NameError: name 'generate_pdf' is not defined. Did you mean: 'generate_report'?
"POST /generate_report/ HTTP/1.1" 500 85002
C:\Users\curti\Project Management\Heritage Banking\course-project-group-3\course_project_group_3\accounts\views.py changed, reloading.
Watching for file changes with StatReloader
C:\Users\curti\Project Management\Heritage Banking\course-project-group-3\course_project_group_3\accounts\views.py changed, reloading.
Watching for file changes with StatReloader
"POST /generate_report/ HTTP/1.1" 200 1417
C:\Users\curti\Project Management\Heritage Banking\course-project-group-3\course_project_group_3\accounts\views.py changed, reloading.
Watching for file changes with StatReloader
C:\Users\curti\Project Management\Heritage Banking\course-project-group-3\course_project_group_3\accounts\views.py changed, reloading.
Watching for file changes with StatReloader
C:\Users\curti\Project Management\Heritage Banking\course-project-group-3\course_project_group_3\accounts\views.py changed, reloading.
Watching for file changes with StatReloader
C:\Users\curti\Project Management\Heritage Banking\course-project-group-3\course_project_group_3\accounts\views.py changed, reloading.
Watching for file changes with StatReloader
C:\Users\curti\Project Management\Heritage Banking\course-project-group-3\course_project_group_3\accounts\views.py changed, reloading.
Watching for file changes with StatReloader
C:\Users\curti\Project Management\Heritage Banking\course-project-group-3\course_project_group_3\accounts\views.py changed, reloading.
Watching for file changes with StatReloader
C:\Users\curti\Project Management\Heritage Banking\course-project-group-3\course_project_group_3\accounts\views.py changed, reloading.
Watching for file changes with StatReloader
C:\Users\curti\Project Management\Heritage Banking\course-project-group-3\course_project_group_3\accounts\views.py changed, reloading.
Watching for file changes with StatReloader
C:\Users\curti\Project Management\Heritage Banking\course-project-group-3\course_project_group_3\accounts\views.py changed, reloading.
Watching for file changes with StatReloader
C:\Users\curti\Project Management\Heritage Banking\course-project-group-3\course_project_group_3\accounts\views.py changed, reloading.
Watching for file changes with StatReloader
C:\Users\curti\Project Management\Heritage Banking\course-project-group-3\course_project_group_3\accounts\views.py changed, reloading.
Watching for file changes with StatReloader
C:\Users\curti\Project Management\Heritage Banking\course-project-group-3\course_project_group_3\accounts\views.py changed, reloading.
Watching for file changes with StatReloader
Internal Server Error: /generate_report/
Traceback (most recent call last):
  File "C:\Users\curti\anaconda3\envs\Django\Lib\site-packages\django\core\handlers\exception.py", line 55, in inner
    response = get_response(request)
               ^^^^^^^^^^^^^^^^^^^^^
  File "C:\Users\curti\anaconda3\envs\Django\Lib\site-packages\django\core\handlers\base.py", line 197, in _get_response
    response = wrapped_callback(request, *callback_args, **callback_kwargs)
               ^^^^^^^^^^^^^^^^^^^^^^^^^^^^^^^^^^^^^^^^^^^^^^^^^^^^^^^^^^^^
  File "C:\Users\curti\anaconda3\envs\Django\Lib\site-packages\django\views\decorators\http.py", line 64, in inner
    return func(request, *args, **kwargs)
           ^^^^^^^^^^^^^^^^^^^^^^^^^^^^^^
  File "C:\Users\curti\anaconda3\envs\Django\Lib\site-packages\django\views\decorators\http.py", line 64, in inner
    return func(request, *args, **kwargs)
           ^^^^^^^^^^^^^^^^^^^^^^^^^^^^^^
  File "C:\Users\curti\Project Management\Heritage Banking\course-project-group-3\course_project_group_3\accounts\views.py", line 132, in generate_report
    return generate_pdf_report(request)
           ^^^^^^^^^^^^^^^^^^^^^^^^^^^^
  File "C:\Users\curti\Project Management\Heritage Banking\course-project-group-3\course_project_group_3\accounts\views.py", line 145, in generate_pdf_report
    transactions = Transaction.objects.filter(user_account_number=user_account_number)
                   ^^^^^^^^^^^^^^^^^^^^^^^^^^^^^^^^^^^^^^^^^^^^^^^^^^^^^^^^^^^^^^^^^^^
  File "C:\Users\curti\anaconda3\envs\Django\Lib\site-packages\django\db\models\manager.py", line 87, in manager_method
    return getattr(self.get_queryset(), name)(*args, **kwargs)
           ^^^^^^^^^^^^^^^^^^^^^^^^^^^^^^^^^^^^^^^^^^^^^^^^^^^
  File "C:\Users\curti\anaconda3\envs\Django\Lib\site-packages\django\db\models\query.py", line 1476, in filter
    return self._filter_or_exclude(False, args, kwargs)
           ^^^^^^^^^^^^^^^^^^^^^^^^^^^^^^^^^^^^^^^^^^^^
  File "C:\Users\curti\anaconda3\envs\Django\Lib\site-packages\django\db\models\query.py", line 1494, in _filter_or_exclude
    clone._filter_or_exclude_inplace(negate, args, kwargs)
  File "C:\Users\curti\anaconda3\envs\Django\Lib\site-packages\django\db\models\query.py", line 1501, in _filter_or_exclude_inplace
    self._query.add_q(Q(*args, **kwargs))
  File "C:\Users\curti\anaconda3\envs\Django\Lib\site-packages\django\db\models\sql\query.py", line 1613, in add_q
    clause, _ = self._add_q(q_object, self.used_aliases)
                ^^^^^^^^^^^^^^^^^^^^^^^^^^^^^^^^^^^^^^^^
  File "C:\Users\curti\anaconda3\envs\Django\Lib\site-packages\django\db\models\sql\query.py", line 1645, in _add_q
    child_clause, needed_inner = self.build_filter(
                                 ^^^^^^^^^^^^^^^^^^
  File "C:\Users\curti\anaconda3\envs\Django\Lib\site-packages\django\db\models\sql\query.py", line 1495, in build_filter
    lookups, parts, reffed_expression = self.solve_lookup_type(arg, summarize)
                                        ^^^^^^^^^^^^^^^^^^^^^^^^^^^^^^^^^^^^^^
  File "C:\Users\curti\anaconda3\envs\Django\Lib\site-packages\django\db\models\sql\query.py", line 1307, in solve_lookup_type
    _, field, _, lookup_parts = self.names_to_path(lookup_splitted, self.get_meta())
                                ^^^^^^^^^^^^^^^^^^^^^^^^^^^^^^^^^^^^^^^^^^^^^^^^^^^^
  File "C:\Users\curti\anaconda3\envs\Django\Lib\site-packages\django\db\models\sql\query.py", line 1772, in names_to_path
    raise FieldError(
django.core.exceptions.FieldError: Cannot resolve keyword 'user_account_number' into field. Choices are: account, account_id, amount, description, id, img_url, timestamp, transaction_limit, transaction_type
- Broken pipe from ('127.0.0.1', 58383)
Internal Server Error: /generate_report/
Traceback (most recent call last):
  File "C:\Users\curti\anaconda3\envs\Django\Lib\site-packages\django\core\handlers\exception.py", line 55, in inner
    response = get_response(request)
               ^^^^^^^^^^^^^^^^^^^^^
  File "C:\Users\curti\anaconda3\envs\Django\Lib\site-packages\django\core\handlers\base.py", line 197, in _get_response
    response = wrapped_callback(request, *callback_args, **callback_kwargs)
               ^^^^^^^^^^^^^^^^^^^^^^^^^^^^^^^^^^^^^^^^^^^^^^^^^^^^^^^^^^^^
  File "C:\Users\curti\anaconda3\envs\Django\Lib\site-packages\django\views\decorators\http.py", line 64, in inner
    return func(request, *args, **kwargs)
           ^^^^^^^^^^^^^^^^^^^^^^^^^^^^^^
  File "C:\Users\curti\anaconda3\envs\Django\Lib\site-packages\django\views\decorators\http.py", line 64, in inner
    return func(request, *args, **kwargs)
           ^^^^^^^^^^^^^^^^^^^^^^^^^^^^^^
  File "C:\Users\curti\Project Management\Heritage Banking\course-project-group-3\course_project_group_3\accounts\views.py", line 132, in generate_report
    return generate_pdf_report(request)
           ^^^^^^^^^^^^^^^^^^^^^^^^^^^^
  File "C:\Users\curti\Project Management\Heritage Banking\course-project-group-3\course_project_group_3\accounts\views.py", line 145, in generate_pdf_report
    transactions = Transaction.objects.filter(user_account_number=user_account_number)
                   ^^^^^^^^^^^^^^^^^^^^^^^^^^^^^^^^^^^^^^^^^^^^^^^^^^^^^^^^^^^^^^^^^^^
  File "C:\Users\curti\anaconda3\envs\Django\Lib\site-packages\django\db\models\manager.py", line 87, in manager_method
    return getattr(self.get_queryset(), name)(*args, **kwargs)
           ^^^^^^^^^^^^^^^^^^^^^^^^^^^^^^^^^^^^^^^^^^^^^^^^^^^
  File "C:\Users\curti\anaconda3\envs\Django\Lib\site-packages\django\db\models\query.py", line 1476, in filter
    return self._filter_or_exclude(False, args, kwargs)
           ^^^^^^^^^^^^^^^^^^^^^^^^^^^^^^^^^^^^^^^^^^^^
  File "C:\Users\curti\anaconda3\envs\Django\Lib\site-packages\django\db\models\query.py", line 1494, in _filter_or_exclude
    clone._filter_or_exclude_inplace(negate, args, kwargs)
  File "C:\Users\curti\anaconda3\envs\Django\Lib\site-packages\django\db\models\query.py", line 1501, in _filter_or_exclude_inplace
    self._query.add_q(Q(*args, **kwargs))
  File "C:\Users\curti\anaconda3\envs\Django\Lib\site-packages\django\db\models\sql\query.py", line 1613, in add_q
    clause, _ = self._add_q(q_object, self.used_aliases)
                ^^^^^^^^^^^^^^^^^^^^^^^^^^^^^^^^^^^^^^^^
  File "C:\Users\curti\anaconda3\envs\Django\Lib\site-packages\django\db\models\sql\query.py", line 1645, in _add_q
    child_clause, needed_inner = self.build_filter(
                                 ^^^^^^^^^^^^^^^^^^
  File "C:\Users\curti\anaconda3\envs\Django\Lib\site-packages\django\db\models\sql\query.py", line 1495, in build_filter
    lookups, parts, reffed_expression = self.solve_lookup_type(arg, summarize)
                                        ^^^^^^^^^^^^^^^^^^^^^^^^^^^^^^^^^^^^^^
  File "C:\Users\curti\anaconda3\envs\Django\Lib\site-packages\django\db\models\sql\query.py", line 1307, in solve_lookup_type
    _, field, _, lookup_parts = self.names_to_path(lookup_splitted, self.get_meta())
                                ^^^^^^^^^^^^^^^^^^^^^^^^^^^^^^^^^^^^^^^^^^^^^^^^^^^^
  File "C:\Users\curti\anaconda3\envs\Django\Lib\site-packages\django\db\models\sql\query.py", line 1772, in names_to_path
    raise FieldError(
django.core.exceptions.FieldError: Cannot resolve keyword 'user_account_number' into field. Choices are: account, account_id, amount, description, id, img_url, timestamp, transaction_limit, transaction_type
"POST /generate_report/ HTTP/1.1" 500 137619
C:\Users\curti\Project Management\Heritage Banking\course-project-group-3\course_project_group_3\accounts\views.py changed, reloading.
Watching for file changes with StatReloader
Internal Server Error: /generate_report/
Traceback (most recent call last):
  File "C:\Users\curti\anaconda3\envs\Django\Lib\site-packages\django\core\handlers\exception.py", line 55, in inner
    response = get_response(request)
               ^^^^^^^^^^^^^^^^^^^^^
  File "C:\Users\curti\anaconda3\envs\Django\Lib\site-packages\django\core\handlers\base.py", line 197, in _get_response
    response = wrapped_callback(request, *callback_args, **callback_kwargs)
               ^^^^^^^^^^^^^^^^^^^^^^^^^^^^^^^^^^^^^^^^^^^^^^^^^^^^^^^^^^^^
  File "C:\Users\curti\anaconda3\envs\Django\Lib\site-packages\django\views\decorators\http.py", line 64, in inner
    return func(request, *args, **kwargs)
           ^^^^^^^^^^^^^^^^^^^^^^^^^^^^^^
  File "C:\Users\curti\anaconda3\envs\Django\Lib\site-packages\django\views\decorators\http.py", line 64, in inner
    return func(request, *args, **kwargs)
           ^^^^^^^^^^^^^^^^^^^^^^^^^^^^^^
  File "C:\Users\curti\Project Management\Heritage Banking\course-project-group-3\course_project_group_3\accounts\views.py", line 132, in generate_report
    return generate_pdf_report(request)
           ^^^^^^^^^^^^^^^^^^^^^^^^^^^^
  File "C:\Users\curti\Project Management\Heritage Banking\course-project-group-3\course_project_group_3\accounts\views.py", line 145, in generate_pdf_report
    transactions = Transaction.objects.filter(user_account_number=user_account_number)
                   ^^^^^^^^^^^^^^^^^^^^^^^^^^^^^^^^^^^^^^^^^^^^^^^^^^^^^^^^^^^^^^^^^^^
  File "C:\Users\curti\anaconda3\envs\Django\Lib\site-packages\django\db\models\manager.py", line 87, in manager_method
    return getattr(self.get_queryset(), name)(*args, **kwargs)
           ^^^^^^^^^^^^^^^^^^^^^^^^^^^^^^^^^^^^^^^^^^^^^^^^^^^
  File "C:\Users\curti\anaconda3\envs\Django\Lib\site-packages\django\db\models\query.py", line 1476, in filter
    return self._filter_or_exclude(False, args, kwargs)
           ^^^^^^^^^^^^^^^^^^^^^^^^^^^^^^^^^^^^^^^^^^^^
  File "C:\Users\curti\anaconda3\envs\Django\Lib\site-packages\django\db\models\query.py", line 1494, in _filter_or_exclude
    clone._filter_or_exclude_inplace(negate, args, kwargs)
  File "C:\Users\curti\anaconda3\envs\Django\Lib\site-packages\django\db\models\query.py", line 1501, in _filter_or_exclude_inplace
    self._query.add_q(Q(*args, **kwargs))
  File "C:\Users\curti\anaconda3\envs\Django\Lib\site-packages\django\db\models\sql\query.py", line 1613, in add_q
    clause, _ = self._add_q(q_object, self.used_aliases)
                ^^^^^^^^^^^^^^^^^^^^^^^^^^^^^^^^^^^^^^^^
  File "C:\Users\curti\anaconda3\envs\Django\Lib\site-packages\django\db\models\sql\query.py", line 1645, in _add_q
    child_clause, needed_inner = self.build_filter(
                                 ^^^^^^^^^^^^^^^^^^
  File "C:\Users\curti\anaconda3\envs\Django\Lib\site-packages\django\db\models\sql\query.py", line 1495, in build_filter
    lookups, parts, reffed_expression = self.solve_lookup_type(arg, summarize)
                                        ^^^^^^^^^^^^^^^^^^^^^^^^^^^^^^^^^^^^^^
  File "C:\Users\curti\anaconda3\envs\Django\Lib\site-packages\django\db\models\sql\query.py", line 1307, in solve_lookup_type
    _, field, _, lookup_parts = self.names_to_path(lookup_splitted, self.get_meta())
                                ^^^^^^^^^^^^^^^^^^^^^^^^^^^^^^^^^^^^^^^^^^^^^^^^^^^^
  File "C:\Users\curti\anaconda3\envs\Django\Lib\site-packages\django\db\models\sql\query.py", line 1772, in names_to_path
    raise FieldError(
django.core.exceptions.FieldError: Cannot resolve keyword 'user_account_number' into field. Choices are: account, account_id, amount, description, id, img_url, timestamp, transaction_limit, transaction_type
"POST /generate_report/ HTTP/1.1" 500 137627
C:\Users\curti\Project Management\Heritage Banking\course-project-group-3\course_project_group_3\accounts\views.py changed, reloading.
Watching for file changes with StatReloader
C:\Users\curti\Project Management\Heritage Banking\course-project-group-3\course_project_group_3\accounts\views.py changed, reloading.
Watching for file changes with StatReloader
C:\Users\curti\Project Management\Heritage Banking\course-project-group-3\course_project_group_3\accounts\views.py changed, reloading.
Watching for file changes with StatReloader
C:\Users\curti\Project Management\Heritage Banking\course-project-group-3\course_project_group_3\accounts\views.py changed, reloading.
Watching for file changes with StatReloader
C:\Users\curti\Project Management\Heritage Banking\course-project-group-3\course_project_group_3\accounts\views.py changed, reloading.
Watching for file changes with StatReloader
C:\Users\curti\Project Management\Heritage Banking\course-project-group-3\course_project_group_3\accounts\views.py changed, reloading.
Watching for file changes with StatReloader
C:\Users\curti\Project Management\Heritage Banking\course-project-group-3\course_project_group_3\accounts\views.py changed, reloading.
Watching for file changes with StatReloader
C:\Users\curti\Project Management\Heritage Banking\course-project-group-3\course_project_group_3\accounts\views.py changed, reloading.
Watching for file changes with StatReloader
C:\Users\curti\Project Management\Heritage Banking\course-project-group-3\course_project_group_3\accounts\views.py changed, reloading.
Watching for file changes with StatReloader
C:\Users\curti\Project Management\Heritage Banking\course-project-group-3\course_project_group_3\accounts\views.py changed, reloading.
Watching for file changes with StatReloader
C:\Users\curti\Project Management\Heritage Banking\course-project-group-3\course_project_group_3\accounts\views.py changed, reloading.
Watching for file changes with StatReloader
C:\Users\curti\Project Management\Heritage Banking\course-project-group-3\course_project_group_3\accounts\views.py changed, reloading.
Watching for file changes with StatReloader
C:\Users\curti\Project Management\Heritage Banking\course-project-group-3\course_project_group_3\accounts\views.py changed, reloading.
Watching for file changes with StatReloader
C:\Users\curti\Project Management\Heritage Banking\course-project-group-3\course_project_group_3\accounts\views.py changed, reloading.
Watching for file changes with StatReloader
C:\Users\curti\Project Management\Heritage Banking\course-project-group-3\course_project_group_3\accounts\views.py changed, reloading.
Watching for file changes with StatReloader
C:\Users\curti\Project Management\Heritage Banking\course-project-group-3\course_project_group_3\accounts\views.py changed, reloading.
Watching for file changes with StatReloader
C:\Users\curti\Project Management\Heritage Banking\course-project-group-3\course_project_group_3\accounts\views.py changed, reloading.
Watching for file changes with StatReloader
C:\Users\curti\Project Management\Heritage Banking\course-project-group-3\course_project_group_3\accounts\views.py changed, reloading.
Watching for file changes with StatReloader
"GET / HTTP/1.1" 200 22573
"GET /static/img/photo-1560472355-536de3962603.jpg HTTP/1.1" 404 1870
"GET /static/main/css/baguetteBox-zoom.min.css HTTP/1.1" 404 1858
"GET /static/img/scenery/image1.jpg HTTP/1.1" 404 1825
"GET /static/img/scenery/image4.jpg HTTP/1.1" 404 1825
"GET /static/img/scenery/image6.jpg HTTP/1.1" 404 1825
"GET /static/img/avatars/avatar2.jpg HTTP/1.1" 404 1828
"GET /static/img/avatars/avatar1.jpg HTTP/1.1" 404 1828
"GET /static/img/avatars/avatar3.jpg HTTP/1.1" 404 1828
- Broken pipe from ('127.0.0.1', 59978)
- Broken pipe from ('127.0.0.1', 59979)
"GET /dashboard/ HTTP/1.1" 200 39675
"GET /static/fonts/dash/Nunito.css HTTP/1.1" 404 1822
"POST /generate_report/ HTTP/1.1" 200 1563
C:\Users\curti\Project Management\Heritage Banking\course-project-group-3\course_project_group_3\accounts\views.py changed, reloading.
Watching for file changes with StatReloader
C:\Users\curti\Project Management\Heritage Banking\course-project-group-3\course_project_group_3\accounts\views.py changed, reloading.
Watching for file changes with StatReloader
C:\Users\curti\Project Management\Heritage Banking\course-project-group-3\course_project_group_3\accounts\views.py changed, reloading.
Watching for file changes with StatReloader
"POST /generate_report/ HTTP/1.1" 200 1563
C:\Users\curti\Project Management\Heritage Banking\course-project-group-3\course_project_group_3\accounts\views.py changed, reloading.
Watching for file changes with StatReloader
C:\Users\curti\Project Management\Heritage Banking\course-project-group-3\course_project_group_3\accounts\views.py changed, reloading.
Watching for file changes with StatReloader
C:\Users\curti\Project Management\Heritage Banking\course-project-group-3\course_project_group_3\accounts\views.py changed, reloading.
Watching for file changes with StatReloader
C:\Users\curti\Project Management\Heritage Banking\course-project-group-3\course_project_group_3\accounts\views.py changed, reloading.
Watching for file changes with StatReloader
C:\Users\curti\Project Management\Heritage Banking\course-project-group-3\course_project_group_3\accounts\views.py changed, reloading.
Watching for file changes with StatReloader
C:\Users\curti\Project Management\Heritage Banking\course-project-group-3\course_project_group_3\accounts\views.py changed, reloading.
Watching for file changes with StatReloader
C:\Users\curti\Project Management\Heritage Banking\course-project-group-3\course_project_group_3\accounts\views.py changed, reloading.
Watching for file changes with StatReloader
C:\Users\curti\Project Management\Heritage Banking\course-project-group-3\course_project_group_3\accounts\views.py changed, reloading.
Watching for file changes with StatReloader
C:\Users\curti\Project Management\Heritage Banking\course-project-group-3\course_project_group_3\accounts\views.py changed, reloading.
Watching for file changes with StatReloader
C:\Users\curti\Project Management\Heritage Banking\course-project-group-3\course_project_group_3\accounts\views.py changed, reloading.
Watching for file changes with StatReloader
C:\Users\curti\Project Management\Heritage Banking\course-project-group-3\course_project_group_3\accounts\views.py changed, reloading.
Watching for file changes with StatReloader
C:\Users\curti\Project Management\Heritage Banking\course-project-group-3\course_project_group_3\accounts\views.py changed, reloading.
Watching for file changes with StatReloader
C:\Users\curti\Project Management\Heritage Banking\course-project-group-3\course_project_group_3\accounts\views.py changed, reloading.
Watching for file changes with StatReloader
C:\Users\curti\Project Management\Heritage Banking\course-project-group-3\course_project_group_3\accounts\views.py changed, reloading.
Watching for file changes with StatReloader
C:\Users\curti\Project Management\Heritage Banking\course-project-group-3\course_project_group_3\accounts\views.py changed, reloading.
Watching for file changes with StatReloader
C:\Users\curti\Project Management\Heritage Banking\course-project-group-3\course_project_group_3\accounts\views.py changed, reloading.
Watching for file changes with StatReloader
C:\Users\curti\Project Management\Heritage Banking\course-project-group-3\course_project_group_3\accounts\views.py changed, reloading.
Watching for file changes with StatReloader
C:\Users\curti\Project Management\Heritage Banking\course-project-group-3\course_project_group_3\accounts\views.py changed, reloading.
Watching for file changes with StatReloader
C:\Users\curti\Project Management\Heritage Banking\course-project-group-3\course_project_group_3\accounts\views.py changed, reloading.
Watching for file changes with StatReloader
C:\Users\curti\Project Management\Heritage Banking\course-project-group-3\course_project_group_3\accounts\views.py changed, reloading.
Watching for file changes with StatReloader
C:\Users\curti\Project Management\Heritage Banking\course-project-group-3\course_project_group_3\accounts\views.py changed, reloading.
Watching for file changes with StatReloader
C:\Users\curti\Project Management\Heritage Banking\course-project-group-3\course_project_group_3\accounts\views.py changed, reloading.
Watching for file changes with StatReloader
"GET / HTTP/1.1" 200 22573
"GET /static/main/bootstrap/css/bootstrap.min.css HTTP/1.1" 304 0
"GET /static/main/css/bs-theme-overrides.css HTTP/1.1" 304 0
"GET /static/main/css/vanilla-zoom.min.css HTTP/1.1" 304 0
"GET /static/img/scenery/image1.jpg HTTP/1.1" 404 1825
"GET /static/img/scenery/image4.jpg HTTP/1.1" 404 1825
"GET /static/main/css/baguetteBox-zoom.min.css HTTP/1.1" 404 1858
"GET /static/img/avatars/avatar1.jpg HTTP/1.1" 404 1828
"GET /static/img/photo-1560472355-536de3962603.jpg HTTP/1.1" 404 1870
"GET /static/main/js/baguetteBox.min.js HTTP/1.1" 304 0
"GET /static/img/scenery/image6.jpg HTTP/1.1" 404 1825
"GET /static/main/js/vanilla-zoom.js HTTP/1.1" 304 0
"GET /static/main/js/theme.js HTTP/1.1" 304 0
"GET /static/img/avatars/avatar3.jpg HTTP/1.1" 404 1828
"GET /static/img/avatars/avatar2.jpg HTTP/1.1" 404 1828
"GET /dashboard/ HTTP/1.1" 200 39675
"GET /static/bs/dash/css/bootstrap.min.css HTTP/1.1" 304 0
"GET /static/fonts/dash/Nunito.css HTTP/1.1" 404 1822
"GET /static/css/dash/wallet.css HTTP/1.1" 304 0
"GET /static/js/dash/theme.js HTTP/1.1" 304 0
"GET /static/css/dash/bs-theme-overrides.css HTTP/1.1" 304 0
"GET /static/css/dash/global.css HTTP/1.1" 304 0
"GET /static/js/dash/bs-init.js HTTP/1.1" 304 0
"GET /profile/ HTTP/1.1" 200 31609
"GET /static/fonts/dash/Nunito.css HTTP/1.1" 404 1822
"GET /accounts/ HTTP/1.1" 200 52991
"GET /static/fonts/dash/Nunito.css HTTP/1.1" 404 1822
"GET /accounts/ HTTP/1.1" 200 52991
"GET /static/fonts/dash/Nunito.css HTTP/1.1" 404 1822
"GET /dashboard/ HTTP/1.1" 200 39675
"GET /static/fonts/dash/Nunito.css HTTP/1.1" 404 1822
"POST /generate_report/ HTTP/1.1" 200 1922
C:\Users\curti\Project Management\Heritage Banking\course-project-group-3\course_project_group_3\accounts\views.py changed, reloading.
Watching for file changes with StatReloader
"GET / HTTP/1.1" 200 22573
"GET /static/img/scenery/image1.jpg HTTP/1.1" 404 1825
"GET /static/img/photo-1560472355-536de3962603.jpg HTTP/1.1" 404 1870
"GET /static/main/css/baguetteBox-zoom.min.css HTTP/1.1" 404 1858
"GET /static/img/scenery/image6.jpg HTTP/1.1" 404 1825
"GET /static/img/scenery/image4.jpg HTTP/1.1" 404 1825
"GET /static/img/avatars/avatar3.jpg HTTP/1.1" 404 1828
"GET /static/img/avatars/avatar1.jpg HTTP/1.1" 404 1828
"GET /static/img/avatars/avatar2.jpg HTTP/1.1" 404 1828
"GET /dashboard/ HTTP/1.1" 200 39675
"GET /static/fonts/dash/Nunito.css HTTP/1.1" 404 1822
Internal Server Error: /generate_report/
Traceback (most recent call last):
  File "C:\Users\curti\anaconda3\envs\Django\Lib\site-packages\django\core\handlers\exception.py", line 55, in inner
    response = get_response(request)
               ^^^^^^^^^^^^^^^^^^^^^
  File "C:\Users\curti\anaconda3\envs\Django\Lib\site-packages\django\core\handlers\base.py", line 197, in _get_response
    response = wrapped_callback(request, *callback_args, **callback_kwargs)
               ^^^^^^^^^^^^^^^^^^^^^^^^^^^^^^^^^^^^^^^^^^^^^^^^^^^^^^^^^^^^
  File "C:\Users\curti\anaconda3\envs\Django\Lib\site-packages\django\views\decorators\http.py", line 64, in inner
    return func(request, *args, **kwargs)
           ^^^^^^^^^^^^^^^^^^^^^^^^^^^^^^
  File "C:\Users\curti\Project Management\Heritage Banking\course-project-group-3\course_project_group_3\accounts\views.py", line 152, in generate_report
    return generate_pdf_report(request)
           ^^^^^^^^^^^^^^^^^^^^^^^^^^^^
  File "C:\Users\curti\Project Management\Heritage Banking\course-project-group-3\course_project_group_3\accounts\views.py", line 175, in generate_pdf_report
    report_title = Paragraph(report_type.upper(), styles['Title'])
                             ^^^^^^^^^^^
NameError: name 'report_type' is not defined
"POST /generate_report/ HTTP/1.1" 500 85744
C:\Users\curti\Project Management\Heritage Banking\course-project-group-3\course_project_group_3\accounts\views.py changed, reloading.
Watching for file changes with StatReloader
C:\Users\curti\Project Management\Heritage Banking\course-project-group-3\course_project_group_3\accounts\views.py changed, reloading.
Watching for file changes with StatReloader
"GET / HTTP/1.1" 200 22573
"GET /static/main/css/baguetteBox-zoom.min.css HTTP/1.1" 404 1858
"GET /static/img/scenery/image6.jpg HTTP/1.1" 404 1825
"GET /static/img/scenery/image4.jpg HTTP/1.1" 404 1825
"GET /static/img/photo-1560472355-536de3962603.jpg HTTP/1.1" 404 1870
"GET /static/img/avatars/avatar1.jpg HTTP/1.1" 404 1828
"GET /static/img/scenery/image1.jpg HTTP/1.1" 404 1825
"GET /static/img/avatars/avatar3.jpg HTTP/1.1" 404 1828
"GET /static/img/avatars/avatar2.jpg HTTP/1.1" 404 1828
"GET /dashboard/ HTTP/1.1" 200 39675
"GET /static/fonts/dash/Nunito.css HTTP/1.1" 404 1822
"POST /generate_report/ HTTP/1.1" 200 1961
C:\Users\curti\Project Management\Heritage Banking\course-project-group-3\course_project_group_3\accounts\views.py changed, reloading.
Watching for file changes with StatReloader
C:\Users\curti\Project Management\Heritage Banking\course-project-group-3\course_project_group_3\accounts\views.py changed, reloading.
Watching for file changes with StatReloader
C:\Users\curti\Project Management\Heritage Banking\course-project-group-3\course_project_group_3\accounts\views.py changed, reloading.
Watching for file changes with StatReloader
C:\Users\curti\Project Management\Heritage Banking\course-project-group-3\course_project_group_3\accounts\views.py changed, reloading.
Watching for file changes with StatReloader
C:\Users\curti\Project Management\Heritage Banking\course-project-group-3\course_project_group_3\accounts\views.py changed, reloading.
Watching for file changes with StatReloader
C:\Users\curti\Project Management\Heritage Banking\course-project-group-3\course_project_group_3\accounts\views.py changed, reloading.
Watching for file changes with StatReloader
C:\Users\curti\Project Management\Heritage Banking\course-project-group-3\course_project_group_3\accounts\views.py changed, reloading.
Watching for file changes with StatReloader
"GET / HTTP/1.1" 200 22573
"GET /static/main/css/baguetteBox-zoom.min.css HTTP/1.1" 404 1858
"GET /static/img/photo-1560472355-536de3962603.jpg HTTP/1.1" 404 1870
"GET /static/img/scenery/image1.jpg HTTP/1.1" 404 1825
"GET /static/img/scenery/image4.jpg HTTP/1.1" 404 1825
"GET /static/img/scenery/image6.jpg HTTP/1.1" 404 1825
"GET /static/img/avatars/avatar1.jpg HTTP/1.1" 404 1828
"GET /static/img/avatars/avatar2.jpg HTTP/1.1" 404 1828
"GET /static/img/avatars/avatar3.jpg HTTP/1.1" 404 1828
- Broken pipe from ('127.0.0.1', 63503)
"GET /dashboard/ HTTP/1.1" 200 39674
"GET /static/fonts/dash/Nunito.css HTTP/1.1" 404 1822
Internal Server Error: /generate_report/
Traceback (most recent call last):
  File "C:\Users\curti\anaconda3\envs\Django\Lib\site-packages\django\core\handlers\exception.py", line 55, in inner
    response = get_response(request)
               ^^^^^^^^^^^^^^^^^^^^^
  File "C:\Users\curti\anaconda3\envs\Django\Lib\site-packages\django\core\handlers\base.py", line 197, in _get_response
    response = wrapped_callback(request, *callback_args, **callback_kwargs)
               ^^^^^^^^^^^^^^^^^^^^^^^^^^^^^^^^^^^^^^^^^^^^^^^^^^^^^^^^^^^^
  File "C:\Users\curti\anaconda3\envs\Django\Lib\site-packages\django\views\decorators\http.py", line 64, in inner
    return func(request, *args, **kwargs)
           ^^^^^^^^^^^^^^^^^^^^^^^^^^^^^^
  File "C:\Users\curti\Project Management\Heritage Banking\course-project-group-3\course_project_group_3\accounts\views.py", line 152, in generate_report
    return generate_pdf_report(request)
           ^^^^^^^^^^^^^^^^^^^^^^^^^^^^
  File "C:\Users\curti\Project Management\Heritage Banking\course-project-group-3\course_project_group_3\accounts\views.py", line 186, in generate_pdf_report
    company_data = "<br/>".join([f"<b>{label}:</b> {value}" for label, value in company_info])
                                                                ^^^^^^^^^^^^
ValueError: too many values to unpack (expected 2)
"POST /generate_report/ HTTP/1.1" 500 87491
C:\Users\curti\Project Management\Heritage Banking\course-project-group-3\course_project_group_3\accounts\views.py changed, reloading.
Watching for file changes with StatReloader
C:\Users\curti\Project Management\Heritage Banking\course-project-group-3\course_project_group_3\accounts\views.py changed, reloading.
Watching for file changes with StatReloader
C:\Users\curti\Project Management\Heritage Banking\course-project-group-3\course_project_group_3\accounts\views.py changed, reloading.
Watching for file changes with StatReloader
"GET / HTTP/1.1" 200 22573
"GET /static/img/photo-1560472355-536de3962603.jpg HTTP/1.1" 404 1870
"GET /static/img/avatars/avatar1.jpg HTTP/1.1" 404 1828
"GET /static/main/css/baguetteBox-zoom.min.css HTTP/1.1" 404 1858
"GET /static/img/scenery/image4.jpg HTTP/1.1" 404 1825
"GET /static/img/scenery/image6.jpg HTTP/1.1" 404 1825
"GET /static/img/scenery/image1.jpg HTTP/1.1" 404 1825
"GET /static/img/avatars/avatar2.jpg HTTP/1.1" 404 1828
"GET /static/img/avatars/avatar3.jpg HTTP/1.1" 404 1828
- Broken pipe from ('127.0.0.1', 63595)
- Broken pipe from ('127.0.0.1', 63596)
- Broken pipe from ('127.0.0.1', 63599)
"GET /dashboard/ HTTP/1.1" 200 39674
"GET /static/fonts/dash/Nunito.css HTTP/1.1" 404 1822
Internal Server Error: /generate_report/
Traceback (most recent call last):
  File "C:\Users\curti\anaconda3\envs\Django\Lib\site-packages\django\core\handlers\exception.py", line 55, in inner
    response = get_response(request)
               ^^^^^^^^^^^^^^^^^^^^^
  File "C:\Users\curti\anaconda3\envs\Django\Lib\site-packages\django\core\handlers\base.py", line 197, in _get_response
    response = wrapped_callback(request, *callback_args, **callback_kwargs)
               ^^^^^^^^^^^^^^^^^^^^^^^^^^^^^^^^^^^^^^^^^^^^^^^^^^^^^^^^^^^^
  File "C:\Users\curti\anaconda3\envs\Django\Lib\site-packages\django\views\decorators\http.py", line 64, in inner
    return func(request, *args, **kwargs)
           ^^^^^^^^^^^^^^^^^^^^^^^^^^^^^^
  File "C:\Users\curti\Project Management\Heritage Banking\course-project-group-3\course_project_group_3\accounts\views.py", line 152, in generate_report
    return generate_pdf_report(request)
           ^^^^^^^^^^^^^^^^^^^^^^^^^^^^
  File "C:\Users\curti\Project Management\Heritage Banking\course-project-group-3\course_project_group_3\accounts\views.py", line 186, in generate_pdf_report
    company_data = "<br/>".join([f"<b>{label}:</b> {value}" for label, value in company_info])
                                                                ^^^^^^^^^^^^
ValueError: too many values to unpack (expected 2)
"POST /generate_report/ HTTP/1.1" 500 87491
C:\Users\curti\Project Management\Heritage Banking\course-project-group-3\course_project_group_3\accounts\views.py changed, reloading.
Watching for file changes with StatReloader
C:\Users\curti\Project Management\Heritage Banking\course-project-group-3\course_project_group_3\accounts\views.py changed, reloading.
Watching for file changes with StatReloader
"GET / HTTP/1.1" 200 22573
"GET /static/img/photo-1560472355-536de3962603.jpg HTTP/1.1" 404 1870
"GET /static/img/avatars/avatar1.jpg HTTP/1.1" 404 1828
"GET /static/img/scenery/image4.jpg HTTP/1.1" 404 1825
"GET /static/img/scenery/image1.jpg HTTP/1.1" 404 1825
"GET /static/main/css/baguetteBox-zoom.min.css HTTP/1.1" 404 1858
"GET /static/img/scenery/image6.jpg HTTP/1.1" 404 1825
"GET /static/img/avatars/avatar2.jpg HTTP/1.1" 404 1828
"GET /static/img/avatars/avatar3.jpg HTTP/1.1" 404 1828
- Broken pipe from ('127.0.0.1', 63668)
"GET /dashboard/ HTTP/1.1" 200 39675
"GET /static/fonts/dash/Nunito.css HTTP/1.1" 404 1822
"POST /generate_report/ HTTP/1.1" 200 1922
C:\Users\curti\Project Management\Heritage Banking\course-project-group-3\course_project_group_3\accounts\views.py changed, reloading.
Watching for file changes with StatReloader
"POST /generate_report/ HTTP/1.1" 200 1922
C:\Users\curti\Project Management\Heritage Banking\course-project-group-3\course_project_group_3\accounts\views.py changed, reloading.
Watching for file changes with StatReloader
C:\Users\curti\Project Management\Heritage Banking\course-project-group-3\course_project_group_3\accounts\views.py changed, reloading.
Watching for file changes with StatReloader
"POST /generate_report/ HTTP/1.1" 200 1961
C:\Users\curti\Project Management\Heritage Banking\course-project-group-3\course_project_group_3\accounts\views.py changed, reloading.
Watching for file changes with StatReloader
C:\Users\curti\Project Management\Heritage Banking\course-project-group-3\course_project_group_3\accounts\views.py changed, reloading.
Watching for file changes with StatReloader
C:\Users\curti\Project Management\Heritage Banking\course-project-group-3\course_project_group_3\accounts\views.py changed, reloading.
Watching for file changes with StatReloader
"GET / HTTP/1.1" 200 22573
"GET /static/main/css/baguetteBox-zoom.min.css HTTP/1.1" 404 1858
"GET /static/img/photo-1560472355-536de3962603.jpg HTTP/1.1" 404 1870
"GET /static/img/scenery/image1.jpg HTTP/1.1" 404 1825
"GET /static/img/avatars/avatar1.jpg HTTP/1.1" 404 1828
"GET /static/img/scenery/image4.jpg HTTP/1.1" 404 1825
"GET /static/img/scenery/image6.jpg HTTP/1.1" 404 1825
"GET /static/img/avatars/avatar3.jpg HTTP/1.1" 404 1828
"GET /static/img/avatars/avatar2.jpg HTTP/1.1" 404 1828
"GET /dashboard/ HTTP/1.1" 200 39675
"GET /static/fonts/dash/Nunito.css HTTP/1.1" 404 1822
Internal Server Error: /generate_report/
Traceback (most recent call last):
  File "C:\Users\curti\anaconda3\envs\Django\Lib\site-packages\django\core\handlers\exception.py", line 55, in inner
    response = get_response(request)
               ^^^^^^^^^^^^^^^^^^^^^
  File "C:\Users\curti\anaconda3\envs\Django\Lib\site-packages\django\core\handlers\base.py", line 197, in _get_response
    response = wrapped_callback(request, *callback_args, **callback_kwargs)
               ^^^^^^^^^^^^^^^^^^^^^^^^^^^^^^^^^^^^^^^^^^^^^^^^^^^^^^^^^^^^
  File "C:\Users\curti\anaconda3\envs\Django\Lib\site-packages\django\views\decorators\http.py", line 64, in inner
    return func(request, *args, **kwargs)
           ^^^^^^^^^^^^^^^^^^^^^^^^^^^^^^
  File "C:\Users\curti\Project Management\Heritage Banking\course-project-group-3\course_project_group_3\accounts\views.py", line 143, in generate_report
    return generate_pdf_report(request)
           ^^^^^^^^^^^^^^^^^^^^^^^^^^^^
  File "C:\Users\curti\Project Management\Heritage Banking\course-project-group-3\course_project_group_3\accounts\views.py", line 181, in generate_pdf_report
    company_data = "<br/>".join([f"<b>{label}:</b> {value}" for label, value in company_info])
                                                                ^^^^^^^^^^^^
ValueError: too many values to unpack (expected 2)
"POST /generate_report/ HTTP/1.1" 500 87335
C:\Users\curti\Project Management\Heritage Banking\course-project-group-3\course_project_group_3\accounts\views.py changed, reloading.
Watching for file changes with StatReloader
Watching for file changes with StatReloader
"GET / HTTP/1.1" 200 22573
"GET /static/main/css/baguetteBox-zoom.min.css HTTP/1.1" 404 1858
"GET /static/img/photo-1560472355-536de3962603.jpg HTTP/1.1" 404 1870
"GET /static/img/avatars/avatar1.jpg HTTP/1.1" 404 1828
"GET /static/img/scenery/image1.jpg HTTP/1.1" 404 1825
"GET /static/img/scenery/image4.jpg HTTP/1.1" 404 1825
"GET /static/img/scenery/image6.jpg HTTP/1.1" 404 1825
"GET /static/img/avatars/avatar2.jpg HTTP/1.1" 404 1828
"GET /static/img/avatars/avatar3.jpg HTTP/1.1" 404 1828
- Broken pipe from ('127.0.0.1', 64532)
- Broken pipe from ('127.0.0.1', 64533)
- Broken pipe from ('127.0.0.1', 64535)
- Broken pipe from ('127.0.0.1', 64539)
"GET /dashboard/ HTTP/1.1" 200 39675
"GET /static/fonts/dash/Nunito.css HTTP/1.1" 404 1822
"POST /generate_report/ HTTP/1.1" 200 1961
C:\Users\curti\Project Management\Heritage Banking\course-project-group-3\course_project_group_3\accounts\views.py changed, reloading.
Watching for file changes with StatReloader
C:\Users\curti\Project Management\Heritage Banking\course-project-group-3\course_project_group_3\accounts\views.py changed, reloading.
Watching for file changes with StatReloader
C:\Users\curti\Project Management\Heritage Banking\course-project-group-3\course_project_group_3\accounts\views.py changed, reloading.
Watching for file changes with StatReloader
C:\Users\curti\Project Management\Heritage Banking\course-project-group-3\course_project_group_3\accounts\views.py changed, reloading.
Watching for file changes with StatReloader
C:\Users\curti\Project Management\Heritage Banking\course-project-group-3\course_project_group_3\accounts\views.py changed, reloading.
Watching for file changes with StatReloader
C:\Users\curti\Project Management\Heritage Banking\course-project-group-3\course_project_group_3\accounts\views.py changed, reloading.
Watching for file changes with StatReloader
C:\Users\curti\Project Management\Heritage Banking\course-project-group-3\course_project_group_3\accounts\views.py changed, reloading.
Watching for file changes with StatReloader
C:\Users\curti\Project Management\Heritage Banking\course-project-group-3\course_project_group_3\accounts\views.py changed, reloading.
Watching for file changes with StatReloader
C:\Users\curti\Project Management\Heritage Banking\course-project-group-3\course_project_group_3\accounts\views.py changed, reloading.
Watching for file changes with StatReloader
"GET / HTTP/1.1" 200 22573
"GET /static/main/bootstrap/css/bootstrap.min.css HTTP/1.1" 304 0
"GET /static/main/css/vanilla-zoom.min.css HTTP/1.1" 304 0
"GET /static/main/css/bs-theme-overrides.css HTTP/1.1" 304 0
"GET /static/main/css/baguetteBox-zoom.min.css HTTP/1.1" 404 1858
"GET /static/img/photo-1560472355-536de3962603.jpg HTTP/1.1" 404 1870
"GET /static/img/scenery/image1.jpg HTTP/1.1" 404 1825
"GET /static/main/js/theme.js HTTP/1.1" 304 0
"GET /static/main/js/vanilla-zoom.js HTTP/1.1" 304 0
"GET /static/main/js/baguetteBox.min.js HTTP/1.1" 304 0
"GET /static/img/scenery/image6.jpg HTTP/1.1" 404 1825
"GET /static/img/avatars/avatar1.jpg HTTP/1.1" 404 1828
"GET /static/img/scenery/image4.jpg HTTP/1.1" 404 1825
"GET /static/img/avatars/avatar2.jpg HTTP/1.1" 404 1828
"GET /static/img/avatars/avatar3.jpg HTTP/1.1" 404 1828
"GET /dashboard/ HTTP/1.1" 200 39675
"GET /static/bs/dash/css/bootstrap.min.css HTTP/1.1" 304 0
"GET /static/js/dash/bs-init.js HTTP/1.1" 304 0
"GET /static/css/dash/global.css HTTP/1.1" 304 0
"GET /static/fonts/dash/Nunito.css HTTP/1.1" 404 1822
"GET /static/css/dash/wallet.css HTTP/1.1" 304 0
"GET /static/css/dash/bs-theme-overrides.css HTTP/1.1" 304 0
"GET /static/js/dash/theme.js HTTP/1.1" 304 0
Internal Server Error: /generate_report/
Traceback (most recent call last):
  File "C:\Users\curti\anaconda3\envs\Django\Lib\site-packages\django\core\handlers\exception.py", line 55, in inner
    response = get_response(request)
               ^^^^^^^^^^^^^^^^^^^^^
  File "C:\Users\curti\anaconda3\envs\Django\Lib\site-packages\django\core\handlers\base.py", line 197, in _get_response
    response = wrapped_callback(request, *callback_args, **callback_kwargs)
               ^^^^^^^^^^^^^^^^^^^^^^^^^^^^^^^^^^^^^^^^^^^^^^^^^^^^^^^^^^^^
  File "C:\Users\curti\anaconda3\envs\Django\Lib\site-packages\django\views\decorators\http.py", line 64, in inner
    return func(request, *args, **kwargs)
           ^^^^^^^^^^^^^^^^^^^^^^^^^^^^^^
  File "C:\Users\curti\Project Management\Heritage Banking\course-project-group-3\course_project_group_3\accounts\views.py", line 143, in generate_report
    return generate_pdf_report(request)
           ^^^^^^^^^^^^^^^^^^^^^^^^^^^^
  File "C:\Users\curti\Project Management\Heritage Banking\course-project-group-3\course_project_group_3\accounts\views.py", line 181, in generate_pdf_report
    company_data = "<br/>".join([f"<b>{label}:</b> {value}" for label, value in company_info])
                                                                ^^^^^^^^^^^^
ValueError: too many values to unpack (expected 2)
"POST /generate_report/ HTTP/1.1" 500 87343
C:\Users\curti\Project Management\Heritage Banking\course-project-group-3\course_project_group_3\accounts\views.py changed, reloading.
Watching for file changes with StatReloader
C:\Users\curti\Project Management\Heritage Banking\course-project-group-3\course_project_group_3\accounts\views.py changed, reloading.
Watching for file changes with StatReloader
C:\Users\curti\Project Management\Heritage Banking\course-project-group-3\course_project_group_3\accounts\views.py changed, reloading.
Watching for file changes with StatReloader
C:\Users\curti\Project Management\Heritage Banking\course-project-group-3\course_project_group_3\accounts\views.py changed, reloading.
Watching for file changes with StatReloader
"GET / HTTP/1.1" 200 22573
"GET /static/img/avatars/avatar1.jpg HTTP/1.1" 404 1828
"GET /static/main/css/baguetteBox-zoom.min.css HTTP/1.1" 404 1858
"GET /static/img/scenery/image1.jpg HTTP/1.1" 404 1825
"GET /static/img/scenery/image6.jpg HTTP/1.1" 404 1825
"GET /static/img/photo-1560472355-536de3962603.jpg HTTP/1.1" 404 1870
"GET /static/img/scenery/image4.jpg HTTP/1.1" 404 1825
"GET /static/img/avatars/avatar3.jpg HTTP/1.1" 404 1828
"GET /static/img/avatars/avatar2.jpg HTTP/1.1" 404 1828
"GET /dashboard/ HTTP/1.1" 200 39675
"GET /static/fonts/dash/Nunito.css HTTP/1.1" 404 1822
Internal Server Error: /generate_report/
Traceback (most recent call last):
  File "C:\Users\curti\anaconda3\envs\Django\Lib\site-packages\reportlab\platypus\paraparser.py", line 3215, in parse
    self.feed(text)
  File "C:\Users\curti\anaconda3\envs\Django\Lib\html\parser.py", line 111, in feed
    self.goahead(0)
  File "C:\Users\curti\anaconda3\envs\Django\Lib\html\parser.py", line 173, in goahead
    k = self.parse_endtag(i)
        ^^^^^^^^^^^^^^^^^^^^
  File "C:\Users\curti\anaconda3\envs\Django\Lib\html\parser.py", line 414, in parse_endtag
    self.handle_endtag(elem)
  File "C:\Users\curti\anaconda3\envs\Django\Lib\site-packages\reportlab\platypus\paraparser.py", line 3251, in handle_endtag
    end()
  File "C:\Users\curti\anaconda3\envs\Django\Lib\site-packages\reportlab\platypus\paraparser.py", line 2598, in end_b
    self._pop('b')
  File "C:\Users\curti\anaconda3\envs\Django\Lib\site-packages\reportlab\platypus\paraparser.py", line 3065, in _pop
    raise ValueError('Parse error: saw </%s> instead of expected </%s>' % (tag,frag.__tag__))
ValueError: Parse error: saw </b> instead of expected </para>

During handling of the above exception, another exception occurred:

Traceback (most recent call last):
  File "C:\Users\curti\anaconda3\envs\Django\Lib\site-packages\django\core\handlers\exception.py", line 55, in inner
    response = get_response(request)
               ^^^^^^^^^^^^^^^^^^^^^
  File "C:\Users\curti\anaconda3\envs\Django\Lib\site-packages\django\core\handlers\base.py", line 197, in _get_response
    response = wrapped_callback(request, *callback_args, **callback_kwargs)
               ^^^^^^^^^^^^^^^^^^^^^^^^^^^^^^^^^^^^^^^^^^^^^^^^^^^^^^^^^^^^
  File "C:\Users\curti\anaconda3\envs\Django\Lib\site-packages\django\views\decorators\http.py", line 64, in inner
    return func(request, *args, **kwargs)
           ^^^^^^^^^^^^^^^^^^^^^^^^^^^^^^
  File "C:\Users\curti\Project Management\Heritage Banking\course-project-group-3\course_project_group_3\accounts\views.py", line 143, in generate_report
    return generate_pdf_report(request)
           ^^^^^^^^^^^^^^^^^^^^^^^^^^^^
  File "C:\Users\curti\Project Management\Heritage Banking\course-project-group-3\course_project_group_3\accounts\views.py", line 182, in generate_pdf_report
    company_info_paragraph = Paragraph(company_data, styles['Normal'])
                             ^^^^^^^^^^^^^^^^^^^^^^^^^^^^^^^^^^^^^^^^^
  File "C:\Users\curti\anaconda3\envs\Django\Lib\site-packages\reportlab\platypus\paragraph.py", line 1800, in __init__
    self._setup(text, style, bulletText or getattr(style,'bulletText',None), frags, cleanBlockQuotedText)
  File "C:\Users\curti\anaconda3\envs\Django\Lib\site-packages\reportlab\platypus\paragraph.py", line 1821, in _setup
    style, frags, bulletTextFrags = _parser.parse(text,style)
                                    ^^^^^^^^^^^^^^^^^^^^^^^^^
  File "C:\Users\curti\anaconda3\envs\Django\Lib\site-packages\reportlab\platypus\paraparser.py", line 3217, in parse
    annotateException('\nparagraph text %s caused exception' % ascii(text))
  File "C:\Users\curti\anaconda3\envs\Django\Lib\site-packages\reportlab\lib\utils.py", line 1176, in annotateException
    rl_reraise(t,t(sep.join((_ for _ in (msg,str(v),postMsg) if _))),b)
  File "C:\Users\curti\anaconda3\envs\Django\Lib\site-packages\reportlab\lib\utils.py", line 138, in rl_reraise
    raise v.with_traceback(b)
  File "C:\Users\curti\anaconda3\envs\Django\Lib\site-packages\reportlab\platypus\paraparser.py", line 3215, in parse
    self.feed(text)
  File "C:\Users\curti\anaconda3\envs\Django\Lib\html\parser.py", line 111, in feed
    self.goahead(0)
  File "C:\Users\curti\anaconda3\envs\Django\Lib\html\parser.py", line 173, in goahead
    k = self.parse_endtag(i)
        ^^^^^^^^^^^^^^^^^^^^
  File "C:\Users\curti\anaconda3\envs\Django\Lib\html\parser.py", line 414, in parse_endtag
    self.handle_endtag(elem)
  File "C:\Users\curti\anaconda3\envs\Django\Lib\site-packages\reportlab\platypus\paraparser.py", line 3251, in handle_endtag
    end()
  File "C:\Users\curti\anaconda3\envs\Django\Lib\site-packages\reportlab\platypus\paraparser.py", line 2598, in end_b
    self._pop('b')
  File "C:\Users\curti\anaconda3\envs\Django\Lib\site-packages\reportlab\platypus\paraparser.py", line 3065, in _pop
    raise ValueError('Parse error: saw </%s> instead of expected </%s>' % (tag,frag.__tag__))
ValueError: 
paragraph text '<para></b> Heritage Banking<br/></b> 123 Here Street, Greenville, NC 27834<br/></b> info@xyzinc.com</para>' caused exception Parse error: saw </b> instead of expected </para>
"POST /generate_report/ HTTP/1.1" 500 172994
C:\Users\curti\Project Management\Heritage Banking\course-project-group-3\course_project_group_3\accounts\views.py changed, reloading.
Watching for file changes with StatReloader
"GET / HTTP/1.1" 200 22573
"GET /static/main/css/baguetteBox-zoom.min.css HTTP/1.1" 404 1858
"GET /static/img/scenery/image1.jpg HTTP/1.1" 404 1825
"GET /static/img/photo-1560472355-536de3962603.jpg HTTP/1.1" 404 1870
"GET /static/img/scenery/image4.jpg HTTP/1.1" 404 1825
"GET /static/img/scenery/image6.jpg HTTP/1.1" 404 1825
"GET /static/img/avatars/avatar1.jpg HTTP/1.1" 404 1828
"GET /static/img/avatars/avatar2.jpg HTTP/1.1" 404 1828
"GET /static/img/avatars/avatar3.jpg HTTP/1.1" 404 1828
- Broken pipe from ('127.0.0.1', 64794)
"GET /dashboard/ HTTP/1.1" 200 39675
"GET /static/fonts/dash/Nunito.css HTTP/1.1" 404 1822
Internal Server Error: /generate_report/
Traceback (most recent call last):
  File "C:\Users\curti\anaconda3\envs\Django\Lib\site-packages\django\core\handlers\exception.py", line 55, in inner
    response = get_response(request)
               ^^^^^^^^^^^^^^^^^^^^^
  File "C:\Users\curti\anaconda3\envs\Django\Lib\site-packages\django\core\handlers\base.py", line 197, in _get_response
    response = wrapped_callback(request, *callback_args, **callback_kwargs)
               ^^^^^^^^^^^^^^^^^^^^^^^^^^^^^^^^^^^^^^^^^^^^^^^^^^^^^^^^^^^^
  File "C:\Users\curti\anaconda3\envs\Django\Lib\site-packages\django\views\decorators\http.py", line 64, in inner
    return func(request, *args, **kwargs)
           ^^^^^^^^^^^^^^^^^^^^^^^^^^^^^^
  File "C:\Users\curti\Project Management\Heritage Banking\course-project-group-3\course_project_group_3\accounts\views.py", line 152, in generate_report
    return generate_pdf_report(request)
           ^^^^^^^^^^^^^^^^^^^^^^^^^^^^
  File "C:\Users\curti\Project Management\Heritage Banking\course-project-group-3\course_project_group_3\accounts\views.py", line 175, in generate_pdf_report
    report_title = Paragraph(report_type.upper(), styles['Title'])
                             ^^^^^^^^^^^
NameError: name 'report_type' is not defined
"POST /generate_report/ HTTP/1.1" 500 85718
C:\Users\curti\Project Management\Heritage Banking\course-project-group-3\course_project_group_3\accounts\views.py changed, reloading.
Watching for file changes with StatReloader
C:\Users\curti\Project Management\Heritage Banking\course-project-group-3\course_project_group_3\accounts\views.py changed, reloading.
Watching for file changes with StatReloader
C:\Users\curti\Project Management\Heritage Banking\course-project-group-3\course_project_group_3\accounts\views.py changed, reloading.
Watching for file changes with StatReloader
C:\Users\curti\Project Management\Heritage Banking\course-project-group-3\course_project_group_3\accounts\views.py changed, reloading.
Watching for file changes with StatReloader
C:\Users\curti\Project Management\Heritage Banking\course-project-group-3\course_project_group_3\accounts\views.py changed, reloading.
Watching for file changes with StatReloader
C:\Users\curti\Project Management\Heritage Banking\course-project-group-3\course_project_group_3\accounts\views.py changed, reloading.
Watching for file changes with StatReloader
C:\Users\curti\Project Management\Heritage Banking\course-project-group-3\course_project_group_3\accounts\views.py changed, reloading.
Watching for file changes with StatReloader
C:\Users\curti\Project Management\Heritage Banking\course-project-group-3\course_project_group_3\accounts\views.py changed, reloading.
Watching for file changes with StatReloader
"POST /generate_report/ HTTP/1.1" 200 1953
C:\Users\curti\Project Management\Heritage Banking\course-project-group-3\course_project_group_3\accounts\views.py changed, reloading.
Watching for file changes with StatReloader
C:\Users\curti\Project Management\Heritage Banking\course-project-group-3\course_project_group_3\accounts\views.py changed, reloading.
Watching for file changes with StatReloader
"GET / HTTP/1.1" 200 22573
"GET /static/main/css/baguetteBox-zoom.min.css HTTP/1.1" 404 1858
"GET /static/img/photo-1560472355-536de3962603.jpg HTTP/1.1" 404 1870
"GET /static/img/scenery/image1.jpg HTTP/1.1" 404 1825
"GET /static/img/avatars/avatar1.jpg HTTP/1.1" 404 1828
"GET /static/img/scenery/image6.jpg HTTP/1.1" 404 1825
"GET /static/img/scenery/image4.jpg HTTP/1.1" 404 1825
"GET /static/img/avatars/avatar3.jpg HTTP/1.1" 404 1828
"GET /static/img/avatars/avatar2.jpg HTTP/1.1" 404 1828
"GET /dashboard/ HTTP/1.1" 200 39666
"GET /static/fonts/dash/Nunito.css HTTP/1.1" 404 1822
"POST /generate_report/ HTTP/1.1" 200 1955
Watching for file changes with StatReloader
"GET / HTTP/1.1" 200 24397
"GET /static/main/bootstrap/css/bootstrap.min.css HTTP/1.1" 304 0
"GET /static/main/css/bs-theme-overrides.css HTTP/1.1" 304 0
"GET /static/main/css/vanilla-zoom.min.css HTTP/1.1" 304 0
"GET /static/img/scenery/image1.jpg HTTP/1.1" 404 1825
"GET /static/img/photo-1560472355-536de3962603.jpg HTTP/1.1" 404 1870
"GET /static/main/css/baguetteBox-zoom.min.css HTTP/1.1" 404 1858
"GET /static/main/js/vanilla-zoom.js HTTP/1.1" 304 0
"GET /static/img/scenery/image4.jpg HTTP/1.1" 404 1825
"GET /static/img/scenery/image6.jpg HTTP/1.1" 404 1825
"GET /static/main/js/theme.js HTTP/1.1" 304 0
"GET /static/main/js/baguetteBox.min.js HTTP/1.1" 304 0
"GET /static/img/avatars/avatar1.jpg HTTP/1.1" 404 1828
"GET /static/img/avatars/avatar2.jpg HTTP/1.1" 404 1828
"GET /static/img/avatars/avatar3.jpg HTTP/1.1" 404 1828
Not Found: /favicon.ico
"GET /favicon.ico HTTP/1.1" 404 4653
"GET /register/ HTTP/1.1" 200 7540
"GET /static/main/css/baguetteBox-zoom.min.css HTTP/1.1" 404 1858
"POST /create_new_account/ HTTP/1.1" 302 0
"GET /accounts/ HTTP/1.1" 200 53472
"GET /static/bs/dash/css/bootstrap.min.css HTTP/1.1" 304 0
"GET /static/css/dash/bs-theme-overrides.css HTTP/1.1" 304 0
"GET /static/js/dash/bs-init.js HTTP/1.1" 304 0
"GET /static/css/dash/global.css HTTP/1.1" 304 0
"GET /static/fonts/dash/Nunito.css HTTP/1.1" 404 1822
"GET /static/css/dash/wallet.css HTTP/1.1" 304 0
"GET /static/js/dash/theme.js HTTP/1.1" 304 0
"GET /dashboard/ HTTP/1.1" 200 39819
"GET /static/fonts/dash/Nunito.css HTTP/1.1" 404 1822
"POST /generate_report/ HTTP/1.1" 200 1957
C:\Users\curti\Project Management\Heritage Banking\course-project-group-3\course_project_group_3\accounts\views.py changed, reloading.
Watching for file changes with StatReloader
C:\Users\curti\Project Management\Heritage Banking\course-project-group-3\course_project_group_3\accounts\views.py changed, reloading.
Watching for file changes with StatReloader
C:\Users\curti\Project Management\Heritage Banking\course-project-group-3\course_project_group_3\accounts\views.py changed, reloading.
Watching for file changes with StatReloader
C:\Users\curti\Project Management\Heritage Banking\course-project-group-3\course_project_group_3\accounts\views.py changed, reloading.
Watching for file changes with StatReloader
C:\Users\curti\Project Management\Heritage Banking\course-project-group-3\course_project_group_3\accounts\views.py changed, reloading.
Watching for file changes with StatReloader
C:\Users\curti\Project Management\Heritage Banking\course-project-group-3\course_project_group_3\accounts\views.py changed, reloading.
Watching for file changes with StatReloader
C:\Users\curti\Project Management\Heritage Banking\course-project-group-3\course_project_group_3\accounts\views.py changed, reloading.
Watching for file changes with StatReloader
C:\Users\curti\Project Management\Heritage Banking\course-project-group-3\course_project_group_3\accounts\views.py changed, reloading.
Watching for file changes with StatReloader
C:\Users\curti\Project Management\Heritage Banking\course-project-group-3\course_project_group_3\accounts\views.py changed, reloading.
Watching for file changes with StatReloader
C:\Users\curti\Project Management\Heritage Banking\course-project-group-3\course_project_group_3\accounts\views.py changed, reloading.
Watching for file changes with StatReloader
C:\Users\curti\Project Management\Heritage Banking\course-project-group-3\course_project_group_3\accounts\views.py changed, reloading.
Watching for file changes with StatReloader
C:\Users\curti\Project Management\Heritage Banking\course-project-group-3\course_project_group_3\accounts\views.py changed, reloading.
Watching for file changes with StatReloader
C:\Users\curti\Project Management\Heritage Banking\course-project-group-3\course_project_group_3\accounts\views.py changed, reloading.
Watching for file changes with StatReloader
C:\Users\curti\Project Management\Heritage Banking\course-project-group-3\course_project_group_3\accounts\views.py changed, reloading.
Watching for file changes with StatReloader
C:\Users\curti\Project Management\Heritage Banking\course-project-group-3\course_project_group_3\accounts\views.py changed, reloading.
Watching for file changes with StatReloader
C:\Users\curti\Project Management\Heritage Banking\course-project-group-3\course_project_group_3\accounts\views.py changed, reloading.
Watching for file changes with StatReloader
C:\Users\curti\Project Management\Heritage Banking\course-project-group-3\course_project_group_3\accounts\views.py changed, reloading.
Watching for file changes with StatReloader
"GET / HTTP/1.1" 200 22574
"GET /static/img/photo-1560472355-536de3962603.jpg HTTP/1.1" 404 1870
"GET /static/img/scenery/image1.jpg HTTP/1.1" 404 1825
"GET /static/main/css/baguetteBox-zoom.min.css HTTP/1.1" 404 1858
"GET /static/img/scenery/image6.jpg HTTP/1.1" 404 1825
"GET /static/img/avatars/avatar1.jpg HTTP/1.1" 404 1828
"GET /static/img/scenery/image4.jpg HTTP/1.1" 404 1825
"GET /static/img/avatars/avatar2.jpg HTTP/1.1" 404 1828
"GET /static/img/avatars/avatar3.jpg HTTP/1.1" 404 1828
- Broken pipe from ('127.0.0.1', 52901)
- Broken pipe from ('127.0.0.1', 52902)
"GET /dashboard/ HTTP/1.1" 200 39819
"GET /static/fonts/dash/Nunito.css HTTP/1.1" 404 1822
"POST /generate_report/ HTTP/1.1" 200 1957
"POST /generate_report/ HTTP/1.1" 200 1957
"POST /generate_report/ HTTP/1.1" 200 1957
Watching for file changes with StatReloader
"GET / HTTP/1.1" 200 22574
"GET /static/main/bootstrap/css/bootstrap.min.css HTTP/1.1" 304 0
"GET /static/main/css/bs-theme-overrides.css HTTP/1.1" 304 0
"GET /static/main/css/vanilla-zoom.min.css HTTP/1.1" 304 0
"GET /static/img/photo-1560472355-536de3962603.jpg HTTP/1.1" 404 1870
"GET /static/img/scenery/image1.jpg HTTP/1.1" 404 1825
"GET /static/main/css/baguetteBox-zoom.min.css HTTP/1.1" 404 1858
"GET /static/img/scenery/image4.jpg HTTP/1.1" 404 1825
"GET /static/main/js/baguetteBox.min.js HTTP/1.1" 304 0
"GET /static/img/scenery/image6.jpg HTTP/1.1" 404 1825
"GET /static/img/avatars/avatar1.jpg HTTP/1.1" 404 1828
"GET /static/main/js/vanilla-zoom.js HTTP/1.1" 304 0
"GET /static/main/js/theme.js HTTP/1.1" 304 0
"GET /static/img/avatars/avatar3.jpg HTTP/1.1" 404 1828
"GET /static/img/avatars/avatar2.jpg HTTP/1.1" 404 1828
"GET /dashboard/ HTTP/1.1" 200 39819
"GET /static/bs/dash/css/bootstrap.min.css HTTP/1.1" 304 0
"GET /static/css/dash/bs-theme-overrides.css HTTP/1.1" 304 0
"GET /static/fonts/dash/Nunito.css HTTP/1.1" 404 1822
"GET /static/js/dash/bs-init.js HTTP/1.1" 304 0
"GET /static/js/dash/theme.js HTTP/1.1" 304 0
"GET /static/css/dash/global.css HTTP/1.1" 304 0
"GET /static/css/dash/wallet.css HTTP/1.1" 304 0
"POST /generate_report/ HTTP/1.1" 200 1957
C:\Users\curti\Project Management\Heritage Banking\course-project-group-3\course_project_group_3\accounts\models.py changed, reloading.
Watching for file changes with StatReloader
Watching for file changes with StatReloader
"GET / HTTP/1.1" 200 22574
"GET /static/main/bootstrap/css/bootstrap.min.css HTTP/1.1" 304 0
"GET /static/main/css/bs-theme-overrides.css HTTP/1.1" 304 0
"GET /static/main/css/vanilla-zoom.min.css HTTP/1.1" 304 0
"GET /static/img/photo-1560472355-536de3962603.jpg HTTP/1.1" 404 1870
"GET /static/img/scenery/image1.jpg HTTP/1.1" 404 1825
"GET /static/main/css/baguetteBox-zoom.min.css HTTP/1.1" 404 1858
"GET /static/img/scenery/image4.jpg HTTP/1.1" 404 1825
"GET /static/main/js/baguetteBox.min.js HTTP/1.1" 304 0
"GET /static/main/js/vanilla-zoom.js HTTP/1.1" 304 0
"GET /static/main/js/theme.js HTTP/1.1" 304 0
"GET /static/img/avatars/avatar1.jpg HTTP/1.1" 404 1828
"GET /static/img/scenery/image6.jpg HTTP/1.1" 404 1825
"GET /static/img/avatars/avatar3.jpg HTTP/1.1" 404 1828
"GET /static/img/avatars/avatar2.jpg HTTP/1.1" 404 1828
Not Found: /favicon.ico
"GET /favicon.ico HTTP/1.1" 404 4653
- Broken pipe from ('127.0.0.1', 64090)
"GET /dashboard/ HTTP/1.1" 200 39819
"GET /static/bs/dash/css/bootstrap.min.css HTTP/1.1" 304 0
"GET /static/css/dash/global.css HTTP/1.1" 304 0
"GET /static/css/dash/bs-theme-overrides.css HTTP/1.1" 304 0
"GET /static/fonts/dash/Nunito.css HTTP/1.1" 404 1822
"GET /static/css/dash/wallet.css HTTP/1.1" 304 0
"GET /static/js/dash/bs-init.js HTTP/1.1" 304 0
"GET /static/js/dash/theme.js HTTP/1.1" 304 0
Internal Server Error: /generate_report/
Traceback (most recent call last):
  File "C:\Users\curti\anaconda3\envs\Django\Lib\site-packages\django\core\handlers\exception.py", line 55, in inner
    response = get_response(request)
               ^^^^^^^^^^^^^^^^^^^^^
  File "C:\Users\curti\anaconda3\envs\Django\Lib\site-packages\django\core\handlers\base.py", line 197, in _get_response
    response = wrapped_callback(request, *callback_args, **callback_kwargs)
               ^^^^^^^^^^^^^^^^^^^^^^^^^^^^^^^^^^^^^^^^^^^^^^^^^^^^^^^^^^^^
  File "C:\Users\curti\anaconda3\envs\Django\Lib\site-packages\django\views\decorators\http.py", line 64, in inner
    return func(request, *args, **kwargs)
           ^^^^^^^^^^^^^^^^^^^^^^^^^^^^^^
  File "C:\Users\curti\Project Management\Heritage Banking\course-project-group-3\course_project_group_3\accounts\views.py", line 148, in generate_report
    return generate_pdf_report(request)
           ^^^^^^^^^^^^^^^^^^^^^^^^^^^^
  File "C:\Users\curti\Project Management\Heritage Banking\course-project-group-3\course_project_group_3\accounts\views.py", line 210, in generate_pdf_report
    customer_data = "<br/>".join([f"<b>{label}:</b> {value}" for label, value in customer_info])
                                                                 ^^^^^^^^^^^^
TypeError: cannot unpack non-iterable NoneType object
"POST /generate_report/ HTTP/1.1" 500 93010
C:\Users\curti\Project Management\Heritage Banking\course-project-group-3\course_project_group_3\accounts\views.py changed, reloading.
Watching for file changes with StatReloader
C:\Users\curti\Project Management\Heritage Banking\course-project-group-3\course_project_group_3\accounts\views.py changed, reloading.
Watching for file changes with StatReloader
Internal Server Error: /generate_report/
Traceback (most recent call last):
  File "C:\Users\curti\anaconda3\envs\Django\Lib\site-packages\django\core\handlers\exception.py", line 55, in inner
    response = get_response(request)
               ^^^^^^^^^^^^^^^^^^^^^
  File "C:\Users\curti\anaconda3\envs\Django\Lib\site-packages\django\core\handlers\base.py", line 197, in _get_response
    response = wrapped_callback(request, *callback_args, **callback_kwargs)
               ^^^^^^^^^^^^^^^^^^^^^^^^^^^^^^^^^^^^^^^^^^^^^^^^^^^^^^^^^^^^
  File "C:\Users\curti\anaconda3\envs\Django\Lib\site-packages\django\views\decorators\http.py", line 64, in inner
    return func(request, *args, **kwargs)
           ^^^^^^^^^^^^^^^^^^^^^^^^^^^^^^
  File "C:\Users\curti\Project Management\Heritage Banking\course-project-group-3\course_project_group_3\accounts\views.py", line 148, in generate_report
    return generate_pdf_report(request)
           ^^^^^^^^^^^^^^^^^^^^^^^^^^^^
  File "C:\Users\curti\Project Management\Heritage Banking\course-project-group-3\course_project_group_3\accounts\views.py", line 210, in generate_pdf_report
    customer_data = "<br/>".join([f"<b>{label}:</b> {value}" for label, value in customer_info])
                                                                 ^^^^^^^^^^^^
TypeError: cannot unpack non-iterable NoneType object
"POST /generate_report/ HTTP/1.1" 500 93010
C:\Users\curti\Project Management\Heritage Banking\course-project-group-3\course_project_group_3\accounts\views.py changed, reloading.
Watching for file changes with StatReloader
C:\Users\curti\Project Management\Heritage Banking\course-project-group-3\course_project_group_3\accounts\views.py changed, reloading.
Watching for file changes with StatReloader
C:\Users\curti\Project Management\Heritage Banking\course-project-group-3\course_project_group_3\accounts\views.py changed, reloading.
Watching for file changes with StatReloader
C:\Users\curti\Project Management\Heritage Banking\course-project-group-3\course_project_group_3\accounts\views.py changed, reloading.
Watching for file changes with StatReloader
C:\Users\curti\Project Management\Heritage Banking\course-project-group-3\course_project_group_3\accounts\views.py changed, reloading.
Watching for file changes with StatReloader
"GET /static/fonts/dash/Nunito.css HTTP/1.1" 404 1822
Internal Server Error: /generate_report/
Traceback (most recent call last):
  File "C:\Users\curti\anaconda3\envs\Django\Lib\site-packages\django\core\handlers\exception.py", line 55, in inner
    response = get_response(request)
               ^^^^^^^^^^^^^^^^^^^^^
  File "C:\Users\curti\anaconda3\envs\Django\Lib\site-packages\django\core\handlers\base.py", line 197, in _get_response
    response = wrapped_callback(request, *callback_args, **callback_kwargs)
               ^^^^^^^^^^^^^^^^^^^^^^^^^^^^^^^^^^^^^^^^^^^^^^^^^^^^^^^^^^^^
  File "C:\Users\curti\anaconda3\envs\Django\Lib\site-packages\django\views\decorators\http.py", line 64, in inner
    return func(request, *args, **kwargs)
           ^^^^^^^^^^^^^^^^^^^^^^^^^^^^^^
  File "C:\Users\curti\Project Management\Heritage Banking\course-project-group-3\course_project_group_3\accounts\views.py", line 148, in generate_report
    return generate_pdf_report(request)
           ^^^^^^^^^^^^^^^^^^^^^^^^^^^^
  File "C:\Users\curti\Project Management\Heritage Banking\course-project-group-3\course_project_group_3\accounts\views.py", line 210, in generate_pdf_report
    customer_data = "<br/>".join([f"<b>{label}:</b> {value}" for label, value in customer_info])
                                                                 ^^^^^^^^^^^^
TypeError: cannot unpack non-iterable NoneType object
"POST /generate_report/ HTTP/1.1" 500 93010
C:\Users\curti\Project Management\Heritage Banking\course-project-group-3\course_project_group_3\accounts\views.py changed, reloading.
Watching for file changes with StatReloader
C:\Users\curti\Project Management\Heritage Banking\course-project-group-3\course_project_group_3\accounts\views.py changed, reloading.
Watching for file changes with StatReloader
C:\Users\curti\Project Management\Heritage Banking\course-project-group-3\course_project_group_3\accounts\views.py changed, reloading.
Watching for file changes with StatReloader
C:\Users\curti\Project Management\Heritage Banking\course-project-group-3\course_project_group_3\accounts\views.py changed, reloading.
Watching for file changes with StatReloader
C:\Users\curti\Project Management\Heritage Banking\course-project-group-3\course_project_group_3\accounts\views.py changed, reloading.
Watching for file changes with StatReloader
C:\Users\curti\Project Management\Heritage Banking\course-project-group-3\course_project_group_3\accounts\views.py changed, reloading.
Watching for file changes with StatReloader
C:\Users\curti\Project Management\Heritage Banking\course-project-group-3\course_project_group_3\accounts\views.py changed, reloading.
Watching for file changes with StatReloader
C:\Users\curti\Project Management\Heritage Banking\course-project-group-3\course_project_group_3\accounts\views.py changed, reloading.
Watching for file changes with StatReloader
C:\Users\curti\Project Management\Heritage Banking\course-project-group-3\course_project_group_3\accounts\views.py changed, reloading.
Watching for file changes with StatReloader
C:\Users\curti\Project Management\Heritage Banking\course-project-group-3\course_project_group_3\accounts\views.py changed, reloading.
Watching for file changes with StatReloader
C:\Users\curti\Project Management\Heritage Banking\course-project-group-3\course_project_group_3\accounts\views.py changed, reloading.
Watching for file changes with StatReloader
C:\Users\curti\Project Management\Heritage Banking\course-project-group-3\course_project_group_3\accounts\views.py changed, reloading.
Watching for file changes with StatReloader
Watching for file changes with StatReloader
"GET / HTTP/1.1" 200 22574
"GET /static/main/bootstrap/css/bootstrap.min.css HTTP/1.1" 304 0
"GET /static/main/css/bs-theme-overrides.css HTTP/1.1" 304 0
"GET /static/main/css/vanilla-zoom.min.css HTTP/1.1" 304 0
"GET /static/main/css/baguetteBox-zoom.min.css HTTP/1.1" 404 1858
"GET /static/img/photo-1560472355-536de3962603.jpg HTTP/1.1" 404 1870
"GET /static/img/scenery/image1.jpg HTTP/1.1" 404 1825
"GET /static/img/scenery/image4.jpg HTTP/1.1" 404 1825
"GET /static/img/avatars/avatar1.jpg HTTP/1.1" 404 1828
"GET /static/img/scenery/image6.jpg HTTP/1.1" 404 1825
"GET /static/main/js/baguetteBox.min.js HTTP/1.1" 304 0
"GET /static/img/avatars/avatar2.jpg HTTP/1.1" 404 1828
"GET /static/main/js/vanilla-zoom.js HTTP/1.1" 304 0
"GET /static/main/js/theme.js HTTP/1.1" 304 0
"GET /static/img/avatars/avatar3.jpg HTTP/1.1" 404 1828
Not Found: /favicon.ico
"GET /favicon.ico HTTP/1.1" 404 4653
"GET /dashboard/ HTTP/1.1" 200 39819
"GET /static/bs/dash/css/bootstrap.min.css HTTP/1.1" 304 0
"GET /static/css/dash/bs-theme-overrides.css HTTP/1.1" 304 0
"GET /static/fonts/dash/Nunito.css HTTP/1.1" 404 1822
"GET /static/js/dash/theme.js HTTP/1.1" 304 0
"GET /static/css/dash/global.css HTTP/1.1" 304 0
"GET /static/js/dash/bs-init.js HTTP/1.1" 304 0
"GET /static/css/dash/wallet.css HTTP/1.1" 304 0
"POST /generate_report/ HTTP/1.1" 200 1728
C:\Users\curti\Project Management\Heritage Banking\course-project-group-3\course_project_group_3\accounts\views.py changed, reloading.
Watching for file changes with StatReloader
C:\Users\curti\Project Management\Heritage Banking\course-project-group-3\course_project_group_3\accounts\views.py changed, reloading.
Watching for file changes with StatReloader
C:\Users\curti\Project Management\Heritage Banking\course-project-group-3\course_project_group_3\accounts\views.py changed, reloading.
Watching for file changes with StatReloader
C:\Users\curti\Project Management\Heritage Banking\course-project-group-3\course_project_group_3\accounts\views.py changed, reloading.
Watching for file changes with StatReloader
C:\Users\curti\Project Management\Heritage Banking\course-project-group-3\course_project_group_3\accounts\views.py changed, reloading.
Watching for file changes with StatReloader
C:\Users\curti\Project Management\Heritage Banking\course-project-group-3\course_project_group_3\accounts\views.py changed, reloading.
Watching for file changes with StatReloader
C:\Users\curti\Project Management\Heritage Banking\course-project-group-3\course_project_group_3\accounts\views.py changed, reloading.
Watching for file changes with StatReloader
C:\Users\curti\Project Management\Heritage Banking\course-project-group-3\course_project_group_3\accounts\views.py changed, reloading.
Watching for file changes with StatReloader
C:\Users\curti\Project Management\Heritage Banking\course-project-group-3\course_project_group_3\accounts\views.py changed, reloading.
Watching for file changes with StatReloader
C:\Users\curti\Project Management\Heritage Banking\course-project-group-3\course_project_group_3\accounts\views.py changed, reloading.
Watching for file changes with StatReloader
C:\Users\curti\Project Management\Heritage Banking\course-project-group-3\course_project_group_3\accounts\views.py changed, reloading.
Watching for file changes with StatReloader
"GET / HTTP/1.1" 200 22574
"GET /static/img/photo-1560472355-536de3962603.jpg HTTP/1.1" 404 1870
"GET /static/main/css/baguetteBox-zoom.min.css HTTP/1.1" 404 1858
"GET /static/img/scenery/image1.jpg HTTP/1.1" 404 1825
"GET /static/img/scenery/image6.jpg HTTP/1.1" 404 1825
"GET /static/img/avatars/avatar1.jpg HTTP/1.1" 404 1828
"GET /static/img/scenery/image4.jpg HTTP/1.1" 404 1825
"GET /static/img/avatars/avatar2.jpg HTTP/1.1" 404 1828
"GET /static/img/avatars/avatar3.jpg HTTP/1.1" 404 1828
"GET /dashboard/ HTTP/1.1" 200 39819
"GET /static/fonts/dash/Nunito.css HTTP/1.1" 404 1822
Internal Server Error: /generate_report/
Traceback (most recent call last):
  File "C:\Users\curti\anaconda3\envs\Django\Lib\site-packages\django\core\handlers\exception.py", line 55, in inner
    response = get_response(request)
               ^^^^^^^^^^^^^^^^^^^^^
  File "C:\Users\curti\anaconda3\envs\Django\Lib\site-packages\django\core\handlers\base.py", line 197, in _get_response
    response = wrapped_callback(request, *callback_args, **callback_kwargs)
               ^^^^^^^^^^^^^^^^^^^^^^^^^^^^^^^^^^^^^^^^^^^^^^^^^^^^^^^^^^^^
  File "C:\Users\curti\anaconda3\envs\Django\Lib\site-packages\django\views\decorators\http.py", line 64, in inner
    return func(request, *args, **kwargs)
           ^^^^^^^^^^^^^^^^^^^^^^^^^^^^^^
  File "C:\Users\curti\Project Management\Heritage Banking\course-project-group-3\course_project_group_3\accounts\views.py", line 153, in generate_report
    return generate_pdf_report(request)
           ^^^^^^^^^^^^^^^^^^^^^^^^^^^^
  File "C:\Users\curti\Project Management\Heritage Banking\course-project-group-3\course_project_group_3\accounts\views.py", line 220, in generate_pdf_report
    data.append([transaction.id, transaction.transaction_type, transaction.amount, transaction.date])
                                                                                   ^^^^^^^^^^^^^^^^
AttributeError: 'Transaction' object has no attribute 'date'
"POST /generate_report/ HTTP/1.1" 500 96337
C:\Users\curti\Project Management\Heritage Banking\course-project-group-3\course_project_group_3\accounts\views.py changed, reloading.
Watching for file changes with StatReloader
"POST /generate_report/ HTTP/1.1" 200 2003
C:\Users\curti\Project Management\Heritage Banking\course-project-group-3\course_project_group_3\accounts\views.py changed, reloading.
Watching for file changes with StatReloader
C:\Users\curti\Project Management\Heritage Banking\course-project-group-3\course_project_group_3\accounts\views.py changed, reloading.
Watching for file changes with StatReloader
C:\Users\curti\Project Management\Heritage Banking\course-project-group-3\course_project_group_3\accounts\views.py changed, reloading.
Watching for file changes with StatReloader
C:\Users\curti\Project Management\Heritage Banking\course-project-group-3\course_project_group_3\accounts\views.py changed, reloading.
Watching for file changes with StatReloader
C:\Users\curti\Project Management\Heritage Banking\course-project-group-3\course_project_group_3\accounts\views.py changed, reloading.
Watching for file changes with StatReloader
C:\Users\curti\Project Management\Heritage Banking\course-project-group-3\course_project_group_3\accounts\views.py changed, reloading.
Watching for file changes with StatReloader
Internal Server Error: /generate_report/
Traceback (most recent call last):
  File "C:\Users\curti\anaconda3\envs\Django\Lib\site-packages\django\core\handlers\exception.py", line 55, in inner
    response = get_response(request)
               ^^^^^^^^^^^^^^^^^^^^^
  File "C:\Users\curti\anaconda3\envs\Django\Lib\site-packages\django\core\handlers\base.py", line 197, in _get_response
    response = wrapped_callback(request, *callback_args, **callback_kwargs)
               ^^^^^^^^^^^^^^^^^^^^^^^^^^^^^^^^^^^^^^^^^^^^^^^^^^^^^^^^^^^^
  File "C:\Users\curti\anaconda3\envs\Django\Lib\site-packages\django\views\decorators\http.py", line 64, in inner
    return func(request, *args, **kwargs)
           ^^^^^^^^^^^^^^^^^^^^^^^^^^^^^^
  File "C:\Users\curti\Project Management\Heritage Banking\course-project-group-3\course_project_group_3\accounts\views.py", line 153, in generate_report
    return generate_pdf_report(request)
           ^^^^^^^^^^^^^^^^^^^^^^^^^^^^
  File "C:\Users\curti\Project Management\Heritage Banking\course-project-group-3\course_project_group_3\accounts\views.py", line 205, in generate_pdf_report
    ('A')
TypeError: 'str' object is not callable
"POST /generate_report/ HTTP/1.1" 500 91740
C:\Users\curti\Project Management\Heritage Banking\course-project-group-3\course_project_group_3\accounts\views.py changed, reloading.
Watching for file changes with StatReloader
C:\Users\curti\Project Management\Heritage Banking\course-project-group-3\course_project_group_3\accounts\views.py changed, reloading.
Watching for file changes with StatReloader
C:\Users\curti\Project Management\Heritage Banking\course-project-group-3\course_project_group_3\accounts\views.py changed, reloading.
Watching for file changes with StatReloader
C:\Users\curti\Project Management\Heritage Banking\course-project-group-3\course_project_group_3\accounts\views.py changed, reloading.
Watching for file changes with StatReloader
C:\Users\curti\Project Management\Heritage Banking\course-project-group-3\course_project_group_3\accounts\views.py changed, reloading.
Watching for file changes with StatReloader
C:\Users\curti\Project Management\Heritage Banking\course-project-group-3\course_project_group_3\accounts\views.py changed, reloading.
Watching for file changes with StatReloader
C:\Users\curti\Project Management\Heritage Banking\course-project-group-3\course_project_group_3\accounts\views.py changed, reloading.
Watching for file changes with StatReloader
C:\Users\curti\Project Management\Heritage Banking\course-project-group-3\course_project_group_3\accounts\views.py changed, reloading.
Watching for file changes with StatReloader
C:\Users\curti\Project Management\Heritage Banking\course-project-group-3\course_project_group_3\accounts\views.py changed, reloading.
Watching for file changes with StatReloader
C:\Users\curti\Project Management\Heritage Banking\course-project-group-3\course_project_group_3\accounts\views.py changed, reloading.
Watching for file changes with StatReloader
C:\Users\curti\Project Management\Heritage Banking\course-project-group-3\course_project_group_3\accounts\views.py changed, reloading.
Watching for file changes with StatReloader
C:\Users\curti\Project Management\Heritage Banking\course-project-group-3\course_project_group_3\accounts\views.py changed, reloading.
Watching for file changes with StatReloader
C:\Users\curti\Project Management\Heritage Banking\course-project-group-3\course_project_group_3\accounts\views.py changed, reloading.
Watching for file changes with StatReloader
C:\Users\curti\Project Management\Heritage Banking\course-project-group-3\course_project_group_3\accounts\views.py changed, reloading.
Watching for file changes with StatReloader
"GET / HTTP/1.1" 200 22574
"GET /static/main/css/baguetteBox-zoom.min.css HTTP/1.1" 404 1858
"GET /static/img/photo-1560472355-536de3962603.jpg HTTP/1.1" 404 1870
"GET /static/img/scenery/image1.jpg HTTP/1.1" 404 1825
"GET /static/img/scenery/image6.jpg HTTP/1.1" 404 1825
"GET /static/img/scenery/image4.jpg HTTP/1.1" 404 1825
"GET /static/img/avatars/avatar1.jpg HTTP/1.1" 404 1828
"GET /static/img/avatars/avatar2.jpg HTTP/1.1" 404 1828
"GET /static/img/avatars/avatar3.jpg HTTP/1.1" 404 1828
"GET /dashboard/ HTTP/1.1" 200 39819
"GET /static/fonts/dash/Nunito.css HTTP/1.1" 404 1822
"POST /generate_report/ HTTP/1.1" 200 2003
C:\Users\curti\Project Management\Heritage Banking\course-project-group-3\course_project_group_3\accounts\models.py changed, reloading.
Watching for file changes with StatReloader
C:\Users\curti\Project Management\Heritage Banking\course-project-group-3\course_project_group_3\accounts\models.py changed, reloading.
Watching for file changes with StatReloader
C:\Users\curti\Project Management\Heritage Banking\course-project-group-3\course_project_group_3\accounts\views.py changed, reloading.
Watching for file changes with StatReloader
C:\Users\curti\Project Management\Heritage Banking\course-project-group-3\course_project_group_3\accounts\views.py changed, reloading.
Watching for file changes with StatReloader
C:\Users\curti\Project Management\Heritage Banking\course-project-group-3\course_project_group_3\accounts\views.py changed, reloading.
Watching for file changes with StatReloader
C:\Users\curti\Project Management\Heritage Banking\course-project-group-3\course_project_group_3\accounts\views.py changed, reloading.
Watching for file changes with StatReloader
C:\Users\curti\Project Management\Heritage Banking\course-project-group-3\course_project_group_3\accounts\views.py changed, reloading.
Watching for file changes with StatReloader
C:\Users\curti\Project Management\Heritage Banking\course-project-group-3\course_project_group_3\accounts\views.py changed, reloading.
Watching for file changes with StatReloader
C:\Users\curti\Project Management\Heritage Banking\course-project-group-3\course_project_group_3\accounts\views.py changed, reloading.
Watching for file changes with StatReloader
C:\Users\curti\Project Management\Heritage Banking\course-project-group-3\course_project_group_3\accounts\views.py changed, reloading.
Watching for file changes with StatReloader
C:\Users\curti\Project Management\Heritage Banking\course-project-group-3\course_project_group_3\accounts\views.py changed, reloading.
Watching for file changes with StatReloader
C:\Users\curti\Project Management\Heritage Banking\course-project-group-3\course_project_group_3\accounts\views.py changed, reloading.
Watching for file changes with StatReloader
C:\Users\curti\Project Management\Heritage Banking\course-project-group-3\course_project_group_3\accounts\models.py changed, reloading.
Watching for file changes with StatReloader
C:\Users\curti\Project Management\Heritage Banking\course-project-group-3\course_project_group_3\accounts\models.py changed, reloading.
Watching for file changes with StatReloader
C:\Users\curti\Project Management\Heritage Banking\course-project-group-3\course_project_group_3\accounts\models.py changed, reloading.
Watching for file changes with StatReloader
C:\Users\curti\Project Management\Heritage Banking\course-project-group-3\course_project_group_3\accounts\models.py changed, reloading.
Watching for file changes with StatReloader
C:\Users\curti\Project Management\Heritage Banking\course-project-group-3\course_project_group_3\accounts\models.py changed, reloading.
Watching for file changes with StatReloader
C:\Users\curti\Project Management\Heritage Banking\course-project-group-3\course_project_group_3\accounts\views.py changed, reloading.
Watching for file changes with StatReloader
C:\Users\curti\Project Management\Heritage Banking\course-project-group-3\course_project_group_3\accounts\views.py changed, reloading.
Watching for file changes with StatReloader
C:\Users\curti\Project Management\Heritage Banking\course-project-group-3\course_project_group_3\accounts\views.py changed, reloading.
Watching for file changes with StatReloader
C:\Users\curti\Project Management\Heritage Banking\course-project-group-3\course_project_group_3\accounts\views.py changed, reloading.
Watching for file changes with StatReloader
C:\Users\curti\Project Management\Heritage Banking\course-project-group-3\course_project_group_3\accounts\views.py changed, reloading.
Watching for file changes with StatReloader
C:\Users\curti\Project Management\Heritage Banking\course-project-group-3\course_project_group_3\accounts\views.py changed, reloading.
Watching for file changes with StatReloader
C:\Users\curti\Project Management\Heritage Banking\course-project-group-3\course_project_group_3\accounts\views.py changed, reloading.
Watching for file changes with StatReloader
C:\Users\curti\Project Management\Heritage Banking\course-project-group-3\course_project_group_3\accounts\views.py changed, reloading.
Watching for file changes with StatReloader
C:\Users\curti\Project Management\Heritage Banking\course-project-group-3\course_project_group_3\accounts\views.py changed, reloading.
Watching for file changes with StatReloader
C:\Users\curti\Project Management\Heritage Banking\course-project-group-3\course_project_group_3\accounts\views.py changed, reloading.
Watching for file changes with StatReloader
C:\Users\curti\Project Management\Heritage Banking\course-project-group-3\course_project_group_3\accounts\views.py changed, reloading.
Watching for file changes with StatReloader
C:\Users\curti\Project Management\Heritage Banking\course-project-group-3\course_project_group_3\accounts\views.py changed, reloading.
Watching for file changes with StatReloader
C:\Users\curti\Project Management\Heritage Banking\course-project-group-3\course_project_group_3\accounts\views.py changed, reloading.
Watching for file changes with StatReloader
C:\Users\curti\Project Management\Heritage Banking\course-project-group-3\course_project_group_3\accounts\views.py changed, reloading.
Watching for file changes with StatReloader
C:\Users\curti\Project Management\Heritage Banking\course-project-group-3\course_project_group_3\accounts\views.py changed, reloading.
Watching for file changes with StatReloader
C:\Users\curti\Project Management\Heritage Banking\course-project-group-3\course_project_group_3\accounts\views.py changed, reloading.
Watching for file changes with StatReloader
C:\Users\curti\Project Management\Heritage Banking\course-project-group-3\course_project_group_3\accounts\views.py changed, reloading.
Watching for file changes with StatReloader
C:\Users\curti\Project Management\Heritage Banking\course-project-group-3\course_project_group_3\accounts\views.py changed, reloading.
Watching for file changes with StatReloader
C:\Users\curti\Project Management\Heritage Banking\course-project-group-3\course_project_group_3\accounts\views.py changed, reloading.
Watching for file changes with StatReloader
C:\Users\curti\Project Management\Heritage Banking\course-project-group-3\course_project_group_3\accounts\views.py changed, reloading.
Watching for file changes with StatReloader
C:\Users\curti\Project Management\Heritage Banking\course-project-group-3\course_project_group_3\accounts\views.py changed, reloading.
Watching for file changes with StatReloader
C:\Users\curti\Project Management\Heritage Banking\course-project-group-3\course_project_group_3\accounts\views.py changed, reloading.
Watching for file changes with StatReloader
Internal Server Error: /generate_report/
Traceback (most recent call last):
  File "C:\Users\curti\anaconda3\envs\Django\Lib\site-packages\django\db\backends\utils.py", line 105, in _execute
    return self.cursor.execute(sql, params)
           ^^^^^^^^^^^^^^^^^^^^^^^^^^^^^^^^
psycopg2.errors.UndefinedColumn: column transactions.category does not exist
LINE 1: ...tions"."timestamp", "transactions"."description", "transacti...
                                                             ^


The above exception was the direct cause of the following exception:

Traceback (most recent call last):
  File "C:\Users\curti\anaconda3\envs\Django\Lib\site-packages\django\core\handlers\exception.py", line 55, in inner
    response = get_response(request)
               ^^^^^^^^^^^^^^^^^^^^^
  File "C:\Users\curti\anaconda3\envs\Django\Lib\site-packages\django\core\handlers\base.py", line 197, in _get_response
    response = wrapped_callback(request, *callback_args, **callback_kwargs)
               ^^^^^^^^^^^^^^^^^^^^^^^^^^^^^^^^^^^^^^^^^^^^^^^^^^^^^^^^^^^^
  File "C:\Users\curti\anaconda3\envs\Django\Lib\site-packages\django\views\decorators\http.py", line 64, in inner
    return func(request, *args, **kwargs)
           ^^^^^^^^^^^^^^^^^^^^^^^^^^^^^^
  File "C:\Users\curti\Project Management\Heritage Banking\course-project-group-3\course_project_group_3\accounts\views.py", line 187, in generate_report
    return generate_pdf_report(request)
           ^^^^^^^^^^^^^^^^^^^^^^^^^^^^
  File "C:\Users\curti\Project Management\Heritage Banking\course-project-group-3\course_project_group_3\accounts\views.py", line 246, in generate_pdf_report
    logger.info(f'User has {len(transactions)} transactions')
                            ^^^^^^^^^^^^^^^^^
  File "C:\Users\curti\anaconda3\envs\Django\Lib\site-packages\django\db\models\query.py", line 382, in __len__
    self._fetch_all()
  File "C:\Users\curti\anaconda3\envs\Django\Lib\site-packages\django\db\models\query.py", line 1928, in _fetch_all
    self._result_cache = list(self._iterable_class(self))
                         ^^^^^^^^^^^^^^^^^^^^^^^^^^^^^^^^
  File "C:\Users\curti\anaconda3\envs\Django\Lib\site-packages\django\db\models\query.py", line 91, in __iter__
    results = compiler.execute_sql(
              ^^^^^^^^^^^^^^^^^^^^^
  File "C:\Users\curti\anaconda3\envs\Django\Lib\site-packages\django\db\models\sql\compiler.py", line 1562, in execute_sql
    cursor.execute(sql, params)
  File "C:\Users\curti\anaconda3\envs\Django\Lib\site-packages\django\db\backends\utils.py", line 122, in execute
    return super().execute(sql, params)
           ^^^^^^^^^^^^^^^^^^^^^^^^^^^^
  File "C:\Users\curti\anaconda3\envs\Django\Lib\site-packages\django\db\backends\utils.py", line 79, in execute
    return self._execute_with_wrappers(
           ^^^^^^^^^^^^^^^^^^^^^^^^^^^^
  File "C:\Users\curti\anaconda3\envs\Django\Lib\site-packages\django\db\backends\utils.py", line 92, in _execute_with_wrappers
    return executor(sql, params, many, context)
           ^^^^^^^^^^^^^^^^^^^^^^^^^^^^^^^^^^^^
  File "C:\Users\curti\anaconda3\envs\Django\Lib\site-packages\django\db\backends\utils.py", line 100, in _execute
    with self.db.wrap_database_errors:
  File "C:\Users\curti\anaconda3\envs\Django\Lib\site-packages\django\db\utils.py", line 91, in __exit__
    raise dj_exc_value.with_traceback(traceback) from exc_value
  File "C:\Users\curti\anaconda3\envs\Django\Lib\site-packages\django\db\backends\utils.py", line 105, in _execute
    return self.cursor.execute(sql, params)
           ^^^^^^^^^^^^^^^^^^^^^^^^^^^^^^^^
django.db.utils.ProgrammingError: column transactions.category does not exist
LINE 1: ...tions"."timestamp", "transactions"."description", "transacti...
                                                             ^

"POST /generate_report/ HTTP/1.1" 500 153877
C:\Users\curti\Project Management\Heritage Banking\course-project-group-3\course_project_group_3\accounts\models.py changed, reloading.
Watching for file changes with StatReloader
C:\Users\curti\Project Management\Heritage Banking\course-project-group-3\course_project_group_3\accounts\models.py changed, reloading.
Watching for file changes with StatReloader
C:\Users\curti\Project Management\Heritage Banking\course-project-group-3\course_project_group_3\accounts\models.py changed, reloading.
Watching for file changes with StatReloader
C:\Users\curti\Project Management\Heritage Banking\course-project-group-3\course_project_group_3\accounts\models.py changed, reloading.
Watching for file changes with StatReloader
C:\Users\curti\Project Management\Heritage Banking\course-project-group-3\course_project_group_3\accounts\models.py changed, reloading.
Watching for file changes with StatReloader
C:\Users\curti\Project Management\Heritage Banking\course-project-group-3\course_project_group_3\accounts\models.py changed, reloading.
Watching for file changes with StatReloader
C:\Users\curti\Project Management\Heritage Banking\course-project-group-3\course_project_group_3\accounts\models.py changed, reloading.
Watching for file changes with StatReloader
C:\Users\curti\Project Management\Heritage Banking\course-project-group-3\course_project_group_3\accounts\models.py changed, reloading.
Watching for file changes with StatReloader
C:\Users\curti\Project Management\Heritage Banking\course-project-group-3\course_project_group_3\accounts\models.py changed, reloading.
Watching for file changes with StatReloader
C:\Users\curti\Project Management\Heritage Banking\course-project-group-3\course_project_group_3\accounts\models.py changed, reloading.
Watching for file changes with StatReloader
C:\Users\curti\Project Management\Heritage Banking\course-project-group-3\course_project_group_3\accounts\models.py changed, reloading.
Watching for file changes with StatReloader
C:\Users\curti\Project Management\Heritage Banking\course-project-group-3\course_project_group_3\accounts\models.py changed, reloading.
Watching for file changes with StatReloader
C:\Users\curti\Project Management\Heritage Banking\course-project-group-3\course_project_group_3\accounts\models.py changed, reloading.
Watching for file changes with StatReloader
C:\Users\curti\Project Management\Heritage Banking\course-project-group-3\course_project_group_3\accounts\models.py changed, reloading.
Watching for file changes with StatReloader
C:\Users\curti\Project Management\Heritage Banking\course-project-group-3\course_project_group_3\accounts\models.py changed, reloading.
Watching for file changes with StatReloader
C:\Users\curti\Project Management\Heritage Banking\course-project-group-3\course_project_group_3\accounts\models.py changed, reloading.
Watching for file changes with StatReloader
C:\Users\curti\Project Management\Heritage Banking\course-project-group-3\course_project_group_3\accounts\models.py changed, reloading.
Watching for file changes with StatReloader
C:\Users\curti\Project Management\Heritage Banking\course-project-group-3\course_project_group_3\accounts\models.py changed, reloading.
Watching for file changes with StatReloader
C:\Users\curti\Project Management\Heritage Banking\course-project-group-3\course_project_group_3\accounts\models.py changed, reloading.
Watching for file changes with StatReloader
C:\Users\curti\Project Management\Heritage Banking\course-project-group-3\course_project_group_3\accounts\models.py changed, reloading.
Watching for file changes with StatReloader
C:\Users\curti\Project Management\Heritage Banking\course-project-group-3\course_project_group_3\accounts\models.py changed, reloading.
Watching for file changes with StatReloader
C:\Users\curti\Project Management\Heritage Banking\course-project-group-3\course_project_group_3\accounts\models.py changed, reloading.
Watching for file changes with StatReloader
C:\Users\curti\Project Management\Heritage Banking\course-project-group-3\course_project_group_3\accounts\models.py changed, reloading.
Watching for file changes with StatReloader
C:\Users\curti\Project Management\Heritage Banking\course-project-group-3\course_project_group_3\accounts\models.py changed, reloading.
Watching for file changes with StatReloader
C:\Users\curti\Project Management\Heritage Banking\course-project-group-3\course_project_group_3\accounts\models.py changed, reloading.
Watching for file changes with StatReloader
C:\Users\curti\Project Management\Heritage Banking\course-project-group-3\course_project_group_3\accounts\models.py changed, reloading.
Watching for file changes with StatReloader
C:\Users\curti\Project Management\Heritage Banking\course-project-group-3\course_project_group_3\accounts\models.py changed, reloading.
Watching for file changes with StatReloader
C:\Users\curti\Project Management\Heritage Banking\course-project-group-3\course_project_group_3\accounts\models.py changed, reloading.
Watching for file changes with StatReloader
C:\Users\curti\Project Management\Heritage Banking\course-project-group-3\course_project_group_3\accounts\models.py changed, reloading.
Watching for file changes with StatReloader
C:\Users\curti\Project Management\Heritage Banking\course-project-group-3\course_project_group_3\accounts\models.py changed, reloading.
Watching for file changes with StatReloader
C:\Users\curti\Project Management\Heritage Banking\course-project-group-3\course_project_group_3\accounts\models.py changed, reloading.
Watching for file changes with StatReloader
C:\Users\curti\Project Management\Heritage Banking\course-project-group-3\course_project_group_3\accounts\models.py changed, reloading.
Watching for file changes with StatReloader
"GET / HTTP/1.1" 200 22574
"GET /static/img/scenery/image1.jpg HTTP/1.1" 404 1825
"GET /static/main/css/baguetteBox-zoom.min.css HTTP/1.1" 404 1858
"GET /static/img/photo-1560472355-536de3962603.jpg HTTP/1.1" 404 1870
"GET /static/img/scenery/image4.jpg HTTP/1.1" 404 1825
"GET /static/img/scenery/image6.jpg HTTP/1.1" 404 1825
"GET /static/img/avatars/avatar1.jpg HTTP/1.1" 404 1828
"GET /static/img/avatars/avatar2.jpg HTTP/1.1" 404 1828
"GET /static/img/avatars/avatar3.jpg HTTP/1.1" 404 1828
"GET /dashboard/ HTTP/1.1" 200 39819
"GET /static/fonts/dash/Nunito.css HTTP/1.1" 404 1822
Internal Server Error: /generate_report/
Traceback (most recent call last):
  File "C:\Users\curti\anaconda3\envs\Django\Lib\site-packages\django\db\backends\utils.py", line 105, in _execute
    return self.cursor.execute(sql, params)
           ^^^^^^^^^^^^^^^^^^^^^^^^^^^^^^^^
psycopg2.errors.UndefinedColumn: column transactions.category does not exist
LINE 1: ...tions"."timestamp", "transactions"."description", "transacti...
                                                             ^


The above exception was the direct cause of the following exception:

Traceback (most recent call last):
  File "C:\Users\curti\anaconda3\envs\Django\Lib\site-packages\django\core\handlers\exception.py", line 55, in inner
    response = get_response(request)
               ^^^^^^^^^^^^^^^^^^^^^
  File "C:\Users\curti\anaconda3\envs\Django\Lib\site-packages\django\core\handlers\base.py", line 197, in _get_response
    response = wrapped_callback(request, *callback_args, **callback_kwargs)
               ^^^^^^^^^^^^^^^^^^^^^^^^^^^^^^^^^^^^^^^^^^^^^^^^^^^^^^^^^^^^
  File "C:\Users\curti\anaconda3\envs\Django\Lib\site-packages\django\views\decorators\http.py", line 64, in inner
    return func(request, *args, **kwargs)
           ^^^^^^^^^^^^^^^^^^^^^^^^^^^^^^
  File "C:\Users\curti\Project Management\Heritage Banking\course-project-group-3\course_project_group_3\accounts\views.py", line 187, in generate_report
    return generate_pdf_report(request)
           ^^^^^^^^^^^^^^^^^^^^^^^^^^^^
  File "C:\Users\curti\Project Management\Heritage Banking\course-project-group-3\course_project_group_3\accounts\views.py", line 246, in generate_pdf_report
    logger.info(f'User has {len(transactions)} transactions')
                            ^^^^^^^^^^^^^^^^^
  File "C:\Users\curti\anaconda3\envs\Django\Lib\site-packages\django\db\models\query.py", line 382, in __len__
    self._fetch_all()
  File "C:\Users\curti\anaconda3\envs\Django\Lib\site-packages\django\db\models\query.py", line 1928, in _fetch_all
    self._result_cache = list(self._iterable_class(self))
                         ^^^^^^^^^^^^^^^^^^^^^^^^^^^^^^^^
  File "C:\Users\curti\anaconda3\envs\Django\Lib\site-packages\django\db\models\query.py", line 91, in __iter__
    results = compiler.execute_sql(
              ^^^^^^^^^^^^^^^^^^^^^
  File "C:\Users\curti\anaconda3\envs\Django\Lib\site-packages\django\db\models\sql\compiler.py", line 1562, in execute_sql
    cursor.execute(sql, params)
  File "C:\Users\curti\anaconda3\envs\Django\Lib\site-packages\django\db\backends\utils.py", line 122, in execute
    return super().execute(sql, params)
           ^^^^^^^^^^^^^^^^^^^^^^^^^^^^
  File "C:\Users\curti\anaconda3\envs\Django\Lib\site-packages\django\db\backends\utils.py", line 79, in execute
    return self._execute_with_wrappers(
           ^^^^^^^^^^^^^^^^^^^^^^^^^^^^
  File "C:\Users\curti\anaconda3\envs\Django\Lib\site-packages\django\db\backends\utils.py", line 92, in _execute_with_wrappers
    return executor(sql, params, many, context)
           ^^^^^^^^^^^^^^^^^^^^^^^^^^^^^^^^^^^^
  File "C:\Users\curti\anaconda3\envs\Django\Lib\site-packages\django\db\backends\utils.py", line 100, in _execute
    with self.db.wrap_database_errors:
  File "C:\Users\curti\anaconda3\envs\Django\Lib\site-packages\django\db\utils.py", line 91, in __exit__
    raise dj_exc_value.with_traceback(traceback) from exc_value
  File "C:\Users\curti\anaconda3\envs\Django\Lib\site-packages\django\db\backends\utils.py", line 105, in _execute
    return self.cursor.execute(sql, params)
           ^^^^^^^^^^^^^^^^^^^^^^^^^^^^^^^^
django.db.utils.ProgrammingError: column transactions.category does not exist
LINE 1: ...tions"."timestamp", "transactions"."description", "transacti...
                                                             ^

"POST /generate_report/ HTTP/1.1" 500 153877
C:\Users\curti\Project Management\Heritage Banking\course-project-group-3\course_project_group_3\accounts\views.py changed, reloading.
Watching for file changes with StatReloader
C:\Users\curti\Project Management\Heritage Banking\course-project-group-3\course_project_group_3\accounts\views.py changed, reloading.
Watching for file changes with StatReloader
C:\Users\curti\Project Management\Heritage Banking\course-project-group-3\course_project_group_3\accounts\views.py changed, reloading.
Watching for file changes with StatReloader
C:\Users\curti\Project Management\Heritage Banking\course-project-group-3\course_project_group_3\accounts\views.py changed, reloading.
Watching for file changes with StatReloader
C:\Users\curti\Project Management\Heritage Banking\course-project-group-3\course_project_group_3\accounts\views.py changed, reloading.
Watching for file changes with StatReloader
C:\Users\curti\Project Management\Heritage Banking\course-project-group-3\course_project_group_3\accounts\views.py changed, reloading.
Watching for file changes with StatReloader
C:\Users\curti\Project Management\Heritage Banking\course-project-group-3\course_project_group_3\accounts\views.py changed, reloading.
Watching for file changes with StatReloader
C:\Users\curti\Project Management\Heritage Banking\course-project-group-3\course_project_group_3\accounts\views.py changed, reloading.
Watching for file changes with StatReloader
C:\Users\curti\Project Management\Heritage Banking\course-project-group-3\course_project_group_3\accounts\views.py changed, reloading.
Watching for file changes with StatReloader
"GET / HTTP/1.1" 200 22574
"GET /static/img/photo-1560472355-536de3962603.jpg HTTP/1.1" 404 1870
"GET /static/main/css/baguetteBox-zoom.min.css HTTP/1.1" 404 1858
"GET /static/img/scenery/image1.jpg HTTP/1.1" 404 1825
"GET /static/img/scenery/image6.jpg HTTP/1.1" 404 1825
"GET /static/img/scenery/image4.jpg HTTP/1.1" 404 1825
"GET /static/img/avatars/avatar1.jpg HTTP/1.1" 404 1828
"GET /static/img/avatars/avatar3.jpg HTTP/1.1" 404 1828
"GET /static/img/avatars/avatar2.jpg HTTP/1.1" 404 1828
"GET /dashboard/ HTTP/1.1" 200 39819
"GET /static/fonts/dash/Nunito.css HTTP/1.1" 404 1822
Internal Server Error: /generate_report/
Traceback (most recent call last):
  File "C:\Users\curti\anaconda3\envs\Django\Lib\site-packages\django\db\backends\utils.py", line 105, in _execute
    return self.cursor.execute(sql, params)
           ^^^^^^^^^^^^^^^^^^^^^^^^^^^^^^^^
psycopg2.errors.UndefinedColumn: column transactions.category does not exist
LINE 1: ...tions"."timestamp", "transactions"."description", "transacti...
                                                             ^


The above exception was the direct cause of the following exception:

Traceback (most recent call last):
  File "C:\Users\curti\anaconda3\envs\Django\Lib\site-packages\django\core\handlers\exception.py", line 55, in inner
    response = get_response(request)
               ^^^^^^^^^^^^^^^^^^^^^
  File "C:\Users\curti\anaconda3\envs\Django\Lib\site-packages\django\core\handlers\base.py", line 197, in _get_response
    response = wrapped_callback(request, *callback_args, **callback_kwargs)
               ^^^^^^^^^^^^^^^^^^^^^^^^^^^^^^^^^^^^^^^^^^^^^^^^^^^^^^^^^^^^
  File "C:\Users\curti\anaconda3\envs\Django\Lib\site-packages\django\views\decorators\http.py", line 64, in inner
    return func(request, *args, **kwargs)
           ^^^^^^^^^^^^^^^^^^^^^^^^^^^^^^
  File "C:\Users\curti\Project Management\Heritage Banking\course-project-group-3\course_project_group_3\accounts\views.py", line 187, in generate_report
    return generate_pdf_report(request)
           ^^^^^^^^^^^^^^^^^^^^^^^^^^^^
  File "C:\Users\curti\Project Management\Heritage Banking\course-project-group-3\course_project_group_3\accounts\views.py", line 246, in generate_pdf_report
    logger.info(f'User has {len(transactions)} transactions')
                            ^^^^^^^^^^^^^^^^^
  File "C:\Users\curti\anaconda3\envs\Django\Lib\site-packages\django\db\models\query.py", line 382, in __len__
    self._fetch_all()
  File "C:\Users\curti\anaconda3\envs\Django\Lib\site-packages\django\db\models\query.py", line 1928, in _fetch_all
    self._result_cache = list(self._iterable_class(self))
                         ^^^^^^^^^^^^^^^^^^^^^^^^^^^^^^^^
  File "C:\Users\curti\anaconda3\envs\Django\Lib\site-packages\django\db\models\query.py", line 91, in __iter__
    results = compiler.execute_sql(
              ^^^^^^^^^^^^^^^^^^^^^
  File "C:\Users\curti\anaconda3\envs\Django\Lib\site-packages\django\db\models\sql\compiler.py", line 1562, in execute_sql
    cursor.execute(sql, params)
  File "C:\Users\curti\anaconda3\envs\Django\Lib\site-packages\django\db\backends\utils.py", line 122, in execute
    return super().execute(sql, params)
           ^^^^^^^^^^^^^^^^^^^^^^^^^^^^
  File "C:\Users\curti\anaconda3\envs\Django\Lib\site-packages\django\db\backends\utils.py", line 79, in execute
    return self._execute_with_wrappers(
           ^^^^^^^^^^^^^^^^^^^^^^^^^^^^
  File "C:\Users\curti\anaconda3\envs\Django\Lib\site-packages\django\db\backends\utils.py", line 92, in _execute_with_wrappers
    return executor(sql, params, many, context)
           ^^^^^^^^^^^^^^^^^^^^^^^^^^^^^^^^^^^^
  File "C:\Users\curti\anaconda3\envs\Django\Lib\site-packages\django\db\backends\utils.py", line 100, in _execute
    with self.db.wrap_database_errors:
  File "C:\Users\curti\anaconda3\envs\Django\Lib\site-packages\django\db\utils.py", line 91, in __exit__
    raise dj_exc_value.with_traceback(traceback) from exc_value
  File "C:\Users\curti\anaconda3\envs\Django\Lib\site-packages\django\db\backends\utils.py", line 105, in _execute
    return self.cursor.execute(sql, params)
           ^^^^^^^^^^^^^^^^^^^^^^^^^^^^^^^^
django.db.utils.ProgrammingError: column transactions.category does not exist
LINE 1: ...tions"."timestamp", "transactions"."description", "transacti...
                                                             ^

"POST /generate_report/ HTTP/1.1" 500 153716
Watching for file changes with StatReloader
"GET / HTTP/1.1" 200 22574
"GET /static/img/photo-1560472355-536de3962603.jpg HTTP/1.1" 404 1870
"GET /static/img/scenery/image1.jpg HTTP/1.1" 404 1825
"GET /static/main/css/baguetteBox-zoom.min.css HTTP/1.1" 404 1858
"GET /static/img/scenery/image4.jpg HTTP/1.1" 404 1825
"GET /static/img/scenery/image6.jpg HTTP/1.1" 404 1825
"GET /static/img/avatars/avatar1.jpg HTTP/1.1" 404 1828
"GET /static/main/css/bs-theme-overrides.css HTTP/1.1" 200 3280
"GET /static/img/avatars/avatar2.jpg HTTP/1.1" 404 1828
"GET /static/main/bootstrap/css/bootstrap.min.css HTTP/1.1" 200 265323
"GET /static/main/css/vanilla-zoom.min.css HTTP/1.1" 200 629
"GET /static/img/avatars/avatar3.jpg HTTP/1.1" 404 1828
"GET /static/main/js/baguetteBox.min.js HTTP/1.1" 200 9583
"GET /static/main/js/theme.js HTTP/1.1" 200 322
"GET /static/main/js/vanilla-zoom.js HTTP/1.1" 200 3712
Not Found: /favicon.ico
"GET /favicon.ico HTTP/1.1" 404 4653
"GET /dashboard/ HTTP/1.1" 200 39819
"GET /static/fonts/dash/Nunito.css HTTP/1.1" 404 1822
"GET /static/css/dash/bs-theme-overrides.css HTTP/1.1" 200 1372
"GET /static/css/dash/global.css HTTP/1.1" 200 406
"GET /static/bs/dash/css/bootstrap.min.css HTTP/1.1" 200 260275
"GET /static/css/dash/wallet.css HTTP/1.1" 200 643
"GET /static/js/dash/bs-init.js HTTP/1.1" 200 241
"GET /static/js/dash/theme.js HTTP/1.1" 200 2383
Internal Server Error: /generate_report/
Traceback (most recent call last):
  File "C:\Users\curti\anaconda3\envs\Django\Lib\site-packages\django\core\handlers\exception.py", line 55, in inner
    response = get_response(request)
               ^^^^^^^^^^^^^^^^^^^^^
  File "C:\Users\curti\anaconda3\envs\Django\Lib\site-packages\django\core\handlers\base.py", line 197, in _get_response
    response = wrapped_callback(request, *callback_args, **callback_kwargs)
               ^^^^^^^^^^^^^^^^^^^^^^^^^^^^^^^^^^^^^^^^^^^^^^^^^^^^^^^^^^^^
  File "C:\Users\curti\anaconda3\envs\Django\Lib\site-packages\django\views\decorators\http.py", line 64, in inner
    return func(request, *args, **kwargs)
           ^^^^^^^^^^^^^^^^^^^^^^^^^^^^^^
  File "C:\Users\curti\Project Management\Heritage Banking\course-project-group-3\course_project_group_3\accounts\views.py", line 188, in generate_report
    return generate_pdf_report(request)
           ^^^^^^^^^^^^^^^^^^^^^^^^^^^^
  File "C:\Users\curti\Project Management\Heritage Banking\course-project-group-3\course_project_group_3\accounts\views.py", line 238, in generate_pdf_report
    ('Address:', f'{user.address}'),
                    ^^^^^^^^^^^^
  File "C:\Users\curti\anaconda3\envs\Django\Lib\site-packages\django\utils\functional.py", line 253, in inner
    return func(_wrapped, *args)
           ^^^^^^^^^^^^^^^^^^^^^
AttributeError: 'User' object has no attribute 'address'
"POST /generate_report/ HTTP/1.1" 500 95946
C:\Users\curti\Project Management\Heritage Banking\course-project-group-3\course_project_group_3\accounts\views.py changed, reloading.
Watching for file changes with StatReloader
Internal Server Error: /generate_report/
Traceback (most recent call last):
  File "C:\Users\curti\anaconda3\envs\Django\Lib\site-packages\django\core\handlers\exception.py", line 55, in inner
    response = get_response(request)
               ^^^^^^^^^^^^^^^^^^^^^
  File "C:\Users\curti\anaconda3\envs\Django\Lib\site-packages\django\core\handlers\base.py", line 197, in _get_response
    response = wrapped_callback(request, *callback_args, **callback_kwargs)
               ^^^^^^^^^^^^^^^^^^^^^^^^^^^^^^^^^^^^^^^^^^^^^^^^^^^^^^^^^^^^
  File "C:\Users\curti\anaconda3\envs\Django\Lib\site-packages\django\views\decorators\http.py", line 64, in inner
    return func(request, *args, **kwargs)
           ^^^^^^^^^^^^^^^^^^^^^^^^^^^^^^
  File "C:\Users\curti\Project Management\Heritage Banking\course-project-group-3\course_project_group_3\accounts\views.py", line 188, in generate_report
    return generate_pdf_report(request)
           ^^^^^^^^^^^^^^^^^^^^^^^^^^^^
  File "C:\Users\curti\Project Management\Heritage Banking\course-project-group-3\course_project_group_3\accounts\views.py", line 238, in generate_pdf_report
    ('Phone Number:', f'{user.phone_number}'),
                         ^^^^^^^^^^^^^^^^^
  File "C:\Users\curti\anaconda3\envs\Django\Lib\site-packages\django\utils\functional.py", line 253, in inner
    return func(_wrapped, *args)
           ^^^^^^^^^^^^^^^^^^^^^
AttributeError: 'User' object has no attribute 'phone_number'
"POST /generate_report/ HTTP/1.1" 500 95987
C:\Users\curti\Project Management\Heritage Banking\course-project-group-3\course_project_group_3\accounts\views.py changed, reloading.
Watching for file changes with StatReloader
C:\Users\curti\Project Management\Heritage Banking\course-project-group-3\course_project_group_3\accounts\views.py changed, reloading.
Watching for file changes with StatReloader
C:\Users\curti\Project Management\Heritage Banking\course-project-group-3\course_project_group_3\accounts\views.py changed, reloading.
Watching for file changes with StatReloader
C:\Users\curti\Project Management\Heritage Banking\course-project-group-3\course_project_group_3\accounts\views.py changed, reloading.
Watching for file changes with StatReloader
Internal Server Error: /generate_report/
Traceback (most recent call last):
  File "C:\Users\curti\anaconda3\envs\Django\Lib\site-packages\django\db\backends\utils.py", line 105, in _execute
    return self.cursor.execute(sql, params)
           ^^^^^^^^^^^^^^^^^^^^^^^^^^^^^^^^
psycopg2.errors.UndefinedColumn: column transactions.category does not exist
LINE 1: ...tions"."timestamp", "transactions"."description", "transacti...
                                                             ^


The above exception was the direct cause of the following exception:

Traceback (most recent call last):
  File "C:\Users\curti\anaconda3\envs\Django\Lib\site-packages\django\core\handlers\exception.py", line 55, in inner
    response = get_response(request)
               ^^^^^^^^^^^^^^^^^^^^^
  File "C:\Users\curti\anaconda3\envs\Django\Lib\site-packages\django\core\handlers\base.py", line 197, in _get_response
    response = wrapped_callback(request, *callback_args, **callback_kwargs)
               ^^^^^^^^^^^^^^^^^^^^^^^^^^^^^^^^^^^^^^^^^^^^^^^^^^^^^^^^^^^^
  File "C:\Users\curti\anaconda3\envs\Django\Lib\site-packages\django\views\decorators\http.py", line 64, in inner
    return func(request, *args, **kwargs)
           ^^^^^^^^^^^^^^^^^^^^^^^^^^^^^^
  File "C:\Users\curti\Project Management\Heritage Banking\course-project-group-3\course_project_group_3\accounts\views.py", line 188, in generate_report
    return generate_pdf_report(request)
           ^^^^^^^^^^^^^^^^^^^^^^^^^^^^
  File "C:\Users\curti\Project Management\Heritage Banking\course-project-group-3\course_project_group_3\accounts\views.py", line 255, in generate_pdf_report
    for transaction in transactions:
  File "C:\Users\curti\anaconda3\envs\Django\Lib\site-packages\django\db\models\query.py", line 400, in __iter__
    self._fetch_all()
  File "C:\Users\curti\anaconda3\envs\Django\Lib\site-packages\django\db\models\query.py", line 1928, in _fetch_all
    self._result_cache = list(self._iterable_class(self))
                         ^^^^^^^^^^^^^^^^^^^^^^^^^^^^^^^^
  File "C:\Users\curti\anaconda3\envs\Django\Lib\site-packages\django\db\models\query.py", line 91, in __iter__
    results = compiler.execute_sql(
              ^^^^^^^^^^^^^^^^^^^^^
  File "C:\Users\curti\anaconda3\envs\Django\Lib\site-packages\django\db\models\sql\compiler.py", line 1562, in execute_sql
    cursor.execute(sql, params)
  File "C:\Users\curti\anaconda3\envs\Django\Lib\site-packages\django\db\backends\utils.py", line 122, in execute
    return super().execute(sql, params)
           ^^^^^^^^^^^^^^^^^^^^^^^^^^^^
  File "C:\Users\curti\anaconda3\envs\Django\Lib\site-packages\django\db\backends\utils.py", line 79, in execute
    return self._execute_with_wrappers(
           ^^^^^^^^^^^^^^^^^^^^^^^^^^^^
  File "C:\Users\curti\anaconda3\envs\Django\Lib\site-packages\django\db\backends\utils.py", line 92, in _execute_with_wrappers
    return executor(sql, params, many, context)
           ^^^^^^^^^^^^^^^^^^^^^^^^^^^^^^^^^^^^
  File "C:\Users\curti\anaconda3\envs\Django\Lib\site-packages\django\db\backends\utils.py", line 100, in _execute
    with self.db.wrap_database_errors:
  File "C:\Users\curti\anaconda3\envs\Django\Lib\site-packages\django\db\utils.py", line 91, in __exit__
    raise dj_exc_value.with_traceback(traceback) from exc_value
  File "C:\Users\curti\anaconda3\envs\Django\Lib\site-packages\django\db\backends\utils.py", line 105, in _execute
    return self.cursor.execute(sql, params)
           ^^^^^^^^^^^^^^^^^^^^^^^^^^^^^^^^
django.db.utils.ProgrammingError: column transactions.category does not exist
LINE 1: ...tions"."timestamp", "transactions"."description", "transacti...
                                                             ^

"POST /generate_report/ HTTP/1.1" 500 156811
C:\Users\curti\Project Management\Heritage Banking\course-project-group-3\course_project_group_3\accounts\models.py changed, reloading.
Watching for file changes with StatReloader
"GET /static/fonts/dash/Nunito.css HTTP/1.1" 404 1822
Internal Server Error: /generate_report/
Traceback (most recent call last):
  File "C:\Users\curti\anaconda3\envs\Django\Lib\site-packages\django\core\handlers\exception.py", line 55, in inner
    response = get_response(request)
               ^^^^^^^^^^^^^^^^^^^^^
  File "C:\Users\curti\anaconda3\envs\Django\Lib\site-packages\django\core\handlers\base.py", line 197, in _get_response
    response = wrapped_callback(request, *callback_args, **callback_kwargs)
               ^^^^^^^^^^^^^^^^^^^^^^^^^^^^^^^^^^^^^^^^^^^^^^^^^^^^^^^^^^^^
  File "C:\Users\curti\anaconda3\envs\Django\Lib\site-packages\django\views\decorators\http.py", line 64, in inner
    return func(request, *args, **kwargs)
           ^^^^^^^^^^^^^^^^^^^^^^^^^^^^^^
  File "C:\Users\curti\Project Management\Heritage Banking\course-project-group-3\course_project_group_3\accounts\views.py", line 188, in generate_report
    return generate_pdf_report(request)
           ^^^^^^^^^^^^^^^^^^^^^^^^^^^^
  File "C:\Users\curti\Project Management\Heritage Banking\course-project-group-3\course_project_group_3\accounts\views.py", line 256, in generate_pdf_report
    category = categorize_expenses(transaction)
               ^^^^^^^^^^^^^^^^^^^^^^^^^^^^^^^^
  File "C:\Users\curti\Project Management\Heritage Banking\course-project-group-3\course_project_group_3\accounts\views.py", line 174, in categorize_expenses
    description = preprocess_description(transaction['description'])
                                         ~~~~~~~~~~~^^^^^^^^^^^^^^^
TypeError: 'Transaction' object is not subscriptable
"POST /generate_report/ HTTP/1.1" 500 103764
C:\Users\curti\Project Management\Heritage Banking\course-project-group-3\course_project_group_3\accounts\views.py changed, reloading.
Watching for file changes with StatReloader
C:\Users\curti\Project Management\Heritage Banking\course-project-group-3\course_project_group_3\accounts\views.py changed, reloading.
Watching for file changes with StatReloader
Internal Server Error: /generate_report/
Traceback (most recent call last):
  File "C:\Users\curti\anaconda3\envs\Django\Lib\site-packages\django\core\handlers\exception.py", line 55, in inner
    response = get_response(request)
               ^^^^^^^^^^^^^^^^^^^^^
  File "C:\Users\curti\anaconda3\envs\Django\Lib\site-packages\django\core\handlers\base.py", line 197, in _get_response
    response = wrapped_callback(request, *callback_args, **callback_kwargs)
               ^^^^^^^^^^^^^^^^^^^^^^^^^^^^^^^^^^^^^^^^^^^^^^^^^^^^^^^^^^^^
  File "C:\Users\curti\anaconda3\envs\Django\Lib\site-packages\django\views\decorators\http.py", line 64, in inner
    return func(request, *args, **kwargs)
           ^^^^^^^^^^^^^^^^^^^^^^^^^^^^^^
  File "C:\Users\curti\Project Management\Heritage Banking\course-project-group-3\course_project_group_3\accounts\views.py", line 188, in generate_report
    return generate_pdf_report(request)
           ^^^^^^^^^^^^^^^^^^^^^^^^^^^^
  File "C:\Users\curti\Project Management\Heritage Banking\course-project-group-3\course_project_group_3\accounts\views.py", line 256, in generate_pdf_report
    category = categorize_expenses(transaction)
               ^^^^^^^^^^^^^^^^^^^^^^^^^^^^^^^^
  File "C:\Users\curti\Project Management\Heritage Banking\course-project-group-3\course_project_group_3\accounts\views.py", line 174, in categorize_expenses
    description = preprocess_description(transaction['description'])
                                         ~~~~~~~~~~~^^^^^^^^^^^^^^^
TypeError: 'Transaction' object is not subscriptable
"POST /generate_report/ HTTP/1.1" 500 103711
Internal Server Error: /generate_report/
Traceback (most recent call last):
  File "C:\Users\curti\anaconda3\envs\Django\Lib\site-packages\django\core\handlers\exception.py", line 55, in inner
    response = get_response(request)
               ^^^^^^^^^^^^^^^^^^^^^
  File "C:\Users\curti\anaconda3\envs\Django\Lib\site-packages\django\core\handlers\base.py", line 197, in _get_response
    response = wrapped_callback(request, *callback_args, **callback_kwargs)
               ^^^^^^^^^^^^^^^^^^^^^^^^^^^^^^^^^^^^^^^^^^^^^^^^^^^^^^^^^^^^
  File "C:\Users\curti\anaconda3\envs\Django\Lib\site-packages\django\views\decorators\http.py", line 64, in inner
    return func(request, *args, **kwargs)
           ^^^^^^^^^^^^^^^^^^^^^^^^^^^^^^
  File "C:\Users\curti\Project Management\Heritage Banking\course-project-group-3\course_project_group_3\accounts\views.py", line 188, in generate_report
    return generate_pdf_report(request)
           ^^^^^^^^^^^^^^^^^^^^^^^^^^^^
  File "C:\Users\curti\Project Management\Heritage Banking\course-project-group-3\course_project_group_3\accounts\views.py", line 256, in generate_pdf_report
    category = categorize_expenses(transaction)
               ^^^^^^^^^^^^^^^^^^^^^^^^^^^^^^^^
  File "C:\Users\curti\Project Management\Heritage Banking\course-project-group-3\course_project_group_3\accounts\views.py", line 174, in categorize_expenses
    description = preprocess_description(transaction['description'])
                                         ~~~~~~~~~~~^^^^^^^^^^^^^^^
TypeError: 'Transaction' object is not subscriptable
"POST /generate_report/ HTTP/1.1" 500 103711
C:\Users\curti\Project Management\Heritage Banking\course-project-group-3\course_project_group_3\accounts\views.py changed, reloading.
Watching for file changes with StatReloader
C:\Users\curti\Project Management\Heritage Banking\course-project-group-3\course_project_group_3\accounts\views.py changed, reloading.
Watching for file changes with StatReloader
C:\Users\curti\Project Management\Heritage Banking\course-project-group-3\course_project_group_3\accounts\views.py changed, reloading.
Watching for file changes with StatReloader
C:\Users\curti\Project Management\Heritage Banking\course-project-group-3\course_project_group_3\accounts\views.py changed, reloading.
Watching for file changes with StatReloader
"GET / HTTP/1.1" 200 22574
"GET /static/img/photo-1560472355-536de3962603.jpg HTTP/1.1" 404 1870
"GET /static/main/css/baguetteBox-zoom.min.css HTTP/1.1" 404 1858
"GET /static/img/scenery/image1.jpg HTTP/1.1" 404 1825
"GET /static/img/avatars/avatar1.jpg HTTP/1.1" 404 1828
"GET /static/img/scenery/image6.jpg HTTP/1.1" 404 1825
"GET /static/img/scenery/image4.jpg HTTP/1.1" 404 1825
"GET /static/img/avatars/avatar3.jpg HTTP/1.1" 404 1828
"GET /static/img/avatars/avatar2.jpg HTTP/1.1" 404 1828
"GET /dashboard/ HTTP/1.1" 200 39819
"GET /static/fonts/dash/Nunito.css HTTP/1.1" 404 1822
Internal Server Error: /generate_report/
Traceback (most recent call last):
  File "C:\Users\curti\anaconda3\envs\Django\Lib\site-packages\django\core\handlers\exception.py", line 55, in inner
    response = get_response(request)
               ^^^^^^^^^^^^^^^^^^^^^
  File "C:\Users\curti\anaconda3\envs\Django\Lib\site-packages\django\core\handlers\base.py", line 197, in _get_response
    response = wrapped_callback(request, *callback_args, **callback_kwargs)
               ^^^^^^^^^^^^^^^^^^^^^^^^^^^^^^^^^^^^^^^^^^^^^^^^^^^^^^^^^^^^
  File "C:\Users\curti\anaconda3\envs\Django\Lib\site-packages\django\views\decorators\http.py", line 64, in inner
    return func(request, *args, **kwargs)
           ^^^^^^^^^^^^^^^^^^^^^^^^^^^^^^
  File "C:\Users\curti\Project Management\Heritage Banking\course-project-group-3\course_project_group_3\accounts\views.py", line 188, in generate_report
    return generate_pdf_report(request)
           ^^^^^^^^^^^^^^^^^^^^^^^^^^^^
  File "C:\Users\curti\Project Management\Heritage Banking\course-project-group-3\course_project_group_3\accounts\views.py", line 256, in generate_pdf_report
    category = categorize_expenses(transaction)
               ^^^^^^^^^^^^^^^^^^^^^^^^^^^^^^^^
  File "C:\Users\curti\Project Management\Heritage Banking\course-project-group-3\course_project_group_3\accounts\views.py", line 174, in categorize_expenses
    description = preprocess_description(transaction['description'])
                                         ~~~~~~~~~~~^^^^^^^^^^^^^^^
TypeError: 'Transaction' object is not subscriptable
"POST /generate_report/ HTTP/1.1" 500 103546
C:\Users\curti\Project Management\Heritage Banking\course-project-group-3\course_project_group_3\accounts\views.py changed, reloading.
Watching for file changes with StatReloader
C:\Users\curti\Project Management\Heritage Banking\course-project-group-3\course_project_group_3\accounts\views.py changed, reloading.
Watching for file changes with StatReloader
C:\Users\curti\Project Management\Heritage Banking\course-project-group-3\course_project_group_3\accounts\views.py changed, reloading.
Watching for file changes with StatReloader
C:\Users\curti\Project Management\Heritage Banking\course-project-group-3\course_project_group_3\accounts\views.py changed, reloading.
Watching for file changes with StatReloader
C:\Users\curti\Project Management\Heritage Banking\course-project-group-3\course_project_group_3\accounts\views.py changed, reloading.
Watching for file changes with StatReloader
C:\Users\curti\Project Management\Heritage Banking\course-project-group-3\course_project_group_3\accounts\views.py changed, reloading.
Watching for file changes with StatReloader
C:\Users\curti\Project Management\Heritage Banking\course-project-group-3\course_project_group_3\accounts\views.py changed, reloading.
Watching for file changes with StatReloader
C:\Users\curti\Project Management\Heritage Banking\course-project-group-3\course_project_group_3\accounts\views.py changed, reloading.
Watching for file changes with StatReloader
C:\Users\curti\Project Management\Heritage Banking\course-project-group-3\course_project_group_3\accounts\views.py changed, reloading.
Watching for file changes with StatReloader
Internal Server Error: /generate_report/
Traceback (most recent call last):
  File "C:\Users\curti\anaconda3\envs\Django\Lib\site-packages\django\core\handlers\exception.py", line 55, in inner
    response = get_response(request)
               ^^^^^^^^^^^^^^^^^^^^^
  File "C:\Users\curti\anaconda3\envs\Django\Lib\site-packages\django\core\handlers\base.py", line 197, in _get_response
    response = wrapped_callback(request, *callback_args, **callback_kwargs)
               ^^^^^^^^^^^^^^^^^^^^^^^^^^^^^^^^^^^^^^^^^^^^^^^^^^^^^^^^^^^^
  File "C:\Users\curti\anaconda3\envs\Django\Lib\site-packages\django\views\decorators\http.py", line 64, in inner
    return func(request, *args, **kwargs)
           ^^^^^^^^^^^^^^^^^^^^^^^^^^^^^^
  File "C:\Users\curti\Project Management\Heritage Banking\course-project-group-3\course_project_group_3\accounts\views.py", line 192, in generate_report
    return generate_pdf_report(request)
           ^^^^^^^^^^^^^^^^^^^^^^^^^^^^
  File "C:\Users\curti\Project Management\Heritage Banking\course-project-group-3\course_project_group_3\accounts\views.py", line 260, in generate_pdf_report
    category = categorize_expenses(transaction)
               ^^^^^^^^^^^^^^^^^^^^^^^^^^^^^^^^
  File "C:\Users\curti\Project Management\Heritage Banking\course-project-group-3\course_project_group_3\accounts\views.py", line 177, in categorize_expenses
    description = preprocess_description(transaction['description'])
                                         ~~~~~~~~~~~^^^^^^^^^^^^^^^
TypeError: 'Transaction' object is not subscriptable
"POST /generate_report/ HTTP/1.1" 500 103940
C:\Users\curti\Project Management\Heritage Banking\course-project-group-3\course_project_group_3\accounts\views.py changed, reloading.
Watching for file changes with StatReloader
C:\Users\curti\Project Management\Heritage Banking\course-project-group-3\course_project_group_3\accounts\views.py changed, reloading.
Watching for file changes with StatReloader
C:\Users\curti\Project Management\Heritage Banking\course-project-group-3\course_project_group_3\accounts\views.py changed, reloading.
Watching for file changes with StatReloader
C:\Users\curti\Project Management\Heritage Banking\course-project-group-3\course_project_group_3\accounts\views.py changed, reloading.
Watching for file changes with StatReloader
C:\Users\curti\Project Management\Heritage Banking\course-project-group-3\course_project_group_3\accounts\views.py changed, reloading.
Watching for file changes with StatReloader
C:\Users\curti\Project Management\Heritage Banking\course-project-group-3\course_project_group_3\accounts\views.py changed, reloading.
Watching for file changes with StatReloader
C:\Users\curti\Project Management\Heritage Banking\course-project-group-3\course_project_group_3\accounts\views.py changed, reloading.
Watching for file changes with StatReloader
C:\Users\curti\Project Management\Heritage Banking\course-project-group-3\course_project_group_3\accounts\views.py changed, reloading.
Watching for file changes with StatReloader
C:\Users\curti\Project Management\Heritage Banking\course-project-group-3\course_project_group_3\accounts\views.py changed, reloading.
Watching for file changes with StatReloader
C:\Users\curti\Project Management\Heritage Banking\course-project-group-3\course_project_group_3\accounts\views.py changed, reloading.
Watching for file changes with StatReloader
C:\Users\curti\Project Management\Heritage Banking\course-project-group-3\course_project_group_3\accounts\views.py changed, reloading.
Watching for file changes with StatReloader
C:\Users\curti\Project Management\Heritage Banking\course-project-group-3\course_project_group_3\accounts\views.py changed, reloading.
Watching for file changes with StatReloader
C:\Users\curti\Project Management\Heritage Banking\course-project-group-3\course_project_group_3\accounts\views.py changed, reloading.
Watching for file changes with StatReloader
C:\Users\curti\Project Management\Heritage Banking\course-project-group-3\course_project_group_3\accounts\views.py changed, reloading.
Watching for file changes with StatReloader
C:\Users\curti\Project Management\Heritage Banking\course-project-group-3\course_project_group_3\accounts\views.py changed, reloading.
Watching for file changes with StatReloader
Internal Server Error: /generate_report/
Traceback (most recent call last):
  File "C:\Users\curti\anaconda3\envs\Django\Lib\site-packages\django\core\handlers\exception.py", line 55, in inner
    response = get_response(request)
               ^^^^^^^^^^^^^^^^^^^^^
  File "C:\Users\curti\anaconda3\envs\Django\Lib\site-packages\django\core\handlers\base.py", line 197, in _get_response
    response = wrapped_callback(request, *callback_args, **callback_kwargs)
               ^^^^^^^^^^^^^^^^^^^^^^^^^^^^^^^^^^^^^^^^^^^^^^^^^^^^^^^^^^^^
  File "C:\Users\curti\anaconda3\envs\Django\Lib\site-packages\django\views\decorators\http.py", line 64, in inner
    return func(request, *args, **kwargs)
           ^^^^^^^^^^^^^^^^^^^^^^^^^^^^^^
  File "C:\Users\curti\Project Management\Heritage Banking\course-project-group-3\course_project_group_3\accounts\views.py", line 191, in generate_report
    return generate_pdf_report(request)
           ^^^^^^^^^^^^^^^^^^^^^^^^^^^^
  File "C:\Users\curti\Project Management\Heritage Banking\course-project-group-3\course_project_group_3\accounts\views.py", line 259, in generate_pdf_report
    category = categorize_expenses(transaction)
               ^^^^^^^^^^^^^^^^^^^^^^^^^^^^^^^^
  File "C:\Users\curti\Project Management\Heritage Banking\course-project-group-3\course_project_group_3\accounts\views.py", line 177, in categorize_expenses
    description = preprocess_description(transaction['description'])
                                         ~~~~~~~~~~~^^^^^^^^^^^^^^^
TypeError: 'Transaction' object is not subscriptable
"POST /generate_report/ HTTP/1.1" 500 103892
C:\Users\curti\Project Management\Heritage Banking\course-project-group-3\course_project_group_3\accounts\views.py changed, reloading.
Watching for file changes with StatReloader
Internal Server Error: /generate_report/
Traceback (most recent call last):
  File "C:\Users\curti\anaconda3\envs\Django\Lib\site-packages\django\core\handlers\exception.py", line 55, in inner
    response = get_response(request)
               ^^^^^^^^^^^^^^^^^^^^^
  File "C:\Users\curti\anaconda3\envs\Django\Lib\site-packages\django\core\handlers\base.py", line 197, in _get_response
    response = wrapped_callback(request, *callback_args, **callback_kwargs)
               ^^^^^^^^^^^^^^^^^^^^^^^^^^^^^^^^^^^^^^^^^^^^^^^^^^^^^^^^^^^^
  File "C:\Users\curti\anaconda3\envs\Django\Lib\site-packages\django\views\decorators\http.py", line 64, in inner
    return func(request, *args, **kwargs)
           ^^^^^^^^^^^^^^^^^^^^^^^^^^^^^^
  File "C:\Users\curti\Project Management\Heritage Banking\course-project-group-3\course_project_group_3\accounts\views.py", line 191, in generate_report
    return generate_pdf_report(request)
           ^^^^^^^^^^^^^^^^^^^^^^^^^^^^
  File "C:\Users\curti\Project Management\Heritage Banking\course-project-group-3\course_project_group_3\accounts\views.py", line 259, in generate_pdf_report
    category = categorize_expenses(transaction)
               ^^^^^^^^^^^^^^^^^^^^^^^^^^^^^^^^
  File "C:\Users\curti\Project Management\Heritage Banking\course-project-group-3\course_project_group_3\accounts\views.py", line 177, in categorize_expenses
    description = preprocess_description(transactions['description'])
                                         ~~~~~~~~~~~~^^^^^^^^^^^^^^^
  File "C:\Users\curti\anaconda3\envs\Django\Lib\site-packages\django\db\models\query.py", line 420, in __getitem__
    raise TypeError(
TypeError: QuerySet indices must be integers or slices, not str.
"POST /generate_report/ HTTP/1.1" 500 107689
C:\Users\curti\Project Management\Heritage Banking\course-project-group-3\course_project_group_3\accounts\views.py changed, reloading.
Watching for file changes with StatReloader
C:\Users\curti\Project Management\Heritage Banking\course-project-group-3\course_project_group_3\accounts\views.py changed, reloading.
Watching for file changes with StatReloader
Internal Server Error: /generate_report/
Traceback (most recent call last):
  File "C:\Users\curti\anaconda3\envs\Django\Lib\site-packages\django\core\handlers\exception.py", line 55, in inner
    response = get_response(request)
               ^^^^^^^^^^^^^^^^^^^^^
  File "C:\Users\curti\anaconda3\envs\Django\Lib\site-packages\django\core\handlers\base.py", line 197, in _get_response
    response = wrapped_callback(request, *callback_args, **callback_kwargs)
               ^^^^^^^^^^^^^^^^^^^^^^^^^^^^^^^^^^^^^^^^^^^^^^^^^^^^^^^^^^^^
  File "C:\Users\curti\anaconda3\envs\Django\Lib\site-packages\django\views\decorators\http.py", line 64, in inner
    return func(request, *args, **kwargs)
           ^^^^^^^^^^^^^^^^^^^^^^^^^^^^^^
  File "C:\Users\curti\Project Management\Heritage Banking\course-project-group-3\course_project_group_3\accounts\views.py", line 191, in generate_report
    return generate_pdf_report(request)
           ^^^^^^^^^^^^^^^^^^^^^^^^^^^^
  File "C:\Users\curti\Project Management\Heritage Banking\course-project-group-3\course_project_group_3\accounts\views.py", line 259, in generate_pdf_report
    category = categorize_expenses(transaction)
               ^^^^^^^^^^^^^^^^^^^^^^^^^^^^^^^^
  File "C:\Users\curti\Project Management\Heritage Banking\course-project-group-3\course_project_group_3\accounts\views.py", line 177, in categorize_expenses
    description = preprocess_description(transaction['description'])
                                         ~~~~~~~~~~~^^^^^^^^^^^^^^^
  File "C:\Users\curti\anaconda3\envs\Django\Lib\site-packages\django\db\models\query.py", line 420, in __getitem__
    raise TypeError(
TypeError: QuerySet indices must be integers or slices, not str.
"POST /generate_report/ HTTP/1.1" 500 107456
C:\Users\curti\Project Management\Heritage Banking\course-project-group-3\course_project_group_3\accounts\views.py changed, reloading.
Watching for file changes with StatReloader
C:\Users\curti\Project Management\Heritage Banking\course-project-group-3\course_project_group_3\accounts\views.py changed, reloading.
Watching for file changes with StatReloader
C:\Users\curti\Project Management\Heritage Banking\course-project-group-3\course_project_group_3\accounts\views.py changed, reloading.
Watching for file changes with StatReloader
C:\Users\curti\Project Management\Heritage Banking\course-project-group-3\course_project_group_3\accounts\views.py changed, reloading.
Watching for file changes with StatReloader
C:\Users\curti\Project Management\Heritage Banking\course-project-group-3\course_project_group_3\accounts\views.py changed, reloading.
Watching for file changes with StatReloader
C:\Users\curti\Project Management\Heritage Banking\course-project-group-3\course_project_group_3\accounts\views.py changed, reloading.
Watching for file changes with StatReloader
C:\Users\curti\Project Management\Heritage Banking\course-project-group-3\course_project_group_3\accounts\views.py changed, reloading.
Watching for file changes with StatReloader
C:\Users\curti\Project Management\Heritage Banking\course-project-group-3\course_project_group_3\accounts\views.py changed, reloading.
Watching for file changes with StatReloader
C:\Users\curti\Project Management\Heritage Banking\course-project-group-3\course_project_group_3\accounts\views.py changed, reloading.
Watching for file changes with StatReloader
C:\Users\curti\Project Management\Heritage Banking\course-project-group-3\course_project_group_3\accounts\views.py changed, reloading.
Watching for file changes with StatReloader
C:\Users\curti\Project Management\Heritage Banking\course-project-group-3\course_project_group_3\accounts\views.py changed, reloading.
Watching for file changes with StatReloader
C:\Users\curti\Project Management\Heritage Banking\course-project-group-3\course_project_group_3\accounts\views.py changed, reloading.
Watching for file changes with StatReloader
C:\Users\curti\Project Management\Heritage Banking\course-project-group-3\course_project_group_3\accounts\views.py changed, reloading.
Watching for file changes with StatReloader
C:\Users\curti\Project Management\Heritage Banking\course-project-group-3\course_project_group_3\accounts\views.py changed, reloading.
Watching for file changes with StatReloader
Internal Server Error: /generate_report/
Traceback (most recent call last):
  File "C:\Users\curti\anaconda3\envs\Django\Lib\site-packages\django\core\handlers\exception.py", line 55, in inner
    response = get_response(request)
               ^^^^^^^^^^^^^^^^^^^^^
  File "C:\Users\curti\anaconda3\envs\Django\Lib\site-packages\django\core\handlers\base.py", line 197, in _get_response
    response = wrapped_callback(request, *callback_args, **callback_kwargs)
               ^^^^^^^^^^^^^^^^^^^^^^^^^^^^^^^^^^^^^^^^^^^^^^^^^^^^^^^^^^^^
  File "C:\Users\curti\anaconda3\envs\Django\Lib\site-packages\django\views\decorators\http.py", line 64, in inner
    return func(request, *args, **kwargs)
           ^^^^^^^^^^^^^^^^^^^^^^^^^^^^^^
  File "C:\Users\curti\Project Management\Heritage Banking\course-project-group-3\course_project_group_3\accounts\views.py", line 175, in generate_report
    return generate_pdf_report(request)
           ^^^^^^^^^^^^^^^^^^^^^^^^^^^^
  File "C:\Users\curti\Project Management\Heritage Banking\course-project-group-3\course_project_group_3\accounts\views.py", line 259, in generate_pdf_report
    category = categorize_expenses(transaction)
               ^^^^^^^^^^^^^^^^^^^^^^^^^^^^^^^^
  File "C:\Users\curti\Project Management\Heritage Banking\course-project-group-3\course_project_group_3\accounts\views.py", line 196, in categorize_expenses
    description = preprocess_description(transaction['description'])
                                         ~~~~~~~~~~~^^^^^^^^^^^^^^^
TypeError: 'Transaction' object is not subscriptable
"POST /generate_report/ HTTP/1.1" 500 104394
C:\Users\curti\Project Management\Heritage Banking\course-project-group-3\course_project_group_3\accounts\views.py changed, reloading.
Watching for file changes with StatReloader
C:\Users\curti\Project Management\Heritage Banking\course-project-group-3\course_project_group_3\accounts\views.py changed, reloading.
Watching for file changes with StatReloader
Internal Server Error: /generate_report/
Traceback (most recent call last):
  File "C:\Users\curti\anaconda3\envs\Django\Lib\site-packages\django\core\handlers\exception.py", line 55, in inner
    response = get_response(request)
               ^^^^^^^^^^^^^^^^^^^^^
  File "C:\Users\curti\anaconda3\envs\Django\Lib\site-packages\django\core\handlers\base.py", line 197, in _get_response
    response = wrapped_callback(request, *callback_args, **callback_kwargs)
               ^^^^^^^^^^^^^^^^^^^^^^^^^^^^^^^^^^^^^^^^^^^^^^^^^^^^^^^^^^^^
  File "C:\Users\curti\anaconda3\envs\Django\Lib\site-packages\django\views\decorators\http.py", line 64, in inner
    return func(request, *args, **kwargs)
           ^^^^^^^^^^^^^^^^^^^^^^^^^^^^^^
  File "C:\Users\curti\Project Management\Heritage Banking\course-project-group-3\course_project_group_3\accounts\views.py", line 175, in generate_report
    return generate_pdf_report(request)
           ^^^^^^^^^^^^^^^^^^^^^^^^^^^^
  File "C:\Users\curti\Project Management\Heritage Banking\course-project-group-3\course_project_group_3\accounts\views.py", line 256, in generate_pdf_report
    category = categorize_expenses(transaction)
               ^^^^^^^^^^^^^^^^^^^
NameError: name 'categorize_expenses' is not defined
"POST /generate_report/ HTTP/1.1" 500 99834
C:\Users\curti\Project Management\Heritage Banking\course-project-group-3\course_project_group_3\accounts\views.py changed, reloading.
Watching for file changes with StatReloader
Internal Server Error: /generate_report/
Traceback (most recent call last):
  File "C:\Users\curti\anaconda3\envs\Django\Lib\site-packages\django\core\handlers\exception.py", line 55, in inner
    response = get_response(request)
               ^^^^^^^^^^^^^^^^^^^^^
  File "C:\Users\curti\anaconda3\envs\Django\Lib\site-packages\django\core\handlers\base.py", line 197, in _get_response
    response = wrapped_callback(request, *callback_args, **callback_kwargs)
               ^^^^^^^^^^^^^^^^^^^^^^^^^^^^^^^^^^^^^^^^^^^^^^^^^^^^^^^^^^^^
  File "C:\Users\curti\anaconda3\envs\Django\Lib\site-packages\django\views\decorators\http.py", line 64, in inner
    return func(request, *args, **kwargs)
           ^^^^^^^^^^^^^^^^^^^^^^^^^^^^^^
  File "C:\Users\curti\Project Management\Heritage Banking\course-project-group-3\course_project_group_3\accounts\views.py", line 175, in generate_report
    return generate_pdf_report(request)
           ^^^^^^^^^^^^^^^^^^^^^^^^^^^^
  File "C:\Users\curti\Project Management\Heritage Banking\course-project-group-3\course_project_group_3\accounts\views.py", line 256, in generate_pdf_report
    category = preprocess_description(transaction)
               ^^^^^^^^^^^^^^^^^^^^^^^^^^^^^^^^^^^
  File "C:\Users\curti\Project Management\Heritage Banking\course-project-group-3\course_project_group_3\accounts\views.py", line 190, in preprocess_description
    description = description.lower()
                  ^^^^^^^^^^^^^^^^^
AttributeError: 'Transaction' object has no attribute 'lower'
"POST /generate_report/ HTTP/1.1" 500 103779
C:\Users\curti\Project Management\Heritage Banking\course-project-group-3\course_project_group_3\accounts\views.py changed, reloading.
Watching for file changes with StatReloader
C:\Users\curti\Project Management\Heritage Banking\course-project-group-3\course_project_group_3\accounts\views.py changed, reloading.
Watching for file changes with StatReloader
"POST /generate_report/ HTTP/1.1" 200 2182
C:\Users\curti\Project Management\Heritage Banking\course-project-group-3\course_project_group_3\accounts\views.py changed, reloading.
Watching for file changes with StatReloader
C:\Users\curti\Project Management\Heritage Banking\course-project-group-3\course_project_group_3\accounts\views.py changed, reloading.
Watching for file changes with StatReloader
C:\Users\curti\Project Management\Heritage Banking\course-project-group-3\course_project_group_3\accounts\views.py changed, reloading.
Watching for file changes with StatReloader
C:\Users\curti\Project Management\Heritage Banking\course-project-group-3\course_project_group_3\accounts\views.py changed, reloading.
Watching for file changes with StatReloader
C:\Users\curti\Project Management\Heritage Banking\course-project-group-3\course_project_group_3\accounts\views.py changed, reloading.
Watching for file changes with StatReloader
C:\Users\curti\Project Management\Heritage Banking\course-project-group-3\course_project_group_3\accounts\views.py changed, reloading.
Watching for file changes with StatReloader
C:\Users\curti\Project Management\Heritage Banking\course-project-group-3\course_project_group_3\accounts\views.py changed, reloading.
Watching for file changes with StatReloader
C:\Users\curti\Project Management\Heritage Banking\course-project-group-3\course_project_group_3\accounts\views.py changed, reloading.
Watching for file changes with StatReloader
C:\Users\curti\Project Management\Heritage Banking\course-project-group-3\course_project_group_3\accounts\views.py changed, reloading.
Watching for file changes with StatReloader
C:\Users\curti\Project Management\Heritage Banking\course-project-group-3\course_project_group_3\accounts\views.py changed, reloading.
Watching for file changes with StatReloader
C:\Users\curti\Project Management\Heritage Banking\course-project-group-3\course_project_group_3\accounts\views.py changed, reloading.
Watching for file changes with StatReloader
"POST /generate_report/ HTTP/1.1" 200 2182
C:\Users\curti\Project Management\Heritage Banking\course-project-group-3\course_project_group_3\accounts\views.py changed, reloading.
Watching for file changes with StatReloader
C:\Users\curti\Project Management\Heritage Banking\course-project-group-3\course_project_group_3\accounts\models.py changed, reloading.
Watching for file changes with StatReloader
C:\Users\curti\Project Management\Heritage Banking\course-project-group-3\course_project_group_3\accounts\models.py changed, reloading.
Watching for file changes with StatReloader
C:\Users\curti\Project Management\Heritage Banking\course-project-group-3\course_project_group_3\accounts\models.py changed, reloading.
Watching for file changes with StatReloader
C:\Users\curti\Project Management\Heritage Banking\course-project-group-3\course_project_group_3\accounts\models.py changed, reloading.
Watching for file changes with StatReloader
C:\Users\curti\Project Management\Heritage Banking\course-project-group-3\course_project_group_3\accounts\models.py changed, reloading.
Watching for file changes with StatReloader
C:\Users\curti\Project Management\Heritage Banking\course-project-group-3\course_project_group_3\accounts\models.py changed, reloading.
Watching for file changes with StatReloader
C:\Users\curti\Project Management\Heritage Banking\course-project-group-3\course_project_group_3\accounts\models.py changed, reloading.
Watching for file changes with StatReloader
C:\Users\curti\Project Management\Heritage Banking\course-project-group-3\course_project_group_3\accounts\models.py changed, reloading.
Watching for file changes with StatReloader
C:\Users\curti\Project Management\Heritage Banking\course-project-group-3\course_project_group_3\accounts\models.py changed, reloading.
Watching for file changes with StatReloader
C:\Users\curti\Project Management\Heritage Banking\course-project-group-3\course_project_group_3\accounts\models.py changed, reloading.
Watching for file changes with StatReloader
C:\Users\curti\Project Management\Heritage Banking\course-project-group-3\course_project_group_3\accounts\models.py changed, reloading.
Watching for file changes with StatReloader
C:\Users\curti\Project Management\Heritage Banking\course-project-group-3\course_project_group_3\accounts\models.py changed, reloading.
Watching for file changes with StatReloader
C:\Users\curti\Project Management\Heritage Banking\course-project-group-3\course_project_group_3\accounts\models.py changed, reloading.
Watching for file changes with StatReloader
C:\Users\curti\Project Management\Heritage Banking\course-project-group-3\course_project_group_3\accounts\models.py changed, reloading.
Watching for file changes with StatReloader
C:\Users\curti\Project Management\Heritage Banking\course-project-group-3\course_project_group_3\accounts\models.py changed, reloading.
Watching for file changes with StatReloader
C:\Users\curti\Project Management\Heritage Banking\course-project-group-3\course_project_group_3\accounts\models.py changed, reloading.
Watching for file changes with StatReloader
C:\Users\curti\Project Management\Heritage Banking\course-project-group-3\course_project_group_3\accounts\models.py changed, reloading.
Watching for file changes with StatReloader
C:\Users\curti\Project Management\Heritage Banking\course-project-group-3\course_project_group_3\accounts\models.py changed, reloading.
Watching for file changes with StatReloader
C:\Users\curti\Project Management\Heritage Banking\course-project-group-3\course_project_group_3\accounts\models.py changed, reloading.
Watching for file changes with StatReloader
C:\Users\curti\Project Management\Heritage Banking\course-project-group-3\course_project_group_3\accounts\models.py changed, reloading.
Watching for file changes with StatReloader
C:\Users\curti\Project Management\Heritage Banking\course-project-group-3\course_project_group_3\accounts\models.py changed, reloading.
Watching for file changes with StatReloader
C:\Users\curti\Project Management\Heritage Banking\course-project-group-3\course_project_group_3\accounts\models.py changed, reloading.
Watching for file changes with StatReloader
C:\Users\curti\Project Management\Heritage Banking\course-project-group-3\course_project_group_3\accounts\models.py changed, reloading.
Watching for file changes with StatReloader
C:\Users\curti\Project Management\Heritage Banking\course-project-group-3\course_project_group_3\accounts\models.py changed, reloading.
Watching for file changes with StatReloader
C:\Users\curti\Project Management\Heritage Banking\course-project-group-3\course_project_group_3\accounts\models.py changed, reloading.
Watching for file changes with StatReloader
C:\Users\curti\Project Management\Heritage Banking\course-project-group-3\course_project_group_3\accounts\models.py changed, reloading.
Watching for file changes with StatReloader
C:\Users\curti\Project Management\Heritage Banking\course-project-group-3\course_project_group_3\accounts\models.py changed, reloading.
Watching for file changes with StatReloader
C:\Users\curti\Project Management\Heritage Banking\course-project-group-3\course_project_group_3\accounts\models.py changed, reloading.
Watching for file changes with StatReloader
C:\Users\curti\Project Management\Heritage Banking\course-project-group-3\course_project_group_3\accounts\models.py changed, reloading.
Watching for file changes with StatReloader
C:\Users\curti\Project Management\Heritage Banking\course-project-group-3\course_project_group_3\accounts\models.py changed, reloading.
Watching for file changes with StatReloader
C:\Users\curti\Project Management\Heritage Banking\course-project-group-3\course_project_group_3\accounts\models.py changed, reloading.
Watching for file changes with StatReloader
C:\Users\curti\Project Management\Heritage Banking\course-project-group-3\course_project_group_3\accounts\models.py changed, reloading.
Watching for file changes with StatReloader
C:\Users\curti\Project Management\Heritage Banking\course-project-group-3\course_project_group_3\accounts\models.py changed, reloading.
Watching for file changes with StatReloader
C:\Users\curti\Project Management\Heritage Banking\course-project-group-3\course_project_group_3\accounts\models.py changed, reloading.
Watching for file changes with StatReloader
C:\Users\curti\Project Management\Heritage Banking\course-project-group-3\course_project_group_3\accounts\models.py changed, reloading.
Watching for file changes with StatReloader
C:\Users\curti\Project Management\Heritage Banking\course-project-group-3\course_project_group_3\accounts\models.py changed, reloading.
Watching for file changes with StatReloader
"POST /generate_report/ HTTP/1.1" 200 2182
C:\Users\curti\Project Management\Heritage Banking\course-project-group-3\course_project_group_3\accounts\views.py changed, reloading.
Watching for file changes with StatReloader
C:\Users\curti\Project Management\Heritage Banking\course-project-group-3\course_project_group_3\accounts\views.py changed, reloading.
Watching for file changes with StatReloader
C:\Users\curti\Project Management\Heritage Banking\course-project-group-3\course_project_group_3\accounts\views.py changed, reloading.
Watching for file changes with StatReloader
C:\Users\curti\Project Management\Heritage Banking\course-project-group-3\course_project_group_3\accounts\models.py changed, reloading.
Watching for file changes with StatReloader
C:\Users\curti\Project Management\Heritage Banking\course-project-group-3\course_project_group_3\accounts\models.py changed, reloading.
Watching for file changes with StatReloader
C:\Users\curti\Project Management\Heritage Banking\course-project-group-3\course_project_group_3\accounts\models.py changed, reloading.
Watching for file changes with StatReloader
C:\Users\curti\Project Management\Heritage Banking\course-project-group-3\course_project_group_3\accounts\models.py changed, reloading.
Watching for file changes with StatReloader
C:\Users\curti\Project Management\Heritage Banking\course-project-group-3\course_project_group_3\accounts\models.py changed, reloading.
Watching for file changes with StatReloader
C:\Users\curti\Project Management\Heritage Banking\course-project-group-3\course_project_group_3\accounts\models.py changed, reloading.
Watching for file changes with StatReloader
C:\Users\curti\Project Management\Heritage Banking\course-project-group-3\course_project_group_3\accounts\models.py changed, reloading.
Watching for file changes with StatReloader
C:\Users\curti\Project Management\Heritage Banking\course-project-group-3\course_project_group_3\accounts\models.py changed, reloading.
Watching for file changes with StatReloader
C:\Users\curti\Project Management\Heritage Banking\course-project-group-3\course_project_group_3\accounts\models.py changed, reloading.
Watching for file changes with StatReloader
C:\Users\curti\Project Management\Heritage Banking\course-project-group-3\course_project_group_3\accounts\views.py changed, reloading.
Watching for file changes with StatReloader
C:\Users\curti\Project Management\Heritage Banking\course-project-group-3\course_project_group_3\accounts\models.py changed, reloading.
Watching for file changes with StatReloader
C:\Users\curti\Project Management\Heritage Banking\course-project-group-3\course_project_group_3\accounts\models.py changed, reloading.
Watching for file changes with StatReloader
C:\Users\curti\Project Management\Heritage Banking\course-project-group-3\course_project_group_3\accounts\views.py changed, reloading.
Watching for file changes with StatReloader
"POST /generate_report/ HTTP/1.1" 200 2182
Internal Server Error: /generate_report/
Traceback (most recent call last):
  File "C:\Users\curti\anaconda3\envs\Django\Lib\site-packages\django\core\handlers\exception.py", line 55, in inner
    response = get_response(request)
               ^^^^^^^^^^^^^^^^^^^^^
  File "C:\Users\curti\anaconda3\envs\Django\Lib\site-packages\django\core\handlers\base.py", line 197, in _get_response
    response = wrapped_callback(request, *callback_args, **callback_kwargs)
               ^^^^^^^^^^^^^^^^^^^^^^^^^^^^^^^^^^^^^^^^^^^^^^^^^^^^^^^^^^^^
  File "C:\Users\curti\anaconda3\envs\Django\Lib\site-packages\django\views\decorators\http.py", line 64, in inner
    return func(request, *args, **kwargs)
           ^^^^^^^^^^^^^^^^^^^^^^^^^^^^^^
  File "C:\Users\curti\Project Management\Heritage Banking\course-project-group-3\course_project_group_3\accounts\views.py", line 155, in generate_report
    return generate_csv_report(request)
           ^^^^^^^^^^^^^^^^^^^^^^^^^^^^
  File "C:\Users\curti\Project Management\Heritage Banking\course-project-group-3\course_project_group_3\accounts\views.py", line 285, in generate_csv_report
    category = categorize_expenses(transaction)  # Define the "category" variable
               ^^^^^^^^^^^^^^^^^^^
NameError: name 'categorize_expenses' is not defined
"POST /generate_report/ HTTP/1.1" 500 86158
C:\Users\curti\Project Management\Heritage Banking\course-project-group-3\course_project_group_3\accounts\views.py changed, reloading.
Watching for file changes with StatReloader
C:\Users\curti\Project Management\Heritage Banking\course-project-group-3\course_project_group_3\accounts\views.py changed, reloading.
Watching for file changes with StatReloader
C:\Users\curti\Project Management\Heritage Banking\course-project-group-3\course_project_group_3\accounts\views.py changed, reloading.
Watching for file changes with StatReloader
"POST /generate_report/ HTTP/1.1" 200 54
"POST /generate_report/ HTTP/1.1" 200 54
C:\Users\curti\Project Management\Heritage Banking\course-project-group-3\course_project_group_3\accounts\views.py changed, reloading.
Watching for file changes with StatReloader
C:\Users\curti\Project Management\Heritage Banking\course-project-group-3\course_project_group_3\accounts\views.py changed, reloading.
Watching for file changes with StatReloader
C:\Users\curti\Project Management\Heritage Banking\course-project-group-3\course_project_group_3\accounts\views.py changed, reloading.
Watching for file changes with StatReloader
C:\Users\curti\Project Management\Heritage Banking\course-project-group-3\course_project_group_3\accounts\views.py changed, reloading.
Watching for file changes with StatReloader
C:\Users\curti\Project Management\Heritage Banking\course-project-group-3\course_project_group_3\accounts\views.py changed, reloading.
Watching for file changes with StatReloader
C:\Users\curti\Project Management\Heritage Banking\course-project-group-3\course_project_group_3\accounts\views.py changed, reloading.
Watching for file changes with StatReloader
C:\Users\curti\Project Management\Heritage Banking\course-project-group-3\course_project_group_3\accounts\views.py changed, reloading.
Watching for file changes with StatReloader
C:\Users\curti\Project Management\Heritage Banking\course-project-group-3\course_project_group_3\accounts\views.py changed, reloading.
Watching for file changes with StatReloader
C:\Users\curti\Project Management\Heritage Banking\course-project-group-3\course_project_group_3\accounts\views.py changed, reloading.
Watching for file changes with StatReloader
C:\Users\curti\Project Management\Heritage Banking\course-project-group-3\course_project_group_3\accounts\views.py changed, reloading.
Watching for file changes with StatReloader
C:\Users\curti\Project Management\Heritage Banking\course-project-group-3\course_project_group_3\accounts\views.py changed, reloading.
Watching for file changes with StatReloader
C:\Users\curti\Project Management\Heritage Banking\course-project-group-3\course_project_group_3\accounts\views.py changed, reloading.
Watching for file changes with StatReloader
C:\Users\curti\Project Management\Heritage Banking\course-project-group-3\course_project_group_3\accounts\views.py changed, reloading.
Watching for file changes with StatReloader
C:\Users\curti\Project Management\Heritage Banking\course-project-group-3\course_project_group_3\accounts\views.py changed, reloading.
Watching for file changes with StatReloader
"POST /generate_report/ HTTP/1.1" 200 507
C:\Users\curti\Project Management\Heritage Banking\course-project-group-3\course_project_group_3\accounts\views.py changed, reloading.
Watching for file changes with StatReloader
C:\Users\curti\Project Management\Heritage Banking\course-project-group-3\course_project_group_3\accounts\views.py changed, reloading.
Watching for file changes with StatReloader
Watching for file changes with StatReloader
"GET / HTTP/1.1" 200 22574
"GET /static/img/photo-1560472355-536de3962603.jpg HTTP/1.1" 404 1870
"GET /static/img/scenery/image1.jpg HTTP/1.1" 404 1825
"GET /static/main/css/baguetteBox-zoom.min.css HTTP/1.1" 404 1858
"GET /static/img/scenery/image4.jpg HTTP/1.1" 404 1825
"GET /static/img/scenery/image6.jpg HTTP/1.1" 404 1825
"GET /static/img/avatars/avatar1.jpg HTTP/1.1" 404 1828
"GET /static/img/avatars/avatar2.jpg HTTP/1.1" 404 1828
"GET /static/img/avatars/avatar3.jpg HTTP/1.1" 404 1828
"GET /accounts/ HTTP/1.1" 200 52992
"GET /static/fonts/dash/Nunito.css HTTP/1.1" 404 1822
"POST /create_deposit_transaction/ HTTP/1.1" 200 42079
"GET /static/fonts/dash/Nunito.css HTTP/1.1" 404 1822
"GET / HTTP/1.1" 200 22876
"GET /static/main/css/baguetteBox-zoom.min.css HTTP/1.1" 404 1858
"GET /static/img/photo-1560472355-536de3962603.jpg HTTP/1.1" 404 1870
"GET /static/img/scenery/image4.jpg HTTP/1.1" 404 1825
"GET /static/img/scenery/image1.jpg HTTP/1.1" 404 1825
"GET /static/img/scenery/image6.jpg HTTP/1.1" 404 1825
"GET /static/img/avatars/avatar1.jpg HTTP/1.1" 404 1828
"GET /static/img/avatars/avatar2.jpg HTTP/1.1" 404 1828
"GET /static/img/avatars/avatar3.jpg HTTP/1.1" 404 1828
- Broken pipe from ('127.0.0.1', 64093)
- Broken pipe from ('127.0.0.1', 64115)
"GET /accounts/ HTTP/1.1" 200 52992
"GET /static/fonts/dash/Nunito.css HTTP/1.1" 404 1822
"POST /create_deposit_transaction/ HTTP/1.1" 200 42079
"GET /static/fonts/dash/Nunito.css HTTP/1.1" 404 1822
"GET /accounts/ HTTP/1.1" 200 53161
"GET /static/fonts/dash/Nunito.css HTTP/1.1" 404 1822
C:\Users\curti\Project Management\Heritage Banking\course-project-group-3\course_project_group_3\accounts\models.py changed, reloading.
Watching for file changes with StatReloader
C:\Users\curti\Project Management\Heritage Banking\course-project-group-3\course_project_group_3\accounts\models.py changed, reloading.
Watching for file changes with StatReloader
"GET /accounts/ HTTP/1.1" 200 52992
"GET /static/fonts/dash/Nunito.css HTTP/1.1" 404 1822
"GET / HTTP/1.1" 200 22574
"GET /static/main/css/baguetteBox-zoom.min.css HTTP/1.1" 404 1858
"GET /static/img/photo-1560472355-536de3962603.jpg HTTP/1.1" 404 1870
"GET /static/img/scenery/image1.jpg HTTP/1.1" 404 1825
"GET /static/img/scenery/image4.jpg HTTP/1.1" 404 1825
"GET /static/img/scenery/image6.jpg HTTP/1.1" 404 1825
"GET /static/img/avatars/avatar1.jpg HTTP/1.1" 404 1828
"GET /static/img/avatars/avatar2.jpg HTTP/1.1" 404 1828
"GET /static/img/avatars/avatar3.jpg HTTP/1.1" 404 1828
- Broken pipe from ('127.0.0.1', 64467)
"GET /accounts/ HTTP/1.1" 200 52992
"GET /static/fonts/dash/Nunito.css HTTP/1.1" 404 1822
"GET /static/fonts/dash/Nunito.css HTTP/1.1" 404 1822
Internal Server Error: /accounts/
Traceback (most recent call last):
  File "C:\Users\curti\anaconda3\envs\Django\Lib\site-packages\django\core\handlers\exception.py", line 55, in inner
    response = get_response(request)
               ^^^^^^^^^^^^^^^^^^^^^
  File "C:\Users\curti\anaconda3\envs\Django\Lib\site-packages\django\core\handlers\base.py", line 197, in _get_response
    response = wrapped_callback(request, *callback_args, **callback_kwargs)
               ^^^^^^^^^^^^^^^^^^^^^^^^^^^^^^^^^^^^^^^^^^^^^^^^^^^^^^^^^^^^
  File "C:\Users\curti\Project Management\Heritage Banking\course-project-group-3\course_project_group_3\accounts\views.py", line 444, in wallet
    user_accounts = request.user.bank_accounts.all()
                    ^^^^^^^^^^^^^^^^^^^^^^^^^^
  File "C:\Users\curti\anaconda3\envs\Django\Lib\site-packages\django\utils\functional.py", line 253, in inner
    return func(_wrapped, *args)
           ^^^^^^^^^^^^^^^^^^^^^
AttributeError: 'AnonymousUser' object has no attribute 'bank_accounts'
"GET /accounts/ HTTP/1.1" 500 79281
Not Found: /favicon.ico
"GET /favicon.ico HTTP/1.1" 404 4653
"POST /create_deposit_transaction/ HTTP/1.1" 200 42079
"GET /static/fonts/dash/Nunito.css HTTP/1.1" 404 1822
C:\Users\curti\Project Management\Heritage Banking\course-project-group-3\course_project_group_3\accounts\models.py changed, reloading.
Watching for file changes with StatReloader
C:\Users\curti\Project Management\Heritage Banking\course-project-group-3\course_project_group_3\accounts\models.py changed, reloading.
Watching for file changes with StatReloader
C:\Users\curti\Project Management\Heritage Banking\course-project-group-3\course_project_group_3\accounts\views.py changed, reloading.
Watching for file changes with StatReloader
C:\Users\curti\Project Management\Heritage Banking\course-project-group-3\course_project_group_3\accounts\views.py changed, reloading.
Watching for file changes with StatReloader
C:\Users\curti\Project Management\Heritage Banking\course-project-group-3\course_project_group_3\accounts\models.py changed, reloading.
Watching for file changes with StatReloader
C:\Users\curti\Project Management\Heritage Banking\course-project-group-3\course_project_group_3\accounts\models.py changed, reloading.
Watching for file changes with StatReloader
C:\Users\curti\Project Management\Heritage Banking\course-project-group-3\course_project_group_3\accounts\models.py changed, reloading.
Watching for file changes with StatReloader
C:\Users\curti\Project Management\Heritage Banking\course-project-group-3\course_project_group_3\accounts\models.py changed, reloading.
Watching for file changes with StatReloader
C:\Users\curti\Project Management\Heritage Banking\course-project-group-3\course_project_group_3\accounts\models.py changed, reloading.
Watching for file changes with StatReloader
C:\Users\curti\Project Management\Heritage Banking\course-project-group-3\course_project_group_3\accounts\models.py changed, reloading.
Watching for file changes with StatReloader
C:\Users\curti\Project Management\Heritage Banking\course-project-group-3\course_project_group_3\accounts\models.py changed, reloading.
Watching for file changes with StatReloader
C:\Users\curti\Project Management\Heritage Banking\course-project-group-3\course_project_group_3\accounts\views.py changed, reloading.
Watching for file changes with StatReloader
C:\Users\curti\Project Management\Heritage Banking\course-project-group-3\course_project_group_3\accounts\views.py changed, reloading.
Watching for file changes with StatReloader
C:\Users\curti\Project Management\Heritage Banking\course-project-group-3\course_project_group_3\accounts\views.py changed, reloading.
Watching for file changes with StatReloader
C:\Users\curti\Project Management\Heritage Banking\course-project-group-3\course_project_group_3\accounts\views.py changed, reloading.
Watching for file changes with StatReloader
C:\Users\curti\Project Management\Heritage Banking\course-project-group-3\course_project_group_3\accounts\views.py changed, reloading.
Watching for file changes with StatReloader
"GET / HTTP/1.1" 200 22833
"GET /static/img/scenery/image1.jpg HTTP/1.1" 404 1825
"GET /static/img/photo-1560472355-536de3962603.jpg HTTP/1.1" 404 1870
"GET /static/main/css/baguetteBox-zoom.min.css HTTP/1.1" 404 1858
"GET /static/img/scenery/image4.jpg HTTP/1.1" 404 1825
"GET /static/img/avatars/avatar1.jpg HTTP/1.1" 404 1828
"GET /static/img/avatars/avatar2.jpg HTTP/1.1" 404 1828
"GET /static/img/scenery/image6.jpg HTTP/1.1" 404 1825
"GET /static/img/avatars/avatar3.jpg HTTP/1.1" 404 1828
C:\Users\curti\Project Management\Heritage Banking\course-project-group-3\course_project_group_3\accounts\models.py changed, reloading.
Watching for file changes with StatReloader
"GET / HTTP/1.1" 200 22574
"GET /static/img/scenery/image6.jpg HTTP/1.1" 404 1825
"GET /static/main/css/baguetteBox-zoom.min.css HTTP/1.1" 404 1858
"GET /static/img/scenery/image1.jpg HTTP/1.1" 404 1825
"GET /static/img/photo-1560472355-536de3962603.jpg HTTP/1.1" 404 1870
"GET /static/img/scenery/image4.jpg HTTP/1.1" 404 1825
"GET /static/img/avatars/avatar1.jpg HTTP/1.1" 404 1828
"GET /static/img/avatars/avatar2.jpg HTTP/1.1" 404 1828
"GET /static/img/avatars/avatar3.jpg HTTP/1.1" 404 1828
"GET /dashboard/ HTTP/1.1" 200 43033
"GET /static/fonts/dash/Nunito.css HTTP/1.1" 404 1822
"GET /accounts/ HTTP/1.1" 200 52992
"GET /static/fonts/dash/Nunito.css HTTP/1.1" 404 1822
"POST /create_deposit_transaction/ HTTP/1.1" 200 42079
"GET /static/fonts/dash/Nunito.css HTTP/1.1" 404 1822
C:\Users\curti\Project Management\Heritage Banking\course-project-group-3\course_project_group_3\accounts\models.py changed, reloading.
Watching for file changes with StatReloader
C:\Users\curti\Project Management\Heritage Banking\course-project-group-3\course_project_group_3\accounts\models.py changed, reloading.
Watching for file changes with StatReloader
C:\Users\curti\Project Management\Heritage Banking\course-project-group-3\course_project_group_3\accounts\models.py changed, reloading.
Watching for file changes with StatReloader
C:\Users\curti\Project Management\Heritage Banking\course-project-group-3\course_project_group_3\accounts\models.py changed, reloading.
Watching for file changes with StatReloader
C:\Users\curti\Project Management\Heritage Banking\course-project-group-3\course_project_group_3\accounts\models.py changed, reloading.
Watching for file changes with StatReloader
C:\Users\curti\Project Management\Heritage Banking\course-project-group-3\course_project_group_3\accounts\models.py changed, reloading.
Watching for file changes with StatReloader
C:\Users\curti\Project Management\Heritage Banking\course-project-group-3\course_project_group_3\accounts\models.py changed, reloading.
Watching for file changes with StatReloader
C:\Users\curti\Project Management\Heritage Banking\course-project-group-3\course_project_group_3\accounts\models.py changed, reloading.
Watching for file changes with StatReloader
C:\Users\curti\Project Management\Heritage Banking\course-project-group-3\course_project_group_3\accounts\models.py changed, reloading.
Watching for file changes with StatReloader
C:\Users\curti\Project Management\Heritage Banking\course-project-group-3\course_project_group_3\accounts\models.py changed, reloading.
Watching for file changes with StatReloader
C:\Users\curti\Project Management\Heritage Banking\course-project-group-3\course_project_group_3\accounts\models.py changed, reloading.
Watching for file changes with StatReloader
C:\Users\curti\Project Management\Heritage Banking\course-project-group-3\course_project_group_3\accounts\models.py changed, reloading.
Watching for file changes with StatReloader
C:\Users\curti\Project Management\Heritage Banking\course-project-group-3\course_project_group_3\accounts\models.py changed, reloading.
Watching for file changes with StatReloader
C:\Users\curti\Project Management\Heritage Banking\course-project-group-3\course_project_group_3\accounts\models.py changed, reloading.
Watching for file changes with StatReloader
Internal Server Error: /accounts/
Traceback (most recent call last):
  File "C:\Users\curti\anaconda3\envs\Django\Lib\site-packages\django\db\backends\utils.py", line 105, in _execute
    return self.cursor.execute(sql, params)
           ^^^^^^^^^^^^^^^^^^^^^^^^^^^^^^^^
psycopg2.errors.UndefinedColumn: column transactions.category does not exist
LINE 1: ...tions"."timestamp", "transactions"."description", "transacti...
                                                             ^


The above exception was the direct cause of the following exception:

Traceback (most recent call last):
  File "C:\Users\curti\anaconda3\envs\Django\Lib\site-packages\django\core\handlers\exception.py", line 55, in inner
    response = get_response(request)
               ^^^^^^^^^^^^^^^^^^^^^
  File "C:\Users\curti\anaconda3\envs\Django\Lib\site-packages\django\core\handlers\base.py", line 197, in _get_response
    response = wrapped_callback(request, *callback_args, **callback_kwargs)
               ^^^^^^^^^^^^^^^^^^^^^^^^^^^^^^^^^^^^^^^^^^^^^^^^^^^^^^^^^^^^
  File "C:\Users\curti\Project Management\Heritage Banking\course-project-group-3\course_project_group_3\accounts\views.py", line 447, in wallet
    return render(request, 'accounts/wallet.html', context)
           ^^^^^^^^^^^^^^^^^^^^^^^^^^^^^^^^^^^^^^^^^^^^^^^^
  File "C:\Users\curti\anaconda3\envs\Django\Lib\site-packages\django\shortcuts.py", line 25, in render
    content = loader.render_to_string(template_name, context, request, using=using)
              ^^^^^^^^^^^^^^^^^^^^^^^^^^^^^^^^^^^^^^^^^^^^^^^^^^^^^^^^^^^^^^^^^^^^^
  File "C:\Users\curti\anaconda3\envs\Django\Lib\site-packages\django\template\loader.py", line 62, in render_to_string
    return template.render(context, request)
           ^^^^^^^^^^^^^^^^^^^^^^^^^^^^^^^^^
  File "C:\Users\curti\anaconda3\envs\Django\Lib\site-packages\django\template\backends\django.py", line 61, in render
    return self.template.render(context)
           ^^^^^^^^^^^^^^^^^^^^^^^^^^^^^
  File "C:\Users\curti\anaconda3\envs\Django\Lib\site-packages\django\template\base.py", line 171, in render
    return self._render(context)
           ^^^^^^^^^^^^^^^^^^^^^
  File "C:\Users\curti\anaconda3\envs\Django\Lib\site-packages\django\template\base.py", line 163, in _render
    return self.nodelist.render(context)
           ^^^^^^^^^^^^^^^^^^^^^^^^^^^^^
  File "C:\Users\curti\anaconda3\envs\Django\Lib\site-packages\django\template\base.py", line 1000, in render
    return SafeString("".join([node.render_annotated(context) for node in self]))
                               ^^^^^^^^^^^^^^^^^^^^^^^^^^^^^^
  File "C:\Users\curti\anaconda3\envs\Django\Lib\site-packages\django\template\base.py", line 961, in render_annotated
    return self.render(context)
           ^^^^^^^^^^^^^^^^^^^^
  File "C:\Users\curti\anaconda3\envs\Django\Lib\site-packages\django\template\loader_tags.py", line 159, in render
    return compiled_parent._render(context)
           ^^^^^^^^^^^^^^^^^^^^^^^^^^^^^^^^
  File "C:\Users\curti\anaconda3\envs\Django\Lib\site-packages\django\template\base.py", line 163, in _render
    return self.nodelist.render(context)
           ^^^^^^^^^^^^^^^^^^^^^^^^^^^^^
  File "C:\Users\curti\anaconda3\envs\Django\Lib\site-packages\django\template\base.py", line 1000, in render
    return SafeString("".join([node.render_annotated(context) for node in self]))
                               ^^^^^^^^^^^^^^^^^^^^^^^^^^^^^^
  File "C:\Users\curti\anaconda3\envs\Django\Lib\site-packages\django\template\base.py", line 961, in render_annotated
    return self.render(context)
           ^^^^^^^^^^^^^^^^^^^^
  File "C:\Users\curti\anaconda3\envs\Django\Lib\site-packages\django\template\loader_tags.py", line 65, in render
    result = block.nodelist.render(context)
             ^^^^^^^^^^^^^^^^^^^^^^^^^^^^^^
  File "C:\Users\curti\anaconda3\envs\Django\Lib\site-packages\django\template\base.py", line 1000, in render
    return SafeString("".join([node.render_annotated(context) for node in self]))
                               ^^^^^^^^^^^^^^^^^^^^^^^^^^^^^^
  File "C:\Users\curti\anaconda3\envs\Django\Lib\site-packages\django\template\base.py", line 961, in render_annotated
    return self.render(context)
           ^^^^^^^^^^^^^^^^^^^^
  File "C:\Users\curti\anaconda3\envs\Django\Lib\site-packages\django\template\defaulttags.py", line 242, in render
    nodelist.append(node.render_annotated(context))
                    ^^^^^^^^^^^^^^^^^^^^^^^^^^^^^^
  File "C:\Users\curti\anaconda3\envs\Django\Lib\site-packages\django\template\base.py", line 961, in render_annotated
    return self.render(context)
           ^^^^^^^^^^^^^^^^^^^^
  File "C:\Users\curti\anaconda3\envs\Django\Lib\site-packages\django\template\defaulttags.py", line 326, in render
    return nodelist.render(context)
           ^^^^^^^^^^^^^^^^^^^^^^^^
  File "C:\Users\curti\anaconda3\envs\Django\Lib\site-packages\django\template\base.py", line 1000, in render
    return SafeString("".join([node.render_annotated(context) for node in self]))
                               ^^^^^^^^^^^^^^^^^^^^^^^^^^^^^^
  File "C:\Users\curti\anaconda3\envs\Django\Lib\site-packages\django\template\base.py", line 961, in render_annotated
    return self.render(context)
           ^^^^^^^^^^^^^^^^^^^^
  File "C:\Users\curti\anaconda3\envs\Django\Lib\site-packages\django\template\defaulttags.py", line 198, in render
    len_values = len(values)
                 ^^^^^^^^^^^
  File "C:\Users\curti\anaconda3\envs\Django\Lib\site-packages\django\db\models\query.py", line 382, in __len__
    self._fetch_all()
  File "C:\Users\curti\anaconda3\envs\Django\Lib\site-packages\django\db\models\query.py", line 1928, in _fetch_all
    self._result_cache = list(self._iterable_class(self))
                         ^^^^^^^^^^^^^^^^^^^^^^^^^^^^^^^^
  File "C:\Users\curti\anaconda3\envs\Django\Lib\site-packages\django\db\models\query.py", line 91, in __iter__
    results = compiler.execute_sql(
              ^^^^^^^^^^^^^^^^^^^^^
  File "C:\Users\curti\anaconda3\envs\Django\Lib\site-packages\django\db\models\sql\compiler.py", line 1562, in execute_sql
    cursor.execute(sql, params)
  File "C:\Users\curti\anaconda3\envs\Django\Lib\site-packages\django\db\backends\utils.py", line 122, in execute
    return super().execute(sql, params)
           ^^^^^^^^^^^^^^^^^^^^^^^^^^^^
  File "C:\Users\curti\anaconda3\envs\Django\Lib\site-packages\django\db\backends\utils.py", line 79, in execute
    return self._execute_with_wrappers(
           ^^^^^^^^^^^^^^^^^^^^^^^^^^^^
  File "C:\Users\curti\anaconda3\envs\Django\Lib\site-packages\django\db\backends\utils.py", line 92, in _execute_with_wrappers
    return executor(sql, params, many, context)
           ^^^^^^^^^^^^^^^^^^^^^^^^^^^^^^^^^^^^
  File "C:\Users\curti\anaconda3\envs\Django\Lib\site-packages\django\db\backends\utils.py", line 100, in _execute
    with self.db.wrap_database_errors:
  File "C:\Users\curti\anaconda3\envs\Django\Lib\site-packages\django\db\utils.py", line 91, in __exit__
    raise dj_exc_value.with_traceback(traceback) from exc_value
  File "C:\Users\curti\anaconda3\envs\Django\Lib\site-packages\django\db\backends\utils.py", line 105, in _execute
    return self.cursor.execute(sql, params)
           ^^^^^^^^^^^^^^^^^^^^^^^^^^^^^^^^
django.db.utils.ProgrammingError: column transactions.category does not exist
LINE 1: ...tions"."timestamp", "transactions"."description", "transacti...
                                                             ^

"GET /accounts/ HTTP/1.1" 500 242517
C:\Users\curti\Project Management\Heritage Banking\course-project-group-3\course_project_group_3\accounts\models.py changed, reloading.
Watching for file changes with StatReloader
"GET /accounts/ HTTP/1.1" 200 52992
"GET /static/fonts/dash/Nunito.css HTTP/1.1" 404 1822
"POST /create_deposit_transaction/ HTTP/1.1" 200 42079
"GET /static/fonts/dash/Nunito.css HTTP/1.1" 404 1822
"GET / HTTP/1.1" 200 22876
"GET /static/main/css/baguetteBox-zoom.min.css HTTP/1.1" 404 1858
"GET /static/img/photo-1560472355-536de3962603.jpg HTTP/1.1" 404 1870
"GET /static/img/scenery/image1.jpg HTTP/1.1" 404 1825
"GET /static/img/avatars/avatar1.jpg HTTP/1.1" 404 1828
"GET /static/img/scenery/image4.jpg HTTP/1.1" 404 1825
"GET /static/img/scenery/image6.jpg HTTP/1.1" 404 1825
"GET /static/img/avatars/avatar2.jpg HTTP/1.1" 404 1828
"GET /static/img/avatars/avatar3.jpg HTTP/1.1" 404 1828
"GET /accounts/ HTTP/1.1" 200 52992
"GET /static/fonts/dash/Nunito.css HTTP/1.1" 404 1822
"POST /create_deposit_transaction/ HTTP/1.1" 200 42079
"GET /static/fonts/dash/Nunito.css HTTP/1.1" 404 1822
C:\Users\curti\Project Management\Heritage Banking\course-project-group-3\course_project_group_3\accounts\views.py changed, reloading.
Watching for file changes with StatReloader
C:\Users\curti\Project Management\Heritage Banking\course-project-group-3\course_project_group_3\accounts\views.py changed, reloading.
Watching for file changes with StatReloader
"GET /dashboard/ HTTP/1.1" 200 43033
"GET /static/fonts/dash/Nunito.css HTTP/1.1" 404 1822
"GET /accounts/ HTTP/1.1" 200 53164
"GET /static/fonts/dash/Nunito.css HTTP/1.1" 404 1822
"POST /create_deposit_transaction/ HTTP/1.1" 200 42079
"GET /static/fonts/dash/Nunito.css HTTP/1.1" 404 1822
"GET /dashboard/ HTTP/1.1" 200 43033
"GET /static/fonts/dash/Nunito.css HTTP/1.1" 404 1822
"GET /accounts/ HTTP/1.1" 200 53164
"GET /static/fonts/dash/Nunito.css HTTP/1.1" 404 1822
"GET /dashboard/ HTTP/1.1" 200 43033
"GET /static/fonts/dash/Nunito.css HTTP/1.1" 404 1822
"GET /profile/ HTTP/1.1" 200 31610
"GET /static/fonts/dash/Nunito.css HTTP/1.1" 404 1822
"GET /profile/?username=crystal_lake_killa&email=hockeymask80%40gmail.com&first_name=Jason&last_name=Voorhees HTTP/1.1" 200 31610
"GET /static/fonts/dash/Nunito.css HTTP/1.1" 404 1822
"GET /profile/ HTTP/1.1" 200 31610
"GET /static/fonts/dash/Nunito.css HTTP/1.1" 404 1822
"GET /profile/ HTTP/1.1" 200 31610
"GET /static/fonts/dash/Nunito.css HTTP/1.1" 404 1822
"GET /profile/ HTTP/1.1" 200 31610
"GET /static/fonts/dash/Nunito.css HTTP/1.1" 404 1822
"POST /create_bank_account/ HTTP/1.1" 302 0
"GET /accounts/ HTTP/1.1" 200 88189
"GET /static/fonts/dash/Nunito.css HTTP/1.1" 404 1822
"GET /accounts/ HTTP/1.1" 200 88003
"GET /static/fonts/dash/Nunito.css HTTP/1.1" 404 1822
"GET /dashboard/ HTTP/1.1" 200 43627
"GET /static/fonts/dash/Nunito.css HTTP/1.1" 404 1822
"GET /accounts/ HTTP/1.1" 200 88003
"GET /static/fonts/dash/Nunito.css HTTP/1.1" 404 1822
"GET /profile/ HTTP/1.1" 200 31610
"GET /static/fonts/dash/Nunito.css HTTP/1.1" 404 1822
